*BaseSeed:1045,Group:1
*CHUNK,SEED:1045,GROUP:B
1001,2,9
1002,1,8
1003,7,14
1004,3,10
1005,3,10
1006,5,12
1007,4,11
1008,1,8
1009,8,15
1010,8,15
1011,4,11
1012,7,14
1013,6,13
1014,4,11
1015,8,15
1016,5,12
1017,6,13
1018,2,9
1019,6,13
1020,1,8
1021,2,9
1022,5,12
1023,6,13
1024,2,9
1025,1,8
1026,4,11
1027,3,10
1028,3,10
1029,8,15
1030,8,15
1031,5,12
1032,7,14
1033,5,12
1034,3,10
1035,1,8
1036,7,14
1037,4,11
1038,7,14
1039,2,9
1040,6,13
*BREAK*
*CHUNK,GROUP:B
1041,1,8
1042,5,12
1043,2,9
1044,3,10
1045,3,10
1046,4,11
1047,4,11
1048,3,10
1049,4,11
1050,7,14
1051,6,13
1052,2,9
1053,4,11
1054,8,15
1055,7,14
1056,5,12
1057,6,13
1058,8,15
1059,8,15
1060,6,13
1061,5,12
1062,7,14
1063,2,9
1064,3,10
1065,1,8
1066,5,12
1067,1,8
1068,8,15
1069,2,9
1070,4,11
1071,7,14
1072,7,14
1073,6,13
1074,8,15
1075,1,8
1076,3,10
1077,6,13
1078,2,9
1079,5,12
1080,1,8
*BREAK*
*CHUNK,GROUP:A
1081,5,4
1082,4,3
1083,3,2
1084,6,5
1085,2,1
1086,6,5
1087,2,1
1088,3,2
1089,7,6
1090,3,2
1091,3,2
1092,7,6
1093,7,6
1094,8,7
1095,8,7
1096,4,3
1097,3,2
1098,8,7
1099,2,1
1100,6,5
1101,5,4
1102,1,0
1103,6,5
1104,1,0
1105,4,3
1106,2,1
1107,1,0
1108,2,1
1109,1,0
1110,6,5
1111,5,4
1112,7,6
1113,8,7
1114,7,6
1115,4,3
1116,5,4
1117,5,4
1118,4,3
1119,8,7
1120,1,0
*BREAK*
*CHUNK,GROUP:A
1121,8,7
1122,4,3
1123,6,5
1124,3,2
1125,4,3
1126,1,0
1127,6,5
1128,2,1
1129,1,0
1130,2,1
1131,6,5
1132,6,5
1133,2,1
1134,4,3
1135,8,7
1136,7,6
1137,3,2
1138,2,1
1139,1,0
1140,8,7
1141,4,3
1142,5,4
1143,5,4
1144,6,5
1145,7,6
1146,8,7
1147,5,4
1148,3,2
1149,3,2
1150,7,6
1151,5,4
1152,7,6
1153,4,3
1154,2,1
1155,7,6
1156,5,4
1157,1,0
1158,8,7
1159,1,0
1160,3,2
*BREAK*
*CHUNK,GROUP:B
1161,8,15
1162,5,12
1163,7,14
1164,1,8
1165,3,10
1166,6,13
1167,3,10
1168,4,11
1169,5,12
1170,1,8
1171,6,13
1172,6,13
1173,4,11
1174,6,13
1175,5,12
1176,3,10
1177,2,9
1178,5,12
1179,4,11
1180,4,11
1181,8,15
1182,2,9
1183,7,14
1184,3,10
1185,2,9
1186,5,12
1187,8,15
1188,1,8
1189,1,8
1190,7,14
1191,4,11
1192,7,14
1193,7,14
1194,3,10
1195,1,8
1196,6,13
1197,8,15
1198,2,9
1199,2,9
1200,8,15
*BREAK*
*CHUNK,GROUP:B
1201,3,10
1202,6,13
1203,5,12
1204,1,8
1205,5,12
1206,6,13
1207,5,12
1208,8,15
1209,1,8
1210,4,11
1211,1,8
1212,5,12
1213,4,11
1214,1,8
1215,8,15
1216,7,14
1217,2,9
1218,1,8
1219,2,9
1220,6,13
1221,2,9
1222,4,11
1223,7,14
1224,3,10
1225,7,14
1226,3,10
1227,8,15
1228,6,13
1229,6,13
1230,2,9
1231,5,12
1232,3,10
1233,8,15
1234,8,15
1235,4,11
1236,7,14
1237,2,9
1238,7,14
1239,3,10
1240,4,11
*BREAK*
*CHUNK,GROUP:A
1241,2,1
1242,1,0
1243,2,1
1244,6,5
1245,5,4
1246,8,7
1247,2,1
1248,6,5
1249,3,2
1250,1,0
1251,4,3
1252,8,7
1253,7,6
1254,3,2
1255,7,6
1256,6,5
1257,4,3
1258,8,7
1259,2,1
1260,8,7
1261,8,7
1262,1,0
1263,4,3
1264,7,6
1265,5,4
1266,1,0
1267,7,6
1268,4,3
1269,3,2
1270,3,2
1271,5,4
1272,1,0
1273,7,6
1274,5,4
1275,4,3
1276,5,4
1277,3,2
1278,2,1
1279,6,5
1280,6,5
*BREAK*
*CHUNK,GROUP:A
1281,1,0
1282,4,3
1283,4,3
1284,6,5
1285,4,3
1286,2,1
1287,1,0
1288,6,5
1289,7,6
1290,6,5
1291,5,4
1292,3,2
1293,8,7
1294,6,5
1295,7,6
1296,2,1
1297,1,0
1298,8,7
1299,1,0
1300,7,6
1301,4,3
1302,8,7
1303,8,7
1304,7,6
1305,3,2
1306,7,6
1307,2,1
1308,1,0
1309,3,2
1310,5,4
1311,8,7
1312,5,4
1313,2,1
1314,5,4
1315,5,4
1316,6,5
1317,3,2
1318,2,1
1319,3,2
1320,4,3
*BREAK*
*CHUNK,GROUP:B
1321,7,14
1322,2,9
1323,6,13
1324,8,15
1325,4,11
1326,6,13
1327,2,9
1328,6,13
1329,8,15
1330,7,14
1331,8,15
1332,1,8
1333,8,15
1334,3,10
1335,1,8
1336,5,12
1337,5,12
1338,3,10
1339,3,10
1340,3,10
1341,8,15
1342,7,14
1343,5,12
1344,2,9
1345,6,13
1346,7,14
1347,3,10
1348,7,14
1349,5,12
1350,6,13
1351,4,11
1352,2,9
1353,4,11
1354,1,8
1355,1,8
1356,4,11
1357,4,11
1358,2,9
1359,1,8
1360,5,12
*BREAK*
*CHUNK,GROUP:B
1361,4,11
1362,4,11
1363,3,10
1364,2,9
1365,7,14
1366,1,8
1367,6,13
1368,1,8
1369,2,9
1370,8,15
1371,7,14
1372,5,12
1373,3,10
1374,4,11
1375,6,13
1376,2,9
1377,4,11
1378,6,13
1379,7,14
1380,4,11
1381,1,8
1382,8,15
1383,8,15
1384,5,12
1385,3,10
1386,5,12
1387,3,10
1388,1,8
1389,3,10
1390,2,9
1391,2,9
1392,1,8
1393,5,12
1394,7,14
1395,7,14
1396,6,13
1397,5,12
1398,8,15
1399,6,13
1400,8,15
*BREAK*
*CHUNK,GROUP:A
1401,1,0
1402,6,5
1403,4,3
1404,7,6
1405,3,2
1406,6,5
1407,7,6
1408,6,5
1409,2,1
1410,2,1
1411,5,4
1412,6,5
1413,3,2
1414,4,3
1415,1,0
1416,4,3
1417,3,2
1418,3,2
1419,4,3
1420,2,1
1421,5,4
1422,1,0
1423,5,4
1424,5,4
1425,2,1
1426,3,2
1427,8,7
1428,7,6
1429,6,5
1430,8,7
1431,8,7
1432,2,1
1433,5,4
1434,7,6
1435,8,7
1436,1,0
1437,1,0
1438,7,6
1439,4,3
1440,8,7
*BREAK*
*CHUNK,GROUP:A
1441,3,2
1442,2,1
1443,5,4
1444,8,7
1445,3,2
1446,5,4
1447,3,2
1448,8,7
1449,2,1
1450,4,3
1451,8,7
1452,1,0
1453,5,4
1454,5,4
1455,4,3
1456,3,2
1457,4,3
1458,2,1
1459,8,7
1460,7,6
1461,2,1
1462,4,3
1463,7,6
1464,1,0
1465,5,4
1466,6,5
1467,7,6
1468,7,6
1469,6,5
1470,6,5
1471,8,7
1472,6,5
1473,2,1
1474,1,0
1475,7,6
1476,3,2
1477,1,0
1478,4,3
1479,6,5
1480,1,0
*BREAK*
*CHUNK,GROUP:B
1481,1,8
1482,6,13
1483,3,10
1484,8,15
1485,2,9
1486,2,9
1487,5,12
1488,1,8
1489,3,10
1490,7,14
1491,6,13
1492,8,15
1493,4,11
1494,4,11
1495,1,8
1496,6,13
1497,5,12
1498,7,14
1499,1,8
1500,5,12
1501,2,9
1502,2,9
1503,2,9
1504,1,8
1505,3,10
1506,6,13
1507,4,11
1508,4,11
1509,7,14
1510,6,13
1511,7,14
1512,8,15
1513,3,10
1514,5,12
1515,3,10
1516,8,15
1517,7,14
1518,5,12
1519,4,11
1520,8,15
*BREAK*
*CHUNK,GROUP:B
1521,5,12
1522,7,14
1523,4,11
1524,7,14
1525,3,10
1526,7,14
1527,5,12
1528,5,12
1529,7,14
1530,8,15
1531,8,15
1532,4,11
1533,5,12
1534,2,9
1535,4,11
1536,3,10
1537,6,13
1538,1,8
1539,6,13
1540,5,12
1541,7,14
1542,2,9
1543,3,10
1544,8,15
1545,2,9
1546,4,11
1547,8,15
1548,1,8
1549,1,8
1550,8,15
1551,2,9
1552,1,8
1553,3,10
1554,3,10
1555,2,9
1556,4,11
1557,6,13
1558,6,13
1559,6,13
1560,1,8
*BREAK*
*CHUNK,GROUP:A
1561,5,4
1562,3,2
1563,6,5
1564,6,5
1565,3,2
1566,5,4
1567,2,1
1568,1,0
1569,7,6
1570,6,5
1571,3,2
1572,3,2
1573,5,4
1574,2,1
1575,8,7
1576,5,4
1577,1,0
1578,1,0
1579,2,1
1580,8,7
1581,4,3
1582,8,7
1583,7,6
1584,4,3
1585,4,3
1586,2,1
1587,2,1
1588,7,6
1589,3,2
1590,6,5
1591,7,6
1592,1,0
1593,4,3
1594,6,5
1595,1,0
1596,7,6
1597,5,4
1598,8,7
1599,4,3
1600,8,7
*BREAK*
*CHUNK,GROUP:A
1601,5,4
1602,1,0
1603,1,0
1604,1,0
1605,7,6
1606,6,5
1607,7,6
1608,5,4
1609,8,7
1610,5,4
1611,7,6
1612,7,6
1613,3,2
1614,2,1
1615,5,4
1616,3,2
1617,6,5
1618,3,2
1619,2,1
1620,3,2
1621,6,5
1622,2,1
1623,7,6
1624,8,7
1625,2,1
1626,1,0
1627,4,3
1628,5,4
1629,4,3
1630,1,0
1631,3,2
1632,2,1
1633,6,5
1634,8,7
1635,4,3
1636,4,3
1637,8,7
1638,8,7
1639,4,3
1640,6,5
*BREAK*
*CHUNK,GROUP:B
1641,8,15
1642,2,9
1643,3,10
1644,4,11
1645,4,11
1646,1,8
1647,4,11
1648,6,13
1649,4,11
1650,7,14
1651,5,12
1652,6,13
1653,3,10
1654,5,12
1655,3,10
1656,6,13
1657,6,13
1658,1,8
1659,8,15
1660,5,12
1661,8,15
1662,7,14
1663,5,12
1664,7,14
1665,2,9
1666,4,11
1667,1,8
1668,5,12
1669,3,10
1670,1,8
1671,8,15
1672,1,8
1673,7,14
1674,6,13
1675,3,10
1676,8,15
1677,2,9
1678,7,14
1679,2,9
1680,2,9
*BREAK*
*CHUNK,GROUP:B
1681,3,10
1682,8,15
1683,8,15
1684,5,12
1685,6,13
1686,4,11
1687,1,8
1688,2,9
1689,7,14
1690,1,8
1691,7,14
1692,1,8
1693,2,9
1694,4,11
1695,4,11
1696,3,10
1697,4,11
1698,6,13
1699,6,13
1700,6,13
1701,8,15
1702,5,12
1703,8,15
1704,2,9
1705,2,9
1706,1,8
1707,6,13
1708,7,14
1709,4,11
1710,2,9
1711,5,12
1712,5,12
1713,7,14
1714,3,10
1715,8,15
1716,1,8
1717,3,10
1718,7,14
1719,3,10
1720,5,12
