*BaseSeed:2000,Group:1
*CHUNK,SEED:2001,GROUP:B
1001,7,14
1002,5,12
1003,1,8
1004,7,14
1005,3,10
1006,7,14
1007,7,14
1008,2,9
1009,2,9
1010,1,8
1011,5,12
1012,1,8
1013,5,12
1014,6,13
1015,3,10
1016,6,13
1017,6,13
1018,7,14
1019,4,11
1020,7,14
1021,2,9
1022,2,9
1023,8,15
1024,5,12
1025,8,15
1026,1,8
1027,2,9
1028,2,9
1029,5,12
1030,5,12
*CHUNK,GROUP:B
1031,8,15
1032,8,15
1033,5,12
1034,5,12
1035,5,12
1036,2,9
1037,1,8
1038,8,15
1039,8,15
1040,1,8
1041,1,8
1042,6,13
1043,1,8
1044,6,13
1045,8,15
1046,5,12
1047,7,14
1048,7,14
1049,4,11
1050,4,11
1051,3,10
1052,4,11
1053,6,13
1054,8,15
1055,6,13
1056,6,13
1057,2,9
1058,5,12
1059,8,15
1060,2,9
*BREAK*
*CHUNK,SEED:2006,GROUP:B
1061,2,9
1062,7,14
1063,5,12
1064,8,15
1065,3,10
1066,6,13
1067,3,10
1068,6,13
1069,1,8
1070,2,9
1071,4,11
1072,4,11
1073,1,8
1074,2,9
1075,7,14
1076,4,11
1077,7,14
1078,4,11
1079,7,14
1080,1,8
1081,5,12
1082,8,15
1083,7,14
1084,8,15
1085,5,12
1086,1,8
1087,3,10
1088,1,8
1089,7,14
1090,5,12
*CHUNK,GROUP:B
1091,1,8
1092,5,12
1093,5,12
1094,6,13
1095,8,15
1096,3,10
1097,5,12
1098,5,12
1099,3,10
1100,2,9
1101,7,14
1102,6,13
1103,3,10
1104,8,15
1105,6,13
1106,5,12
1107,2,9
1108,1,8
1109,4,11
1110,1,8
1111,6,13
1112,1,8
1113,7,14
1114,6,13
1115,8,15
1116,1,8
1117,4,11
1118,1,8
1119,1,8
1120,1,8
*BREAK*
*CHUNK,SEED:2007,GROUP:A
1121,8,7
1122,3,2
1123,1,0
1124,5,4
1125,6,5
1126,1,0
1127,4,3
1128,7,6
1129,4,3
1130,6,5
1131,2,1
1132,3,2
1133,2,1
1134,6,5
1135,6,5
1136,3,2
1137,3,2
1138,2,1
1139,6,5
1140,7,6
1141,6,5
1142,5,4
1143,6,5
1144,3,2
1145,1,0
1146,7,6
1147,3,2
1148,2,1
1149,8,7
1150,7,6
*CHUNK,GROUP:A
1151,3,2
1152,3,2
1153,6,5
1154,3,2
1155,5,4
1156,8,7
1157,1,0
1158,1,0
1159,8,7
1160,7,6
1161,2,1
1162,5,4
1163,4,3
1164,5,4
1165,4,3
1166,7,6
1167,8,7
1168,4,3
1169,5,4
1170,6,5
1171,7,6
1172,1,0
1173,2,1
1174,5,4
1175,2,1
1176,7,6
1177,6,5
1178,3,2
1179,3,2
1180,2,1
*BREAK*
*CHUNK,SEED:2002,GROUP:A
1181,6,5
1182,8,7
1183,5,4
1184,4,3
1185,6,5
1186,2,1
1187,8,7
1188,3,2
1189,5,4
1190,5,4
1191,4,3
1192,8,7
1193,6,5
1194,2,1
1195,3,2
1196,6,5
1197,3,2
1198,5,4
1199,3,2
1200,4,3
1201,3,2
1202,7,6
1203,8,7
1204,8,7
1205,4,3
1206,7,6
1207,2,1
1208,3,2
1209,5,4
1210,6,5
*CHUNK,GROUP:A
1211,2,1
1212,5,4
1213,7,6
1214,2,1
1215,3,2
1216,7,6
1217,5,4
1218,4,3
1219,5,4
1220,6,5
1221,4,3
1222,6,5
1223,2,1
1224,4,3
1225,6,5
1226,7,6
1227,5,4
1228,2,1
1229,6,5
1230,2,1
1231,4,3
1232,3,2
1233,1,0
1234,8,7
1235,8,7
1236,3,2
1237,4,3
1238,7,6
1239,2,1
1240,3,2
*BREAK*
*CHUNK,SEED:2003,GROUP:B
1241,5,12
1242,4,11
1243,1,8
1244,1,8
1245,2,9
1246,5,12
1247,1,8
1248,4,11
1249,8,15
1250,8,15
1251,2,9
1252,7,14
1253,7,14
1254,6,13
1255,2,9
1256,5,12
1257,8,15
1258,3,10
1259,2,9
1260,1,8
1261,3,10
1262,3,10
1263,8,15
1264,2,9
1265,8,15
1266,6,13
1267,2,9
1268,5,12
1269,6,13
1270,8,15
*CHUNK,GROUP:B
1271,4,11
1272,3,10
1273,8,15
1274,7,14
1275,8,15
1276,4,11
1277,1,8
1278,8,15
1279,2,9
1280,3,10
1281,7,14
1282,6,13
1283,2,9
1284,1,8
1285,4,11
1286,1,8
1287,2,9
1288,6,13
1289,7,14
1290,7,14
1291,4,11
1292,3,10
1293,5,12
1294,7,14
1295,2,9
1296,1,8
1297,6,13
1298,2,9
1299,4,11
1300,5,12
*BREAK*
*CHUNK,SEED:2008,GROUP:B
1301,7,14
1302,7,14
1303,5,12
1304,2,9
1305,2,9
1306,4,11
1307,4,11
1308,8,15
1309,7,14
1310,1,8
1311,1,8
1312,2,9
1313,2,9
1314,2,9
1315,5,12
1316,3,10
1317,8,15
1318,8,15
1319,5,12
1320,4,11
1321,6,13
1322,1,8
1323,6,13
1324,5,12
1325,5,12
1326,5,12
1327,3,10
1328,3,10
1329,8,15
1330,8,15
*CHUNK,GROUP:B
1331,4,11
1332,1,8
1333,8,15
1334,8,15
1335,2,9
1336,5,12
1337,5,12
1338,5,12
1339,6,13
1340,4,11
1341,5,12
1342,5,12
1343,4,11
1344,2,9
1345,2,9
1346,8,15
1347,5,12
1348,8,15
1349,6,13
1350,4,11
1351,7,14
1352,8,15
1353,6,13
1354,5,12
1355,4,11
1356,4,11
1357,8,15
1358,6,13
1359,5,12
1360,3,10
*BREAK*
*CHUNK,SEED:2005,GROUP:A
1361,3,2
1362,3,2
1363,1,0
1364,3,2
1365,8,7
1366,3,2
1367,2,1
1368,6,5
1369,6,5
1370,7,6
1371,6,5
1372,5,4
1373,8,7
1374,6,5
1375,8,7
1376,4,3
1377,2,1
1378,7,6
1379,8,7
1380,4,3
1381,4,3
1382,4,3
1383,7,6
1384,6,5
1385,1,0
1386,2,1
1387,2,1
1388,7,6
1389,7,6
1390,3,2
*CHUNK,GROUP:A
1391,7,6
1392,7,6
1393,3,2
1394,1,0
1395,2,1
1396,6,5
1397,1,0
1398,1,0
1399,5,4
1400,5,4
1401,4,3
1402,6,5
1403,3,2
1404,3,2
1405,8,7
1406,4,3
1407,5,4
1408,5,4
1409,2,1
1410,3,2
1411,6,5
1412,2,1
1413,3,2
1414,6,5
1415,6,5
1416,4,3
1417,2,1
1418,7,6
1419,7,6
1420,7,6
*BREAK*
*CHUNK,SEED:2004,GROUP:A
1421,4,3
1422,8,7
1423,5,4
1424,6,5
1425,5,4
1426,8,7
1427,2,1
1428,5,4
1429,3,2
1430,4,3
1431,8,7
1432,6,5
1433,8,7
1434,2,1
1435,1,0
1436,5,4
1437,5,4
1438,1,0
1439,1,0
1440,7,6
1441,4,3
1442,8,7
1443,7,6
1444,4,3
1445,4,3
1446,4,3
1447,2,1
1448,6,5
1449,6,5
1450,2,1
*CHUNK,GROUP:A
1451,5,4
1452,1,0
1453,2,1
1454,4,3
1455,5,4
1456,1,0
1457,5,4
1458,5,4
1459,8,7
1460,8,7
1461,2,1
1462,6,5
1463,3,2
1464,6,5
1465,2,1
1466,2,1
1467,7,6
1468,2,1
1469,1,0
1470,5,4
1471,5,4
1472,2,1
1473,8,7
1474,7,6
1475,4,3
1476,6,5
1477,8,7
1478,4,3
1479,5,4
1480,6,5
*BREAK*
*CHUNK,SEED:2002,GROUP:B
1481,6,13
1482,8,15
1483,5,12
1484,4,11
1485,6,13
1486,2,9
1487,8,15
1488,3,10
1489,5,12
1490,5,12
1491,4,11
1492,8,15
1493,6,13
1494,2,9
1495,3,10
1496,6,13
1497,3,10
1498,5,12
1499,3,10
1500,4,11
1501,3,10
1502,7,14
1503,8,15
1504,8,15
1505,4,11
1506,7,14
1507,2,9
1508,3,10
1509,5,12
1510,6,13
*CHUNK,GROUP:B
1511,2,9
1512,5,12
1513,7,14
1514,2,9
1515,3,10
1516,7,14
1517,5,12
1518,4,11
1519,5,12
1520,6,13
1521,4,11
1522,6,13
1523,2,9
1524,4,11
1525,6,13
1526,7,14
1527,5,12
1528,2,9
1529,6,13
1530,2,9
1531,4,11
1532,3,10
1533,1,8
1534,8,15
1535,8,15
1536,3,10
1537,4,11
1538,7,14
1539,2,9
1540,3,10
*BREAK*
*CHUNK,SEED:2007,GROUP:B
1541,8,15
1542,3,10
1543,1,8
1544,5,12
1545,6,13
1546,1,8
1547,4,11
1548,7,14
1549,4,11
1550,6,13
1551,2,9
1552,3,10
1553,2,9
1554,6,13
1555,6,13
1556,3,10
1557,3,10
1558,2,9
1559,6,13
1560,7,14
1561,6,13
1562,5,12
1563,6,13
1564,3,10
1565,1,8
1566,7,14
1567,3,10
1568,2,9
1569,8,15
1570,7,14
*CHUNK,GROUP:B
1571,3,10
1572,3,10
1573,6,13
1574,3,10
1575,5,12
1576,8,15
1577,1,8
1578,1,8
1579,8,15
1580,7,14
1581,2,9
1582,5,12
1583,4,11
1584,5,12
1585,4,11
1586,7,14
1587,8,15
1588,4,11
1589,5,12
1590,6,13
1591,7,14
1592,1,8
1593,2,9
1594,5,12
1595,2,9
1596,7,14
1597,6,13
1598,3,10
1599,3,10
1600,2,9
*BREAK*
*CHUNK,SEED:2008,GROUP:A
1601,7,6
1602,7,6
1603,5,4
1604,2,1
1605,2,1
1606,4,3
1607,4,3
1608,8,7
1609,7,6
1610,1,0
1611,1,0
1612,2,1
1613,2,1
1614,2,1
1615,5,4
1616,3,2
1617,8,7
1618,8,7
1619,5,4
1620,4,3
1621,6,5
1622,1,0
1623,6,5
1624,5,4
1625,5,4
1626,5,4
1627,3,2
1628,3,2
1629,8,7
1630,8,7
*CHUNK,GROUP:A
1631,4,3
1632,1,0
1633,8,7
1634,8,7
1635,2,1
1636,5,4
1637,5,4
1638,5,4
1639,6,5
1640,4,3
1641,5,4
1642,5,4
1643,4,3
1644,2,1
1645,2,1
1646,8,7
1647,5,4
1648,8,7
1649,6,5
1650,4,3
1651,7,6
1652,8,7
1653,6,5
1654,5,4
1655,4,3
1656,4,3
1657,8,7
1658,6,5
1659,5,4
1660,3,2
*BREAK*
*CHUNK,SEED:2003,GROUP:A
1661,5,4
1662,4,3
1663,1,0
1664,1,0
1665,2,1
1666,5,4
1667,1,0
1668,4,3
1669,8,7
1670,8,7
1671,2,1
1672,7,6
1673,7,6
1674,6,5
1675,2,1
1676,5,4
1677,8,7
1678,3,2
1679,2,1
1680,1,0
1681,3,2
1682,3,2
1683,8,7
1684,2,1
1685,8,7
1686,6,5
1687,2,1
1688,5,4
1689,6,5
1690,8,7
*CHUNK,GROUP:A
1691,4,3
1692,3,2
1693,8,7
1694,7,6
1695,8,7
1696,4,3
1697,1,0
1698,8,7
1699,2,1
1700,3,2
1701,7,6
1702,6,5
1703,2,1
1704,1,0
1705,4,3
1706,1,0
1707,2,1
1708,6,5
1709,7,6
1710,7,6
1711,4,3
1712,3,2
1713,5,4
1714,7,6
1715,2,1
1716,1,0
1717,6,5
1718,2,1
1719,4,3
1720,5,4
*BREAK*
*CHUNK,SEED:2004,GROUP:B
1721,4,11
1722,8,15
1723,5,12
1724,6,13
1725,5,12
1726,8,15
1727,2,9
1728,5,12
1729,3,10
1730,4,11
1731,8,15
1732,6,13
1733,8,15
1734,2,9
1735,1,8
1736,5,12
1737,5,12
1738,1,8
1739,1,8
1740,7,14
1741,4,11
1742,8,15
1743,7,14
1744,4,11
1745,4,11
1746,4,11
1747,2,9
1748,6,13
1749,6,13
1750,2,9
*CHUNK,GROUP:B
1751,5,12
1752,1,8
1753,2,9
1754,4,11
1755,5,12
1756,1,8
1757,5,12
1758,5,12
1759,8,15
1760,8,15
1761,2,9
1762,6,13
1763,3,10
1764,6,13
1765,2,9
1766,2,9
1767,7,14
1768,2,9
1769,1,8
1770,5,12
1771,5,12
1772,2,9
1773,8,15
1774,7,14
1775,4,11
1776,6,13
1777,8,15
1778,4,11
1779,5,12
1780,6,13
*BREAK*
*CHUNK,SEED:2005,GROUP:B
1781,3,10
1782,3,10
1783,1,8
1784,3,10
1785,8,15
1786,3,10
1787,2,9
1788,6,13
1789,6,13
1790,7,14
1791,6,13
1792,5,12
1793,8,15
1794,6,13
1795,8,15
1796,4,11
1797,2,9
1798,7,14
1799,8,15
1800,4,11
1801,4,11
1802,4,11
1803,7,14
1804,6,13
1805,1,8
1806,2,9
1807,2,9
1808,7,14
1809,7,14
1810,3,10
*CHUNK,GROUP:B
1811,7,14
1812,7,14
1813,3,10
1814,1,8
1815,2,9
1816,6,13
1817,1,8
1818,1,8
1819,5,12
1820,5,12
1821,4,11
1822,6,13
1823,3,10
1824,3,10
1825,8,15
1826,4,11
1827,5,12
1828,5,12
1829,2,9
1830,3,10
1831,6,13
1832,2,9
1833,3,10
1834,6,13
1835,6,13
1836,4,11
1837,2,9
1838,7,14
1839,7,14
1840,7,14
*BREAK*
*CHUNK,SEED:2006,GROUP:A
1841,2,1
1842,7,6
1843,5,4
1844,8,7
1845,3,2
1846,6,5
1847,3,2
1848,6,5
1849,1,0
1850,2,1
1851,4,3
1852,4,3
1853,1,0
1854,2,1
1855,7,6
1856,4,3
1857,7,6
1858,4,3
1859,7,6
1860,1,0
1861,5,4
1862,8,7
1863,7,6
1864,8,7
1865,5,4
1866,1,0
1867,3,2
1868,1,0
1869,7,6
1870,5,4
*CHUNK,GROUP:A
1871,1,0
1872,5,4
1873,5,4
1874,6,5
1875,8,7
1876,3,2
1877,5,4
1878,5,4
1879,3,2
1880,2,1
1881,7,6
1882,6,5
1883,3,2
1884,8,7
1885,6,5
1886,5,4
1887,2,1
1888,1,0
1889,4,3
1890,1,0
1891,6,5
1892,1,0
1893,7,6
1894,6,5
1895,8,7
1896,1,0
1897,4,3
1898,1,0
1899,1,0
1900,1,0
*BREAK*
*CHUNK,SEED:2001,GROUP:A
1901,7,6
1902,5,4
1903,1,0
1904,7,6
1905,3,2
1906,7,6
1907,7,6
1908,2,1
1909,2,1
1910,1,0
1911,5,4
1912,1,0
1913,5,4
1914,6,5
1915,3,2
1916,6,5
1917,6,5
1918,7,6
1919,4,3
1920,7,6
1921,2,1
1922,2,1
1923,8,7
1924,5,4
1925,8,7
1926,1,0
1927,2,1
1928,2,1
1929,5,4
1930,5,4
*CHUNK,GROUP:A
1931,8,7
1932,8,7
1933,5,4
1934,5,4
1935,5,4
1936,2,1
1937,1,0
1938,8,7
1939,8,7
1940,1,0
1941,1,0
1942,6,5
1943,1,0
1944,6,5
1945,8,7
1946,5,4
1947,7,6
1948,7,6
1949,4,3
1950,4,3
1951,3,2
1952,4,3
1953,6,5
1954,8,7
1955,6,5
1956,6,5
1957,2,1
1958,5,4
1959,8,7
1960,2,1
