*BaseSeed:1006,Group:1
*CHUNK,SEED:1006,GROUP:B
1001,2,9
1002,5,12
1003,8,15
1004,2,9
1005,6,13
1006,1,8
1007,1,8
1008,7,14
1009,6,13
1010,5,12
1011,1,8
1012,3,10
1013,3,10
1014,2,9
1015,4,11
1016,8,15
1017,8,15
1018,4,11
1019,4,11
1020,7,14
1021,6,13
1022,5,12
1023,7,14
1024,3,10
*WARNING*
*CHUNK,GROUP:A
1025,7,6
1026,6,5
1027,2,1
1028,8,7
1029,7,6
1030,3,2
1031,1,0
1032,4,3
1033,8,7
1034,3,2
1035,5,4
1036,4,3
1037,1,0
1038,1,0
1039,5,4
1040,6,5
1041,3,2
1042,6,5
1043,5,4
1044,7,6
1045,4,3
1046,2,1
1047,2,1
1048,8,7
*CHUNK,GROUP:A
1049,3,2
1050,3,2
1051,6,5
1052,4,3
1053,1,0
1054,7,6
1055,4,3
1056,7,6
1057,4,3
1058,2,1
1059,2,1
1060,7,6
1061,5,4
1062,8,7
1063,8,7
1064,8,7
1065,1,0
1066,1,0
1067,2,1
1068,6,5
1069,5,4
1070,5,4
1071,6,5
1072,3,2
*CHUNK,GROUP:B
1073,4,11
1074,3,10
1075,8,15
1076,6,13
1077,2,9
1078,6,13
1079,4,11
1080,8,15
1081,1,8
1082,7,14
1083,3,10
1084,8,15
1085,6,13
1086,5,12
1087,7,14
1088,2,9
1089,4,11
1090,3,10
1091,7,14
1092,5,12
1093,2,9
1094,1,8
1095,5,12
1096,1,8
*BREAK*
*CHUNK,GROUP:B
1097,2,9
1098,2,9
1099,5,12
1100,1,8
1101,3,10
1102,6,13
1103,6,13
1104,4,11
1105,7,14
1106,4,11
1107,6,13
1108,1,8
1109,2,9
1110,5,12
1111,8,15
1112,5,12
1113,8,15
1114,1,8
1115,4,11
1116,7,14
1117,7,14
1118,3,10
1119,8,15
1120,3,10
*CHUNK,GROUP:B
1121,5,12
1122,3,10
1123,7,14
1124,5,12
1125,4,11
1126,8,15
1127,1,8
1128,4,11
1129,7,14
1130,6,13
1131,6,13
1132,3,10
1133,3,10
1134,1,8
1135,2,9
1136,2,9
1137,2,9
1138,6,13
1139,1,8
1140,5,12
1141,8,15
1142,7,14
1143,4,11
1144,8,15
*WARNING*
*CHUNK,GROUP:A
1145,5,4
1146,1,0
1147,3,2
1148,4,3
1149,5,4
1150,4,3
1151,2,1
1152,7,6
1153,7,6
1154,6,5
1155,8,7
1156,1,0
1157,4,3
1158,3,2
1159,2,1
1160,6,5
1161,8,7
1162,5,4
1163,6,5
1164,2,1
1165,1,0
1166,8,7
1167,7,6
1168,3,2
*CHUNK,GROUP:A
1169,5,4
1170,3,2
1171,2,1
1172,6,5
1173,4,3
1174,7,6
1175,7,6
1176,8,7
1177,2,1
1178,4,3
1179,5,4
1180,1,0
1181,3,2
1182,1,0
1183,7,6
1184,2,1
1185,6,5
1186,5,4
1187,4,3
1188,1,0
1189,8,7
1190,6,5
1191,3,2
1192,8,7
*CHUNK,GROUP:B
1193,4,11
1194,3,10
1195,7,14
1196,5,12
1197,1,8
1198,8,15
1199,8,15
1200,2,9
1201,2,9
1202,1,8
1203,5,12
1204,4,11
1205,7,14
1206,5,12
1207,6,13
1208,6,13
1209,7,14
1210,3,10
1211,4,11
1212,2,9
1213,1,8
1214,8,15
1215,6,13
1216,3,10
*CHUNK,GROUP:B
1217,8,15
1218,6,13
1219,8,15
1220,2,9
1221,1,8
1222,7,14
1223,2,9
1224,4,11
1225,1,8
1226,7,14
1227,4,11
1228,3,10
1229,5,12
1230,2,9
1231,6,13
1232,6,13
1233,7,14
1234,8,15
1235,5,12
1236,5,12
1237,1,8
1238,3,10
1239,3,10
1240,4,11
*CHUNK,GROUP:A
1241,8,7
1242,1,0
1243,2,1
1244,8,7
1245,1,0
1246,7,6
1247,2,1
1248,4,3
1249,6,5
1250,2,1
1251,8,7
1252,1,0
1253,7,6
1254,3,2
1255,6,5
1256,5,4
1257,4,3
1258,7,6
1259,6,5
1260,5,4
1261,3,2
1262,5,4
1263,3,2
1264,4,3
*BREAK*
*CHUNK,GROUP:A
1265,5,4
1266,7,6
1267,1,0
1268,2,1
1269,6,5
1270,7,6
1271,1,0
1272,5,4
1273,7,6
1274,4,3
1275,2,1
1276,3,2
1277,2,1
1278,8,7
1279,3,2
1280,5,4
1281,8,7
1282,6,5
1283,4,3
1284,4,3
1285,1,0
1286,3,2
1287,6,5
1288,8,7
*CHUNK,GROUP:A
1289,7,6
1290,4,3
1291,5,4
1292,4,3
1293,3,2
1294,8,7
1295,6,5
1296,8,7
1297,3,2
1298,8,7
1299,1,0
1300,7,6
1301,2,1
1302,1,0
1303,4,3
1304,6,5
1305,5,4
1306,5,4
1307,2,1
1308,7,6
1309,6,5
1310,2,1
1311,3,2
1312,1,0
*WARNING*
*CHUNK,GROUP:B
1313,6,13
1314,4,11
1315,6,13
1316,2,9
1317,7,14
1318,1,8
1319,7,14
1320,5,12
1321,4,11
1322,8,15
1323,5,12
1324,1,8
1325,6,13
1326,7,14
1327,2,9
1328,4,11
1329,3,10
1330,1,8
1331,8,15
1332,2,9
1333,8,15
1334,3,10
1335,3,10
1336,5,12
*CHUNK,GROUP:B
1337,1,8
1338,5,12
1339,1,8
1340,5,12
1341,8,15
1342,6,13
1343,2,9
1344,1,8
1345,2,9
1346,6,13
1347,4,11
1348,7,14
1349,3,10
1350,6,13
1351,3,10
1352,4,11
1353,8,15
1354,5,12
1355,2,9
1356,7,14
1357,4,11
1358,8,15
1359,3,10
1360,7,14
*CHUNK,GROUP:A
1361,8,7
1362,3,2
1363,6,5
1364,4,3
1365,1,0
1366,7,6
1367,5,4
1368,8,7
1369,3,2
1370,2,1
1371,8,7
1372,1,0
1373,6,5
1374,7,6
1375,1,0
1376,3,2
1377,5,4
1378,2,1
1379,7,6
1380,6,5
1381,2,1
1382,4,3
1383,4,3
1384,5,4
*CHUNK,GROUP:A
1385,4,3
1386,6,5
1387,3,2
1388,1,0
1389,4,3
1390,8,7
1391,6,5
1392,5,4
1393,5,4
1394,6,5
1395,7,6
1396,2,1
1397,2,1
1398,1,0
1399,7,6
1400,3,2
1401,8,7
1402,4,3
1403,7,6
1404,8,7
1405,5,4
1406,1,0
1407,3,2
1408,2,1
*WARNING*
*CHUNK,GROUP:B
1409,6,13
1410,2,9
1411,6,13
1412,4,11
1413,7,14
1414,1,8
1415,7,14
1416,2,9
1417,1,8
1418,3,10
1419,5,12
1420,3,10
1421,8,15
1422,2,9
1423,8,15
1424,4,11
1425,1,8
1426,5,12
1427,5,12
1428,7,14
1429,6,13
1430,3,10
1431,8,15
1432,4,11
*BREAK*
*CHUNK,GROUP:B
1433,1,8
1434,7,14
1435,3,10
1436,1,8
1437,6,13
1438,2,9
1439,1,8
1440,7,14
1441,7,14
1442,5,12
1443,3,10
1444,6,13
1445,4,11
1446,5,12
1447,8,15
1448,5,12
1449,2,9
1450,8,15
1451,4,11
1452,4,11
1453,3,10
1454,6,13
1455,2,9
1456,8,15
*CHUNK,GROUP:B
1457,8,15
1458,6,13
1459,1,8
1460,5,12
1461,3,10
1462,2,9
1463,1,8
1464,4,11
1465,8,15
1466,6,13
1467,7,14
1468,3,10
1469,8,15
1470,5,12
1471,7,14
1472,2,9
1473,1,8
1474,4,11
1475,3,10
1476,2,9
1477,6,13
1478,5,12
1479,4,11
1480,7,14
*CHUNK,GROUP:A
1481,1,0
1482,8,7
1483,5,4
1484,3,2
1485,3,2
1486,8,7
1487,2,1
1488,1,0
1489,1,0
1490,6,5
1491,7,6
1492,7,6
1493,2,1
1494,7,6
1495,3,2
1496,6,5
1497,5,4
1498,2,1
1499,8,7
1500,6,5
1501,4,3
1502,5,4
1503,4,3
1504,4,3
*CHUNK,GROUP:A
1505,8,7
1506,3,2
1507,1,0
1508,3,2
1509,4,3
1510,7,6
1511,1,0
1512,5,4
1513,6,5
1514,7,6
1515,4,3
1516,4,3
1517,6,5
1518,5,4
1519,7,6
1520,1,0
1521,6,5
1522,5,4
1523,2,1
1524,8,7
1525,2,1
1526,8,7
1527,2,1
1528,3,2
*WARNING*
*CHUNK,GROUP:B
1529,3,10
1530,2,9
1531,8,15
1532,1,8
1533,1,8
1534,4,11
1535,3,10
1536,5,12
1537,8,15
1538,1,8
1539,7,14
1540,4,11
1541,5,12
1542,3,10
1543,5,12
1544,6,13
1545,2,9
1546,4,11
1547,6,13
1548,7,14
1549,2,9
1550,8,15
1551,6,13
1552,7,14
*CHUNK,GROUP:B
1553,5,12
1554,6,13
1555,1,8
1556,4,11
1557,1,8
1558,7,14
1559,4,11
1560,3,10
1561,7,14
1562,3,10
1563,8,15
1564,1,8
1565,5,12
1566,7,14
1567,3,10
1568,6,13
1569,2,9
1570,2,9
1571,6,13
1572,4,11
1573,5,12
1574,2,9
1575,8,15
1576,8,15
*CHUNK,GROUP:A
1577,2,1
1578,7,6
1579,3,2
1580,8,7
1581,6,5
1582,5,4
1583,7,6
1584,8,7
1585,1,0
1586,3,2
1587,1,0
1588,4,3
1589,1,0
1590,2,1
1591,6,5
1592,5,4
1593,5,4
1594,8,7
1595,4,3
1596,4,3
1597,3,2
1598,2,1
1599,7,6
1600,6,5
*BREAK*
*CHUNK,GROUP:A
1601,6,5
1602,2,1
1603,7,6
1604,3,2
1605,5,4
1606,2,1
1607,4,3
1608,5,4
1609,4,3
1610,8,7
1611,1,0
1612,1,0
1613,8,7
1614,7,6
1615,1,0
1616,4,3
1617,6,5
1618,2,1
1619,8,7
1620,5,4
1621,6,5
1622,3,2
1623,3,2
1624,7,6
*CHUNK,GROUP:A
1625,6,5
1626,1,0
1627,5,4
1628,8,7
1629,4,3
1630,7,6
1631,7,6
1632,6,5
1633,4,3
1634,2,1
1635,3,2
1636,3,2
1637,1,0
1638,7,6
1639,5,4
1640,2,1
1641,3,2
1642,1,0
1643,8,7
1644,8,7
1645,4,3
1646,2,1
1647,5,4
1648,6,5
*WARNING*
*CHUNK,GROUP:B
1649,2,9
1650,2,9
1651,8,15
1652,3,10
1653,3,10
1654,3,10
1655,5,12
1656,1,8
1657,7,14
1658,4,11
1659,7,14
1660,8,15
1661,2,9
1662,1,8
1663,6,13
1664,5,12
1665,7,14
1666,4,11
1667,8,15
1668,5,12
1669,1,8
1670,6,13
1671,6,13
1672,4,11
*CHUNK,GROUP:B
1673,5,12
1674,2,9
1675,6,13
1676,7,14
1677,1,8
1678,8,15
1679,4,11
1680,4,11
1681,1,8
1682,7,14
1683,6,13
1684,1,8
1685,6,13
1686,2,9
1687,5,12
1688,8,15
1689,3,10
1690,7,14
1691,5,12
1692,8,15
1693,4,11
1694,3,10
1695,2,9
1696,3,10
*WARNING*
*CHUNK,GROUP:A
1697,1,0
1698,4,3
1699,2,1
1700,6,5
1701,7,6
1702,7,6
1703,1,0
1704,3,2
1705,4,3
1706,2,1
1707,8,7
1708,3,2
1709,7,6
1710,1,0
1711,8,7
1712,5,4
1713,5,4
1714,4,3
1715,6,5
1716,5,4
1717,2,1
1718,8,7
1719,6,5
1720,3,2
*CHUNK,GROUP:A
1721,7,6
1722,2,1
1723,3,2
1724,5,4
1725,3,2
1726,7,6
1727,3,2
1728,2,1
1729,6,5
1730,5,4
1731,1,0
1732,1,0
1733,8,7
1734,5,4
1735,4,3
1736,4,3
1737,8,7
1738,6,5
1739,8,7
1740,6,5
1741,4,3
1742,7,6
1743,1,0
1744,2,1
*CHUNK,GROUP:B
1745,2,9
1746,2,9
1747,3,10
1748,6,13
1749,8,15
1750,7,14
1751,5,12
1752,4,11
1753,5,12
1754,3,10
1755,3,10
1756,1,8
1757,1,8
1758,5,12
1759,1,8
1760,6,13
1761,4,11
1762,8,15
1763,8,15
1764,6,13
1765,4,11
1766,7,14
1767,2,9
1768,7,14
*CHUNK,GROUP:B
1769,4,11
1770,5,12
1771,4,11
1772,5,12
1773,7,14
1774,6,13
1775,7,14
1776,1,8
1777,2,9
1778,3,10
1779,6,13
1780,1,8
1781,4,11
1782,8,15
1783,1,8
1784,3,10
1785,6,13
1786,8,15
1787,2,9
1788,7,14
1789,3,10
1790,8,15
1791,5,12
1792,2,9
