*BaseSeed:100,Group:0
*CHUNK,GROUP:C
1001,3,2
1002,1,0
1003,6,5
1004,3,2
1005,6,5
1006,1,0
1007,1,0
1008,6,5
1009,2,1
1010,7,6
*CHUNK,GROUP:C
1011,1,0
1012,4,3
1013,5,4
1014,5,4
1015,2,1
1016,7,6
1017,2,1
1018,6,5
1019,2,1
1020,3,2
*CHUNK,GROUP:C
1021,5,4
1022,3,2
1023,8,13
1024,3,2
1025,7,6
1026,3,2
1027,8,13
1028,6,5
1029,2,1
1030,7,6
*CHUNK,GROUP:A
1031,4,6
1032,6,8
1033,2,4
1034,1,0
1035,6,8
1036,5,7
1037,1,0
1038,5,7
1039,4,6
1040,4,6
*CHUNK,GROUP:A
1041,2,4
1042,3,5
1043,2,4
1044,7,9
1045,2,4
1046,3,5
1047,8,13
1048,6,8
1049,3,5
1050,8,13
*CHUNK,GROUP:A
1051,8,13
1052,4,6
1053,5,7
1054,6,8
1055,3,5
1056,6,8
1057,1,0
1058,5,7
1059,4,6
1060,2,4
*CHUNK,GROUP:A
1061,4,6
1062,2,4
1063,4,6
1064,2,4
1065,6,8
1066,7,9
1067,8,13
1068,7,9
1069,4,6
1070,1,0
*CHUNK,GROUP:A
1071,1,0
1072,3,5
1073,2,4
1074,5,7
1075,6,8
1076,8,13
1077,7,9
1078,4,6
1079,4,6
1080,3,5
*CHUNK,GROUP:C
1081,5,4
1082,2,1
1083,8,13
1084,7,6
1085,6,5
1086,5,4
1087,8,13
1088,1,0
1089,7,6
1090,5,4
*CHUNK,GROUP:C
1091,4,3
1092,2,1
1093,3,2
1094,7,6
1095,8,13
1096,3,2
1097,2,1
1098,8,13
1099,8,13
1100,1,0
*BREAK*
*CHUNK,GROUP:C
1101,5,4
1102,2,1
1103,3,2
1104,2,1
1105,3,2
1106,1,0
1107,3,2
1108,6,5
1109,2,1
1110,2,1
*CHUNK,GROUP:C
1111,5,4
1112,7,6
1113,7,6
1114,6,5
1115,8,13
1116,5,4
1117,1,0
1118,3,2
1119,8,13
1120,5,4
*CHUNK,GROUP:C
1121,7,6
1122,2,1
1123,2,1
1124,4,3
1125,5,4
1126,5,4
1127,5,4
1128,5,4
1129,2,1
1130,7,6
*CHUNK,GROUP:C
1131,7,6
1132,8,13
1133,4,3
1134,4,3
1135,5,4
1136,4,3
1137,2,1
1138,1,0
1139,4,3
1140,2,1
*CHUNK,GROUP:B
1141,6,11
1142,2,1
1143,1,0
1144,5,10
1145,3,2
1146,8,13
1147,8,13
1148,3,2
1149,4,3
1150,8,13
*CHUNK,GROUP:B
1151,5,10
1152,1,0
1153,6,11
1154,1,0
1155,8,13
1156,2,1
1157,6,11
1158,7,12
1159,4,3
1160,6,11
*CHUNK,GROUP:B
1161,7,12
1162,6,11
1163,5,10
1164,2,1
1165,7,12
1166,8,13
1167,4,3
1168,8,13
1169,2,1
1170,7,12
*CHUNK,GROUP:B
1171,4,3
1172,3,2
1173,2,1
1174,5,10
1175,1,0
1176,6,11
1177,3,2
1178,7,12
1179,7,12
1180,5,10
*CHUNK,GROUP:B
1181,6,11
1182,8,13
1183,8,13
1184,5,10
1185,6,11
1186,2,1
1187,8,13
1188,2,1
1189,8,13
1190,6,11
*CHUNK,GROUP:D
1191,1,0
1192,4,9
1193,5,10
1194,7,12
1195,5,10
1196,7,12
1197,3,8
1198,4,9
1199,5,10
1200,5,10
*BREAK*
*CHUNK,GROUP:D
1201,4,9
1202,8,13
1203,6,11
1204,1,0
1205,7,12
1206,1,0
1207,6,11
1208,2,7
1209,5,10
1210,5,10
*CHUNK,GROUP:D
1211,2,7
1212,3,8
1213,7,12
1214,4,9
1215,3,8
1216,5,10
1217,2,7
1218,2,7
1219,4,9
1220,7,12
*CHUNK,GROUP:B
1221,3,2
1222,5,10
1223,6,11
1224,8,13
1225,6,11
1226,1,0
1227,6,11
1228,2,1
1229,5,10
1230,3,2
*CHUNK,GROUP:B
1231,6,11
1232,4,3
1233,6,11
1234,3,2
1235,3,2
1236,4,3
1237,7,12
1238,7,12
1239,4,3
1240,5,10
*CHUNK,GROUP:B
1241,3,2
1242,3,2
1243,6,11
1244,3,2
1245,5,10
1246,1,0
1247,6,11
1248,3,2
1249,7,12
1250,8,13
*CHUNK,GROUP:B
1251,4,3
1252,5,10
1253,7,12
1254,4,3
1255,4,3
1256,8,13
1257,8,13
1258,4,3
1259,8,13
1260,7,12
*CHUNK,GROUP:B
1261,8,13
1262,6,11
1263,1,0
1264,6,11
1265,8,13
1266,6,11
1267,4,3
1268,7,12
1269,1,0
1270,8,13
*CHUNK,GROUP:B
1271,5,10
1272,4,3
1273,5,10
1274,4,3
1275,1,0
1276,8,13
1277,3,2
1278,2,1
1279,1,0
1280,6,11
*CHUNK,GROUP:B
1281,4,3
1282,1,0
1283,7,12
1284,8,13
1285,8,13
1286,4,3
1287,6,11
1288,2,1
1289,7,12
1290,7,12
*CHUNK,GROUP:B
1291,2,1
1292,5,10
1293,4,3
1294,8,13
1295,8,13
1296,5,10
1297,5,10
1298,4,3
1299,4,3
1300,7,12
*BREAK*
*CHUNK,GROUP:D
1301,3,8
1302,8,13
1303,1,0
1304,1,0
1305,5,10
1306,6,11
1307,3,8
1308,7,12
1309,7,12
1310,6,11
*CHUNK,GROUP:D
1311,7,12
1312,8,13
1313,5,10
1314,6,11
1315,2,7
1316,5,10
1317,6,11
1318,7,12
1319,8,13
1320,1,0
*CHUNK,GROUP:D
1321,6,11
1322,1,0
1323,3,8
1324,1,0
1325,3,8
1326,3,8
1327,3,8
1328,7,12
1329,2,7
1330,5,10
*CHUNK,GROUP:D
1331,1,0
1332,1,0
1333,4,9
1334,8,13
1335,8,13
1336,1,0
1337,3,8
1338,5,10
1339,5,10
1340,8,13
*CHUNK,GROUP:D
1341,2,7
1342,7,12
1343,6,11
1344,3,8
1345,7,12
1346,5,10
1347,5,10
1348,5,10
1349,1,0
1350,4,9
*CHUNK,GROUP:D
1351,2,7
1352,3,8
1353,6,11
1354,2,7
1355,3,8
1356,4,9
1357,1,0
1358,6,11
1359,8,13
1360,6,11
*CHUNK,GROUP:D
1361,3,8
1362,2,7
1363,7,12
1364,4,9
1365,1,0
1366,2,7
1367,4,9
1368,3,8
1369,4,9
1370,4,9
*CHUNK,GROUP:D
1371,6,11
1372,3,8
1373,1,0
1374,3,8
1375,3,8
1376,1,0
1377,8,13
1378,6,11
1379,4,9
1380,2,7
*CHUNK,GROUP:A
1381,7,9
1382,4,6
1383,6,8
1384,1,0
1385,7,9
1386,5,7
1387,3,5
1388,8,13
1389,4,6
1390,7,9
*CHUNK,GROUP:A
1391,1,0
1392,2,4
1393,8,13
1394,7,9
1395,7,9
1396,2,4
1397,7,9
1398,4,6
1399,6,8
1400,5,7
*BREAK*
*CHUNK,GROUP:A
1401,4,6
1402,5,7
1403,2,4
1404,2,4
1405,4,6
1406,6,8
1407,5,7
1408,2,4
1409,1,0
1410,3,5
*CHUNK,GROUP:A
1411,6,8
1412,1,0
1413,2,4
1414,4,6
1415,2,4
1416,7,9
1417,8,13
1418,6,8
1419,7,9
1420,8,13
*CHUNK,GROUP:A
1421,4,6
1422,7,9
1423,1,0
1424,3,5
1425,7,9
1426,4,6
1427,3,5
1428,5,7
1429,2,4
1430,8,13
*CHUNK,GROUP:A
1431,3,5
1432,6,8
1433,7,9
1434,6,8
1435,1,0
1436,8,13
1437,6,8
1438,1,0
1439,4,6
1440,2,4
*CHUNK,GROUP:A
1441,6,8
1442,6,8
1443,8,13
1444,5,7
1445,1,0
1446,7,9
1447,7,9
1448,7,9
1449,8,13
1450,2,4
*CHUNK,GROUP:A
1451,3,5
1452,3,5
1453,5,7
1454,6,8
1455,4,6
1456,5,7
1457,8,13
1458,1,0
1459,6,8
1460,5,7
*CHUNK,GROUP:A
1461,6,8
1462,2,4
1463,5,7
1464,4,6
1465,1,0
1466,4,6
1467,1,0
1468,7,9
1469,6,8
1470,5,7
*CHUNK,GROUP:B
1471,2,1
1472,2,1
1473,8,13
1474,2,1
1475,1,0
1476,3,2
1477,4,3
1478,7,12
1479,8,13
1480,2,1
*CHUNK,GROUP:B
1481,3,2
1482,6,11
1483,1,0
1484,1,0
1485,4,3
1486,6,11
1487,3,2
1488,7,12
1489,3,2
1490,3,2
*CHUNK,GROUP:B
1491,7,12
1492,2,1
1493,5,10
1494,5,10
1495,6,11
1496,6,11
1497,2,1
1498,2,1
1499,4,3
1500,7,12
*BREAK*
*CHUNK,GROUP:B
1501,6,11
1502,8,13
1503,2,1
1504,2,1
1505,6,11
1506,8,13
1507,6,11
1508,5,10
1509,7,12
1510,3,2
*CHUNK,GROUP:B
1511,8,13
1512,8,13
1513,5,10
1514,2,1
1515,3,2
1516,5,10
1517,4,3
1518,3,2
1519,1,0
1520,2,1
*CHUNK,GROUP:B
1521,7,12
1522,5,10
1523,1,0
1524,1,0
1525,6,11
1526,1,0
1527,4,3
1528,4,3
1529,8,13
1530,1,0
*CHUNK,GROUP:B
1531,7,12
1532,1,0
1533,1,0
1534,8,13
1535,7,12
1536,6,11
1537,1,0
1538,7,12
1539,2,1
1540,2,1
*CHUNK,GROUP:B
1541,1,0
1542,7,12
1543,6,11
1544,4,3
1545,3,2
1546,5,10
1547,1,0
1548,8,13
1549,5,10
1550,7,12
*CHUNK,GROUP:B
1551,3,2
1552,2,1
1553,6,11
1554,3,2
1555,6,11
1556,3,2
1557,4,3
1558,4,3
1559,2,1
1560,3,2
*CHUNK,GROUP:D
1561,8,13
1562,2,7
1563,5,10
1564,2,7
1565,4,9
1566,1,0
1567,4,9
1568,8,13
1569,7,12
1570,3,8
*CHUNK,GROUP:D
1571,8,13
1572,1,0
1573,2,7
1574,7,12
1575,8,13
1576,8,13
1577,3,8
1578,7,12
1579,3,8
1580,8,13
*CHUNK,GROUP:D
1581,6,11
1582,7,12
1583,6,11
1584,8,13
1585,8,13
1586,8,13
1587,2,7
1588,3,8
1589,4,9
1590,7,12
*CHUNK,GROUP:D
1591,7,12
1592,6,11
1593,6,11
1594,3,8
1595,2,7
1596,6,11
1597,1,0
1598,6,11
1599,4,9
1600,5,10
*BREAK*
*CHUNK,GROUP:D
1601,8,13
1602,3,8
1603,4,9
1604,5,10
1605,8,13
1606,3,8
1607,5,10
1608,3,8
1609,6,11
1610,6,11
*CHUNK,GROUP:D
1611,5,10
1612,6,11
1613,5,10
1614,4,9
1615,3,8
1616,2,7
1617,2,7
1618,8,13
1619,4,9
1620,1,0
*CHUNK,GROUP:D
1621,1,0
1622,7,12
1623,1,0
1624,1,0
1625,7,12
1626,5,10
1627,4,9
1628,7,12
1629,4,9
1630,4,9
*CHUNK,GROUP:D
1631,6,11
1632,7,12
1633,3,8
1634,2,7
1635,7,12
1636,8,13
1637,5,10
1638,7,12
1639,1,0
1640,1,0
*CHUNK,GROUP:B
1641,8,13
1642,4,3
1643,7,12
1644,4,3
1645,2,1
1646,2,1
1647,1,0
1648,3,2
1649,7,12
1650,7,12
*CHUNK,GROUP:B
1651,4,3
1652,8,13
1653,4,3
1654,7,12
1655,3,2
1656,7,12
1657,4,3
1658,1,0
1659,1,0
1660,4,3
*CHUNK,GROUP:C
1661,3,2
1662,1,0
1663,8,13
1664,7,6
1665,8,13
1666,5,4
1667,7,6
1668,2,1
1669,2,1
1670,6,5
*CHUNK,GROUP:C
1671,3,2
1672,2,1
1673,8,13
1674,8,13
1675,7,6
1676,6,5
1677,8,13
1678,5,4
1679,2,1
1680,8,13
*CHUNK,GROUP:C
1681,6,5
1682,4,3
1683,3,2
1684,5,4
1685,4,3
1686,3,2
1687,1,0
1688,3,2
1689,3,2
1690,7,6
*CHUNK,GROUP:C
1691,8,13
1692,8,13
1693,3,2
1694,7,6
1695,7,6
1696,7,6
1697,1,0
1698,4,3
1699,4,3
1700,4,3
*BREAK*
*CHUNK,GROUP:C
1701,3,2
1702,4,3
1703,7,6
1704,3,2
1705,6,5
1706,8,13
1707,7,6
1708,5,4
1709,3,2
1710,5,4
*CHUNK,GROUP:C
1711,1,0
1712,1,0
1713,8,13
1714,2,1
1715,4,3
1716,4,3
1717,1,0
1718,3,2
1719,3,2
1720,8,13
*CHUNK,GROUP:C
1721,3,2
1722,3,2
1723,8,13
1724,2,1
1725,6,5
1726,8,13
1727,1,0
1728,4,3
1729,3,2
1730,5,4
*CHUNK,GROUP:C
1731,8,13
1732,6,5
1733,4,3
1734,2,1
1735,3,2
1736,3,2
1737,3,2
1738,4,3
1739,2,1
1740,1,0
*CHUNK,GROUP:D
1741,2,7
1742,7,12
1743,3,8
1744,7,12
1745,3,8
1746,3,8
1747,7,12
1748,6,11
1749,6,11
1750,6,11
*CHUNK,GROUP:D
1751,4,9
1752,6,11
1753,6,11
1754,2,7
1755,8,13
1756,8,13
1757,7,12
1758,8,13
1759,6,11
1760,5,10
*CHUNK,GROUP:C
1761,8,13
1762,8,13
1763,6,5
1764,4,3
1765,4,3
1766,5,4
1767,4,3
1768,4,3
1769,7,6
1770,2,1
*CHUNK,GROUP:C
1771,6,5
1772,5,4
1773,4,3
1774,7,6
1775,5,4
1776,3,2
1777,7,6
1778,4,3
1779,2,1
1780,3,2
*CHUNK,GROUP:C
1781,6,5
1782,2,1
1783,6,5
1784,4,3
1785,8,13
1786,6,5
1787,7,6
1788,4,3
1789,5,4
1790,1,0
*CHUNK,GROUP:C
1791,6,5
1792,8,13
1793,4,3
1794,4,3
1795,5,4
1796,8,13
1797,1,0
1798,2,1
1799,4,3
1800,5,4
*BREAK*
*CHUNK,GROUP:D
1801,7,12
1802,3,8
1803,4,9
1804,1,0
1805,6,11
1806,7,12
1807,2,7
1808,2,7
1809,8,13
1810,7,12
*CHUNK,GROUP:D
1811,7,12
1812,8,13
1813,7,12
1814,2,7
1815,2,7
1816,1,0
1817,3,8
1818,3,8
1819,1,0
1820,4,9
*CHUNK,GROUP:D
1821,4,9
1822,7,12
1823,4,9
1824,1,0
1825,2,7
1826,7,12
1827,8,13
1828,1,0
1829,7,12
1830,6,11
*CHUNK,GROUP:B
1831,8,13
1832,3,2
1833,3,2
1834,4,3
1835,7,12
1836,8,13
1837,4,3
1838,4,3
1839,5,10
1840,1,0
*CHUNK,GROUP:B
1841,6,11
1842,5,10
1843,1,0
1844,7,12
1845,3,2
1846,8,13
1847,7,12
1848,1,0
1849,3,2
1850,1,0
*CHUNK,GROUP:B
1851,7,12
1852,4,3
1853,8,13
1854,2,1
1855,2,1
1856,5,10
1857,4,3
1858,5,10
1859,8,13
1860,5,10
*CHUNK,GROUP:B
1861,3,2
1862,4,3
1863,6,11
1864,6,11
1865,3,2
1866,3,2
1867,6,11
1868,3,2
1869,3,2
1870,2,1
*CHUNK,GROUP:B
1871,1,0
1872,1,0
1873,6,11
1874,3,2
1875,1,0
1876,8,13
1877,3,2
1878,5,10
1879,6,11
1880,1,0
*CHUNK,GROUP:B
1881,8,13
1882,7,12
1883,6,11
1884,4,3
1885,5,10
1886,5,10
1887,8,13
1888,1,0
1889,5,10
1890,7,12
*CHUNK,GROUP:B
1891,7,12
1892,6,11
1893,3,2
1894,8,13
1895,2,1
1896,7,12
1897,2,1
1898,7,12
1899,5,10
1900,8,13
*BREAK*
*CHUNK,GROUP:A
1901,4,6
1902,3,5
1903,5,7
1904,5,7
1905,7,9
1906,1,0
1907,6,8
1908,4,6
1909,6,8
1910,1,0
*CHUNK,GROUP:A
1911,5,7
1912,1,0
1913,3,5
1914,2,4
1915,8,13
1916,8,13
1917,4,6
1918,2,4
1919,5,7
1920,6,8
*CHUNK,GROUP:A
1921,1,0
1922,2,4
1923,3,5
1924,4,6
1925,6,8
1926,1,0
1927,3,5
1928,4,6
1929,8,13
1930,2,4
*CHUNK,GROUP:A
1931,3,5
1932,5,7
1933,7,9
1934,7,9
1935,7,9
1936,7,9
1937,6,8
1938,5,7
1939,3,5
1940,3,5
*CHUNK,GROUP:A
1941,2,4
1942,4,6
1943,7,9
1944,5,7
1945,3,5
1946,5,7
1947,2,4
1948,3,5
1949,6,8
1950,2,4
*CHUNK,GROUP:A
1951,6,8
1952,4,6
1953,1,0
1954,3,5
1955,3,5
1956,8,13
1957,4,6
1958,3,5
1959,3,5
1960,4,6
*CHUNK,GROUP:A
1961,4,6
1962,6,8
1963,2,4
1964,7,9
1965,5,7
1966,3,5
1967,4,6
1968,4,6
1969,6,8
1970,3,5
*CHUNK,GROUP:D
1971,5,10
1972,6,11
1973,5,10
1974,2,7
1975,3,8
1976,5,10
1977,3,8
1978,1,0
1979,1,0
1980,5,10
*CHUNK,GROUP:D
1981,3,8
1982,6,11
1983,5,10
1984,2,7
1985,1,0
1986,6,11
1987,3,8
1988,3,8
1989,5,10
1990,3,8
*CHUNK,GROUP:D
1991,1,0
1992,2,7
1993,4,9
1994,5,10
1995,6,11
1996,2,7
1997,2,7
1998,4,9
1999,8,13
2000,4,9
