*BaseSeed:1024,Group:1
*CHUNK,SEED:1024,GROUP:B
1001,7,14
1002,2,9
1003,3,10
1004,5,12
1005,4,11
1006,8,15
1007,8,15
1008,8,15
1009,4,11
1010,7,14
1011,3,10
1012,2,9
1013,3,10
1014,5,12
1015,3,10
1016,5,12
1017,2,9
1018,6,13
1019,7,14
1020,8,15
1021,6,13
1022,4,11
1023,8,15
1024,2,9
1025,3,10
1026,2,9
1027,6,13
1028,1,8
1029,4,11
1030,5,12
1031,1,8
1032,1,8
1033,7,14
1034,6,13
1035,5,12
1036,1,8
1037,4,11
1038,1,8
1039,6,13
1040,7,14
*BREAK*
*CHUNK,GROUP:B
1041,4,11
1042,8,15
1043,6,13
1044,6,13
1045,2,9
1046,3,10
1047,7,14
1048,7,14
1049,8,15
1050,2,9
1051,8,15
1052,5,12
1053,7,14
1054,8,15
1055,2,9
1056,4,11
1057,4,11
1058,3,10
1059,5,12
1060,1,8
1061,5,12
1062,8,15
1063,4,11
1064,6,13
1065,6,13
1066,3,10
1067,3,10
1068,2,9
1069,5,12
1070,1,8
1071,3,10
1072,1,8
1073,4,11
1074,1,8
1075,1,8
1076,5,12
1077,2,9
1078,7,14
1079,7,14
1080,6,13
*BREAK*
*CHUNK,GROUP:A
1081,4,3
1082,6,5
1083,3,2
1084,1,0
1085,4,3
1086,8,7
1087,2,1
1088,7,6
1089,8,7
1090,8,7
1091,4,3
1092,4,3
1093,5,4
1094,5,4
1095,3,2
1096,6,5
1097,2,1
1098,2,1
1099,5,4
1100,2,1
1101,3,2
1102,5,4
1103,1,0
1104,6,5
1105,1,0
1106,6,5
1107,1,0
1108,7,6
1109,7,6
1110,8,7
1111,7,6
1112,8,7
1113,3,2
1114,6,5
1115,1,0
1116,3,2
1117,4,3
1118,5,4
1119,7,6
1120,2,1
*BREAK*
*CHUNK,GROUP:A
1121,3,2
1122,8,7
1123,1,0
1124,6,5
1125,5,4
1126,7,6
1127,3,2
1128,6,5
1129,2,1
1130,6,5
1131,2,1
1132,4,3
1133,5,4
1134,7,6
1135,4,3
1136,4,3
1137,4,3
1138,2,1
1139,5,4
1140,2,1
1141,8,7
1142,2,1
1143,1,0
1144,7,6
1145,3,2
1146,8,7
1147,3,2
1148,7,6
1149,5,4
1150,6,5
1151,4,3
1152,1,0
1153,5,4
1154,6,5
1155,8,7
1156,3,2
1157,7,6
1158,8,7
1159,1,0
1160,1,0
*BREAK*
*CHUNK,GROUP:B
1161,8,15
1162,1,8
1163,1,8
1164,3,10
1165,2,9
1166,7,14
1167,2,9
1168,5,12
1169,2,9
1170,8,15
1171,4,11
1172,5,12
1173,5,12
1174,8,15
1175,2,9
1176,4,11
1177,5,12
1178,6,13
1179,4,11
1180,1,8
1181,4,11
1182,4,11
1183,6,13
1184,2,9
1185,6,13
1186,8,15
1187,1,8
1188,6,13
1189,3,10
1190,3,10
1191,3,10
1192,7,14
1193,3,10
1194,8,15
1195,5,12
1196,7,14
1197,1,8
1198,7,14
1199,7,14
1200,6,13
*BREAK*
*CHUNK,GROUP:B
1201,5,12
1202,2,9
1203,2,9
1204,7,14
1205,8,15
1206,7,14
1207,7,14
1208,3,10
1209,1,8
1210,3,10
1211,7,14
1212,8,15
1213,8,15
1214,1,8
1215,4,11
1216,5,12
1217,2,9
1218,1,8
1219,1,8
1220,2,9
1221,3,10
1222,2,9
1223,3,10
1224,7,14
1225,8,15
1226,8,15
1227,6,13
1228,5,12
1229,6,13
1230,4,11
1231,4,11
1232,6,13
1233,1,8
1234,6,13
1235,5,12
1236,4,11
1237,5,12
1238,6,13
1239,4,11
1240,3,10
*BREAK*
*CHUNK,GROUP:A
1241,7,6
1242,8,7
1243,5,4
1244,2,1
1245,1,0
1246,6,5
1247,8,7
1248,4,3
1249,3,2
1250,8,7
1251,7,6
1252,5,4
1253,7,6
1254,1,0
1255,8,7
1256,3,2
1257,5,4
1258,1,0
1259,3,2
1260,3,2
1261,5,4
1262,6,5
1263,6,5
1264,3,2
1265,4,3
1266,2,1
1267,7,6
1268,2,1
1269,6,5
1270,8,7
1271,7,6
1272,4,3
1273,1,0
1274,6,5
1275,5,4
1276,1,0
1277,2,1
1278,4,3
1279,4,3
1280,2,1
*BREAK*
*CHUNK,GROUP:A
1281,6,5
1282,4,3
1283,4,3
1284,6,5
1285,1,0
1286,4,3
1287,2,1
1288,6,5
1289,6,5
1290,3,2
1291,3,2
1292,8,7
1293,1,0
1294,8,7
1295,3,2
1296,8,7
1297,2,1
1298,7,6
1299,4,3
1300,6,5
1301,5,4
1302,7,6
1303,2,1
1304,1,0
1305,2,1
1306,8,7
1307,7,6
1308,7,6
1309,3,2
1310,7,6
1311,5,4
1312,5,4
1313,1,0
1314,2,1
1315,5,4
1316,3,2
1317,1,0
1318,5,4
1319,4,3
1320,8,7
*BREAK*
*CHUNK,GROUP:B
1321,2,9
1322,4,11
1323,7,14
1324,1,8
1325,7,14
1326,2,9
1327,5,12
1328,1,8
1329,4,11
1330,5,12
1331,3,10
1332,5,12
1333,6,13
1334,6,13
1335,5,12
1336,3,10
1337,8,15
1338,4,11
1339,1,8
1340,2,9
1341,6,13
1342,2,9
1343,7,14
1344,1,8
1345,4,11
1346,3,10
1347,1,8
1348,7,14
1349,4,11
1350,6,13
1351,3,10
1352,2,9
1353,7,14
1354,8,15
1355,5,12
1356,8,15
1357,8,15
1358,8,15
1359,3,10
1360,6,13
*BREAK*
*CHUNK,GROUP:B
1361,5,12
1362,4,11
1363,2,9
1364,6,13
1365,5,12
1366,1,8
1367,6,13
1368,3,10
1369,8,15
1370,8,15
1371,2,9
1372,5,12
1373,4,11
1374,4,11
1375,7,14
1376,4,11
1377,2,9
1378,1,8
1379,1,8
1380,1,8
1381,2,9
1382,5,12
1383,6,13
1384,6,13
1385,3,10
1386,3,10
1387,7,14
1388,6,13
1389,7,14
1390,1,8
1391,8,15
1392,2,9
1393,3,10
1394,7,14
1395,3,10
1396,7,14
1397,8,15
1398,5,12
1399,4,11
1400,8,15
*BREAK*
*CHUNK,GROUP:A
1401,4,3
1402,8,7
1403,4,3
1404,3,2
1405,5,4
1406,8,7
1407,2,1
1408,5,4
1409,7,6
1410,7,6
1411,3,2
1412,5,4
1413,1,0
1414,3,2
1415,6,5
1416,5,4
1417,4,3
1418,7,6
1419,8,7
1420,2,1
1421,1,0
1422,6,5
1423,2,1
1424,6,5
1425,3,2
1426,1,0
1427,6,5
1428,6,5
1429,2,1
1430,1,0
1431,2,1
1432,7,6
1433,4,3
1434,3,2
1435,8,7
1436,5,4
1437,4,3
1438,1,0
1439,8,7
1440,7,6
*BREAK*
*CHUNK,GROUP:A
1441,4,3
1442,2,1
1443,4,3
1444,3,2
1445,4,3
1446,2,1
1447,5,4
1448,6,5
1449,8,7
1450,8,7
1451,4,3
1452,8,7
1453,7,6
1454,2,1
1455,3,2
1456,6,5
1457,1,0
1458,5,4
1459,8,7
1460,3,2
1461,2,1
1462,5,4
1463,5,4
1464,6,5
1465,4,3
1466,2,1
1467,6,5
1468,7,6
1469,1,0
1470,7,6
1471,6,5
1472,7,6
1473,1,0
1474,5,4
1475,1,0
1476,3,2
1477,7,6
1478,8,7
1479,1,0
1480,3,2
*BREAK*
*CHUNK,GROUP:B
1481,2,9
1482,6,13
1483,5,12
1484,2,9
1485,7,14
1486,8,15
1487,5,12
1488,6,13
1489,8,15
1490,6,13
1491,2,9
1492,4,11
1493,1,8
1494,7,14
1495,3,10
1496,7,14
1497,7,14
1498,1,8
1499,4,11
1500,1,8
1501,5,12
1502,4,11
1503,5,12
1504,5,12
1505,1,8
1506,2,9
1507,4,11
1508,8,15
1509,3,10
1510,3,10
1511,4,11
1512,7,14
1513,3,10
1514,8,15
1515,8,15
1516,6,13
1517,3,10
1518,1,8
1519,6,13
1520,2,9
*BREAK*
*CHUNK,GROUP:B
1521,2,9
1522,3,10
1523,2,9
1524,2,9
1525,2,9
1526,6,13
1527,8,15
1528,8,15
1529,6,13
1530,5,12
1531,7,14
1532,1,8
1533,1,8
1534,1,8
1535,4,11
1536,4,11
1537,7,14
1538,4,11
1539,7,14
1540,5,12
1541,7,14
1542,2,9
1543,6,13
1544,5,12
1545,5,12
1546,3,10
1547,7,14
1548,8,15
1549,3,10
1550,5,12
1551,1,8
1552,6,13
1553,4,11
1554,6,13
1555,1,8
1556,8,15
1557,3,10
1558,3,10
1559,8,15
1560,4,11
*BREAK*
*CHUNK,GROUP:A
1561,5,4
1562,6,5
1563,3,2
1564,2,1
1565,2,1
1566,1,0
1567,3,2
1568,8,7
1569,3,2
1570,2,1
1571,1,0
1572,2,1
1573,7,6
1574,5,4
1575,1,0
1576,6,5
1577,6,5
1578,3,2
1579,5,4
1580,4,3
1581,3,2
1582,7,6
1583,1,0
1584,4,3
1585,4,3
1586,6,5
1587,7,6
1588,1,0
1589,5,4
1590,8,7
1591,8,7
1592,8,7
1593,4,3
1594,6,5
1595,8,7
1596,5,4
1597,2,1
1598,7,6
1599,4,3
1600,7,6
*BREAK*
*CHUNK,GROUP:A
1601,5,4
1602,7,6
1603,4,3
1604,2,1
1605,4,3
1606,8,7
1607,2,1
1608,8,7
1609,5,4
1610,7,6
1611,2,1
1612,6,5
1613,4,3
1614,3,2
1615,6,5
1616,6,5
1617,6,5
1618,3,2
1619,1,0
1620,2,1
1621,8,7
1622,7,6
1623,4,3
1624,8,7
1625,7,6
1626,5,4
1627,6,5
1628,3,2
1629,1,0
1630,1,0
1631,8,7
1632,7,6
1633,2,1
1634,3,2
1635,5,4
1636,5,4
1637,4,3
1638,1,0
1639,3,2
1640,1,0
*BREAK*
*CHUNK,GROUP:B
1641,5,12
1642,5,12
1643,6,13
1644,7,14
1645,2,9
1646,4,11
1647,1,8
1648,6,13
1649,8,15
1650,2,9
1651,6,13
1652,1,8
1653,3,10
1654,4,11
1655,4,11
1656,8,15
1657,7,14
1658,3,10
1659,2,9
1660,2,9
1661,4,11
1662,1,8
1663,3,10
1664,8,15
1665,7,14
1666,5,12
1667,3,10
1668,8,15
1669,4,11
1670,3,10
1671,1,8
1672,7,14
1673,5,12
1674,2,9
1675,1,8
1676,6,13
1677,7,14
1678,5,12
1679,6,13
1680,8,15
*BREAK*
*CHUNK,GROUP:B
1681,6,13
1682,4,11
1683,5,12
1684,6,13
1685,4,11
1686,4,11
1687,5,12
1688,5,12
1689,4,11
1690,2,9
1691,2,9
1692,4,11
1693,1,8
1694,8,15
1695,8,15
1696,5,12
1697,3,10
1698,8,15
1699,2,9
1700,5,12
1701,2,9
1702,7,14
1703,7,14
1704,3,10
1705,1,8
1706,3,10
1707,8,15
1708,6,13
1709,1,8
1710,6,13
1711,8,15
1712,2,9
1713,7,14
1714,7,14
1715,6,13
1716,3,10
1717,1,8
1718,3,10
1719,7,14
1720,1,8
