*BaseSeed:1005,Group:0
*CHUNK,SEED:1005,GROUP:A
1001,3,2
1002,7,6
1003,2,1
1004,6,5
1005,6,5
1006,7,6
1007,5,4
1008,1,0
1009,8,7
1010,1,0
1011,2,1
1012,1,0
1013,7,6
1014,3,2
1015,6,5
1016,4,3
1017,3,2
1018,5,4
1019,2,1
1020,8,7
1021,5,4
1022,4,3
1023,4,3
1024,8,7
*BREAK*
*CHUNK,GROUP:A
1025,4,3
1026,1,0
1027,5,4
1028,3,2
1029,2,1
1030,7,6
1031,6,5
1032,2,1
1033,1,0
1034,3,2
1035,2,1
1036,6,5
1037,4,3
1038,5,4
1039,8,7
1040,3,2
1041,6,5
1042,1,0
1043,7,6
1044,7,6
1045,8,7
1046,4,3
1047,8,7
1048,5,4
*BREAK*
*CHUNK,GROUP:B
1049,3,10
1050,5,12
1051,2,9
1052,1,8
1053,6,13
1054,2,9
1055,8,15
1056,8,15
1057,1,8
1058,6,13
1059,7,14
1060,8,15
1061,3,10
1062,4,11
1063,7,14
1064,1,8
1065,7,14
1066,5,12
1067,2,9
1068,5,12
1069,3,10
1070,4,11
1071,6,13
1072,4,11
*BREAK*
*CHUNK,GROUP:B
1073,8,15
1074,7,14
1075,4,11
1076,8,15
1077,7,14
1078,5,12
1079,2,9
1080,6,13
1081,3,10
1082,2,9
1083,3,10
1084,1,8
1085,1,8
1086,8,15
1087,5,12
1088,7,14
1089,1,8
1090,6,13
1091,5,12
1092,3,10
1093,2,9
1094,4,11
1095,4,11
1096,6,13
*BREAK*
*CHUNK,GROUP:A
1097,8,7
1098,5,4
1099,7,6
1100,7,6
1101,3,2
1102,5,4
1103,2,1
1104,1,0
1105,2,1
1106,2,1
1107,6,5
1108,5,4
1109,4,3
1110,1,0
1111,6,5
1112,3,2
1113,3,2
1114,1,0
1115,8,7
1116,8,7
1117,4,3
1118,4,3
1119,7,6
1120,6,5
*BREAK*
*CHUNK,GROUP:A
1121,7,6
1122,8,7
1123,4,3
1124,3,2
1125,1,0
1126,6,5
1127,1,0
1128,5,4
1129,4,3
1130,3,2
1131,7,6
1132,5,4
1133,2,1
1134,7,6
1135,2,1
1136,2,1
1137,8,7
1138,3,2
1139,8,7
1140,5,4
1141,1,0
1142,6,5
1143,4,3
1144,6,5
*BREAK*
*CHUNK,GROUP:B
1145,3,10
1146,2,9
1147,7,14
1148,4,11
1149,8,15
1150,5,12
1151,1,8
1152,5,12
1153,4,11
1154,2,9
1155,7,14
1156,6,13
1157,2,9
1158,1,8
1159,5,12
1160,6,13
1161,6,13
1162,4,11
1163,3,10
1164,8,15
1165,3,10
1166,8,15
1167,7,14
1168,1,8
*BREAK*
*CHUNK,GROUP:B
1169,7,14
1170,5,12
1171,1,8
1172,5,12
1173,1,8
1174,2,9
1175,4,11
1176,2,9
1177,1,8
1178,7,14
1179,8,15
1180,4,11
1181,3,10
1182,4,11
1183,8,15
1184,6,13
1185,5,12
1186,6,13
1187,7,14
1188,2,9
1189,8,15
1190,3,10
1191,6,13
1192,3,10
*BREAK*
*CHUNK,GROUP:A
1193,6,5
1194,3,2
1195,4,3
1196,3,2
1197,7,6
1198,4,3
1199,1,0
1200,6,5
1201,5,4
1202,3,2
1203,8,7
1204,5,4
1205,2,1
1206,5,4
1207,8,7
1208,2,1
1209,7,6
1210,1,0
1211,2,1
1212,8,7
1213,1,0
1214,7,6
1215,6,5
1216,4,3
*BREAK*
*CHUNK,GROUP:A
1217,3,2
1218,2,1
1219,1,0
1220,3,2
1221,6,5
1222,5,4
1223,4,3
1224,6,5
1225,5,4
1226,4,3
1227,8,7
1228,7,6
1229,8,7
1230,3,2
1231,7,6
1232,6,5
1233,4,3
1234,1,0
1235,5,4
1236,1,0
1237,8,7
1238,2,1
1239,7,6
1240,2,1
*BREAK*
*CHUNK,GROUP:B
1241,1,8
1242,1,8
1243,4,11
1244,5,12
1245,6,13
1246,2,9
1247,8,15
1248,7,14
1249,4,11
1250,5,12
1251,2,9
1252,4,11
1253,8,15
1254,3,10
1255,3,10
1256,8,15
1257,7,14
1258,3,10
1259,1,8
1260,7,14
1261,2,9
1262,6,13
1263,6,13
1264,5,12
*BREAK*
*CHUNK,GROUP:B
1265,4,11
1266,3,10
1267,6,13
1268,7,14
1269,2,9
1270,8,15
1271,5,12
1272,7,14
1273,6,13
1274,2,9
1275,7,14
1276,5,12
1277,8,15
1278,4,11
1279,1,8
1280,6,13
1281,3,10
1282,5,12
1283,3,10
1284,1,8
1285,4,11
1286,2,9
1287,1,8
1288,8,15
*BREAK*
*CHUNK,GROUP:A
1289,8,7
1290,6,5
1291,2,1
1292,1,0
1293,1,0
1294,8,7
1295,6,5
1296,5,4
1297,4,3
1298,3,2
1299,3,2
1300,7,6
1301,6,5
1302,5,4
1303,2,1
1304,1,0
1305,4,3
1306,7,6
1307,4,3
1308,5,4
1309,7,6
1310,8,7
1311,2,1
1312,3,2
*BREAK*
*CHUNK,GROUP:A
1313,4,3
1314,3,2
1315,2,1
1316,1,0
1317,3,2
1318,8,7
1319,7,6
1320,4,3
1321,5,4
1322,7,6
1323,7,6
1324,6,5
1325,2,1
1326,6,5
1327,8,7
1328,5,4
1329,6,5
1330,8,7
1331,2,1
1332,1,0
1333,4,3
1334,5,4
1335,1,0
1336,3,2
*BREAK*
*CHUNK,GROUP:B
1337,1,8
1338,3,10
1339,4,11
1340,2,9
1341,5,12
1342,8,15
1343,6,13
1344,4,11
1345,7,14
1346,8,15
1347,6,13
1348,6,13
1349,1,8
1350,4,11
1351,7,14
1352,5,12
1353,2,9
1354,7,14
1355,3,10
1356,3,10
1357,2,9
1358,8,15
1359,1,8
1360,5,12
*BREAK*
*CHUNK,GROUP:B
1361,8,15
1362,4,11
1363,2,9
1364,4,11
1365,6,13
1366,2,9
1367,2,9
1368,3,10
1369,1,8
1370,7,14
1371,8,15
1372,7,14
1373,3,10
1374,8,15
1375,5,12
1376,5,12
1377,5,12
1378,4,11
1379,1,8
1380,6,13
1381,3,10
1382,7,14
1383,1,8
1384,6,13
*BREAK*
*CHUNK,GROUP:A
1385,5,4
1386,8,7
1387,3,2
1388,6,5
1389,4,3
1390,2,1
1391,8,7
1392,2,1
1393,7,6
1394,1,0
1395,5,4
1396,8,7
1397,1,0
1398,5,4
1399,7,6
1400,7,6
1401,2,1
1402,6,5
1403,3,2
1404,4,3
1405,3,2
1406,4,3
1407,1,0
1408,6,5
*BREAK*
*CHUNK,GROUP:A
1409,7,6
1410,6,5
1411,7,6
1412,4,3
1413,5,4
1414,2,1
1415,1,0
1416,6,5
1417,2,1
1418,5,4
1419,3,2
1420,5,4
1421,3,2
1422,4,3
1423,2,1
1424,3,2
1425,6,5
1426,1,0
1427,8,7
1428,8,7
1429,4,3
1430,7,6
1431,1,0
1432,8,7
*BREAK*
*CHUNK,GROUP:B
1433,7,14
1434,2,9
1435,4,11
1436,3,10
1437,6,13
1438,4,11
1439,5,12
1440,2,9
1441,4,11
1442,1,8
1443,2,9
1444,1,8
1445,5,12
1446,6,13
1447,3,10
1448,1,8
1449,7,14
1450,8,15
1451,8,15
1452,5,12
1453,8,15
1454,3,10
1455,7,14
1456,6,13
*BREAK*
*CHUNK,GROUP:B
1457,2,9
1458,5,12
1459,7,14
1460,1,8
1461,4,11
1462,8,15
1463,6,13
1464,8,15
1465,2,9
1466,3,10
1467,7,14
1468,3,10
1469,6,13
1470,2,9
1471,5,12
1472,4,11
1473,3,10
1474,8,15
1475,4,11
1476,1,8
1477,5,12
1478,6,13
1479,7,14
1480,1,8
*BREAK*
*CHUNK,GROUP:A
1481,3,2
1482,1,0
1483,6,5
1484,8,7
1485,4,3
1486,6,5
1487,1,0
1488,5,4
1489,1,0
1490,7,6
1491,5,4
1492,3,2
1493,5,4
1494,2,1
1495,4,3
1496,7,6
1497,7,6
1498,8,7
1499,6,5
1500,3,2
1501,2,1
1502,4,3
1503,8,7
1504,2,1
*BREAK*
*CHUNK,GROUP:A
1505,1,0
1506,2,1
1507,3,2
1508,7,6
1509,5,4
1510,2,1
1511,7,6
1512,8,7
1513,6,5
1514,1,0
1515,8,7
1516,5,4
1517,6,5
1518,8,7
1519,1,0
1520,5,4
1521,3,2
1522,3,2
1523,7,6
1524,4,3
1525,6,5
1526,2,1
1527,4,3
1528,4,3
*BREAK*
*CHUNK,GROUP:B
1529,5,12
1530,6,13
1531,4,11
1532,4,11
1533,3,10
1534,2,9
1535,5,12
1536,2,9
1537,6,13
1538,7,14
1539,3,10
1540,7,14
1541,8,15
1542,4,11
1543,5,12
1544,1,8
1545,6,13
1546,2,9
1547,1,8
1548,1,8
1549,8,15
1550,3,10
1551,8,15
1552,7,14
*BREAK*
*CHUNK,GROUP:B
1553,7,14
1554,3,10
1555,8,15
1556,3,10
1557,2,9
1558,1,8
1559,5,12
1560,5,12
1561,4,11
1562,6,13
1563,1,8
1564,6,13
1565,2,9
1566,1,8
1567,4,11
1568,3,10
1569,7,14
1570,8,15
1571,2,9
1572,6,13
1573,5,12
1574,7,14
1575,4,11
1576,8,15
