*BaseSeed:1101,Group:1
*CHUNK,SEED:1101,GROUP:B
1001,8,15
1002,4,11
1003,1,8
1004,4,11
1005,5,12
1006,5,12
1007,2,9
1008,7,14
1009,1,8
1010,6,13
1011,1,8
1012,2,9
1013,2,9
1014,4,11
1015,3,10
1016,6,13
1017,2,9
1018,2,9
1019,8,15
1020,4,11
1021,5,12
1022,3,10
1023,6,13
1024,5,12
1025,5,12
1026,7,14
1027,7,14
1028,3,10
1029,6,13
1030,8,15
1031,7,14
1032,1,8
1033,3,10
1034,8,15
1035,7,14
1036,6,13
1037,3,10
1038,1,8
1039,8,15
1040,4,11
*BREAK*
*CHUNK,GROUP:A
1041,4,3
1042,6,5
1043,1,0
1044,2,1
1045,3,2
1046,4,3
1047,1,0
1048,2,1
1049,7,6
1050,5,4
1051,6,5
1052,6,5
1053,4,3
1054,5,4
1055,8,7
1056,8,7
1057,4,3
1058,1,0
1059,3,2
1060,8,7
1061,3,2
1062,5,4
1063,5,4
1064,3,2
1065,7,6
1066,8,7
1067,6,5
1068,2,1
1069,2,1
1070,7,6
1071,5,4
1072,3,2
1073,2,1
1074,7,6
1075,7,6
1076,1,0
1077,1,0
1078,4,3
1079,8,7
1080,6,5
*BREAK*
*CHUNK,GROUP:B
1081,5,12
1082,1,8
1083,6,13
1084,5,12
1085,4,11
1086,6,13
1087,2,9
1088,4,11
1089,7,14
1090,2,9
1091,7,14
1092,7,14
1093,8,15
1094,1,8
1095,3,10
1096,8,15
1097,4,11
1098,1,8
1099,5,12
1100,2,9
1101,6,13
1102,4,11
1103,7,14
1104,2,9
1105,4,11
1106,3,10
1107,3,10
1108,8,15
1109,6,13
1110,6,13
1111,3,10
1112,2,9
1113,8,15
1114,1,8
1115,1,8
1116,7,14
1117,5,12
1118,8,15
1119,5,12
1120,3,10
*BREAK*
*CHUNK,GROUP:A
1121,4,3
1122,1,0
1123,6,5
1124,6,5
1125,7,6
1126,8,7
1127,1,0
1128,1,0
1129,2,1
1130,5,4
1131,1,0
1132,5,4
1133,8,7
1134,3,2
1135,8,7
1136,4,3
1137,4,3
1138,2,1
1139,8,7
1140,2,1
1141,6,5
1142,5,4
1143,2,1
1144,1,0
1145,7,6
1146,7,6
1147,3,2
1148,3,2
1149,6,5
1150,2,1
1151,6,5
1152,3,2
1153,7,6
1154,5,4
1155,3,2
1156,7,6
1157,8,7
1158,4,3
1159,4,3
1160,5,4
*BREAK*
*CHUNK,GROUP:B
1161,2,9
1162,6,13
1163,2,9
1164,3,10
1165,4,11
1166,5,12
1167,8,15
1168,7,14
1169,7,14
1170,8,15
1171,2,9
1172,5,12
1173,6,13
1174,8,15
1175,4,11
1176,3,10
1177,8,15
1178,7,14
1179,6,13
1180,3,10
1181,1,8
1182,1,8
1183,5,12
1184,6,13
1185,8,15
1186,7,14
1187,3,10
1188,4,11
1189,1,8
1190,3,10
1191,6,13
1192,5,12
1193,2,9
1194,7,14
1195,1,8
1196,4,11
1197,5,12
1198,1,8
1199,2,9
1200,4,11
*BREAK*
*CHUNK,GROUP:A
1201,7,6
1202,6,5
1203,2,1
1204,7,6
1205,2,1
1206,7,6
1207,1,0
1208,8,7
1209,6,5
1210,5,4
1211,8,7
1212,7,6
1213,6,5
1214,1,0
1215,3,2
1216,8,7
1217,4,3
1218,4,3
1219,3,2
1220,3,2
1221,5,4
1222,6,5
1223,1,0
1224,2,1
1225,1,0
1226,4,3
1227,7,6
1228,1,0
1229,8,7
1230,3,2
1231,8,7
1232,6,5
1233,2,1
1234,5,4
1235,5,4
1236,4,3
1237,5,4
1238,3,2
1239,4,3
1240,2,1
*BREAK*
*CHUNK,GROUP:B
1241,4,11
1242,3,10
1243,2,9
1244,5,12
1245,6,13
1246,4,11
1247,8,15
1248,6,13
1249,1,8
1250,2,9
1251,7,14
1252,1,8
1253,2,9
1254,8,15
1255,4,11
1256,7,14
1257,5,12
1258,8,15
1259,2,9
1260,2,9
1261,1,8
1262,3,10
1263,7,14
1264,8,15
1265,8,15
1266,3,10
1267,6,13
1268,6,13
1269,7,14
1270,7,14
1271,3,10
1272,3,10
1273,4,11
1274,5,12
1275,5,12
1276,1,8
1277,1,8
1278,4,11
1279,6,13
1280,5,12
*BREAK*
*CHUNK,GROUP:A
1281,3,2
1282,3,2
1283,8,7
1284,6,5
1285,5,4
1286,7,6
1287,2,1
1288,4,3
1289,4,3
1290,5,4
1291,6,5
1292,3,2
1293,8,7
1294,5,4
1295,8,7
1296,3,2
1297,4,3
1298,6,5
1299,7,6
1300,5,4
1301,1,0
1302,5,4
1303,2,1
1304,4,3
1305,8,7
1306,6,5
1307,1,0
1308,3,2
1309,2,1
1310,1,0
1311,8,7
1312,1,0
1313,6,5
1314,2,1
1315,1,0
1316,7,6
1317,2,1
1318,4,3
1319,7,6
1320,7,6
*BREAK*
*CHUNK,GROUP:B
1321,3,10
1322,2,9
1323,4,11
1324,5,12
1325,5,12
1326,2,9
1327,1,8
1328,6,13
1329,1,8
1330,7,14
1331,6,13
1332,3,10
1333,4,11
1334,6,13
1335,7,14
1336,2,9
1337,7,14
1338,7,14
1339,5,12
1340,7,14
1341,3,10
1342,8,15
1343,6,13
1344,2,9
1345,8,15
1346,3,10
1347,1,8
1348,6,13
1349,4,11
1350,2,9
1351,5,12
1352,8,15
1353,4,11
1354,1,8
1355,8,15
1356,3,10
1357,8,15
1358,1,8
1359,4,11
1360,5,12
*BREAK*
*CHUNK,GROUP:A
1361,3,2
1362,6,5
1363,4,3
1364,5,4
1365,6,5
1366,5,4
1367,5,4
1368,7,6
1369,6,5
1370,5,4
1371,3,2
1372,1,0
1373,8,7
1374,1,0
1375,1,0
1376,7,6
1377,5,4
1378,4,3
1379,4,3
1380,8,7
1381,4,3
1382,6,5
1383,3,2
1384,1,0
1385,2,1
1386,8,7
1387,6,5
1388,3,2
1389,2,1
1390,8,7
1391,7,6
1392,8,7
1393,4,3
1394,3,2
1395,1,0
1396,7,6
1397,7,6
1398,2,1
1399,2,1
1400,2,1
*BREAK*
*CHUNK,GROUP:B
1401,6,13
1402,2,9
1403,4,11
1404,6,13
1405,5,12
1406,7,14
1407,5,12
1408,1,8
1409,3,10
1410,4,11
1411,8,15
1412,3,10
1413,2,9
1414,1,8
1415,1,8
1416,6,13
1417,3,10
1418,7,14
1419,6,13
1420,4,11
1421,7,14
1422,8,15
1423,6,13
1424,8,15
1425,1,8
1426,5,12
1427,2,9
1428,3,10
1429,8,15
1430,5,12
1431,8,15
1432,7,14
1433,5,12
1434,2,9
1435,3,10
1436,4,11
1437,7,14
1438,2,9
1439,1,8
1440,4,11
*BREAK*
*CHUNK,GROUP:A
1441,1,0
1442,6,5
1443,6,5
1444,3,2
1445,7,6
1446,5,4
1447,1,0
1448,5,4
1449,7,6
1450,3,2
1451,8,7
1452,4,3
1453,6,5
1454,6,5
1455,4,3
1456,1,0
1457,2,1
1458,3,2
1459,7,6
1460,3,2
1461,8,7
1462,7,6
1463,5,4
1464,4,3
1465,8,7
1466,5,4
1467,2,1
1468,2,1
1469,4,3
1470,4,3
1471,5,4
1472,2,1
1473,1,0
1474,8,7
1475,2,1
1476,3,2
1477,7,6
1478,1,0
1479,6,5
1480,8,7
*BREAK*
*CHUNK,GROUP:B
1481,1,8
1482,4,11
1483,6,13
1484,6,13
1485,1,8
1486,1,8
1487,5,12
1488,2,9
1489,3,10
1490,8,15
1491,1,8
1492,3,10
1493,8,15
1494,3,10
1495,3,10
1496,4,11
1497,2,9
1498,4,11
1499,1,8
1500,2,9
1501,7,14
1502,7,14
1503,5,12
1504,7,14
1505,7,14
1506,6,13
1507,5,12
1508,8,15
1509,7,14
1510,5,12
1511,8,15
1512,2,9
1513,8,15
1514,4,11
1515,6,13
1516,4,11
1517,3,10
1518,5,12
1519,6,13
1520,2,9
*BREAK*
*CHUNK,GROUP:A
1521,4,3
1522,2,1
1523,3,2
1524,7,6
1525,6,5
1526,4,3
1527,3,2
1528,6,5
1529,4,3
1530,8,7
1531,1,0
1532,8,7
1533,3,2
1534,5,4
1535,8,7
1536,5,4
1537,7,6
1538,2,1
1539,3,2
1540,6,5
1541,2,1
1542,1,0
1543,5,4
1544,1,0
1545,1,0
1546,6,5
1547,7,6
1548,7,6
1549,6,5
1550,2,1
1551,1,0
1552,4,3
1553,8,7
1554,5,4
1555,5,4
1556,8,7
1557,3,2
1558,4,3
1559,7,6
1560,2,1
*BREAK*
*CHUNK,GROUP:B
1561,5,12
1562,8,15
1563,6,13
1564,4,11
1565,7,14
1566,5,12
1567,8,15
1568,2,9
1569,1,8
1570,4,11
1571,3,10
1572,2,9
1573,4,11
1574,6,13
1575,7,14
1576,7,14
1577,2,9
1578,1,8
1579,6,13
1580,3,10
1581,3,10
1582,7,14
1583,2,9
1584,6,13
1585,4,11
1586,1,8
1587,5,12
1588,1,8
1589,3,10
1590,8,15
1591,2,9
1592,6,13
1593,5,12
1594,7,14
1595,3,10
1596,8,15
1597,8,15
1598,5,12
1599,4,11
1600,1,8
*BREAK*
*CHUNK,GROUP:A
1601,8,7
1602,6,5
1603,2,1
1604,7,6
1605,5,4
1606,2,1
1607,6,5
1608,7,6
1609,5,4
1610,4,3
1611,3,2
1612,3,2
1613,4,3
1614,1,0
1615,8,7
1616,5,4
1617,4,3
1618,8,7
1619,3,2
1620,8,7
1621,3,2
1622,3,2
1623,2,1
1624,4,3
1625,2,1
1626,6,5
1627,7,6
1628,1,0
1629,8,7
1630,4,3
1631,2,1
1632,5,4
1633,7,6
1634,1,0
1635,5,4
1636,1,0
1637,1,0
1638,6,5
1639,7,6
1640,6,5
*BREAK*
*CHUNK,GROUP:B
1641,1,8
1642,7,14
1643,5,12
1644,4,11
1645,8,15
1646,8,15
1647,1,8
1648,6,13
1649,7,14
1650,6,13
1651,2,9
1652,7,14
1653,5,12
1654,3,10
1655,6,13
1656,7,14
1657,6,13
1658,3,10
1659,5,12
1660,7,14
1661,1,8
1662,2,9
1663,4,11
1664,3,10
1665,4,11
1666,1,8
1667,2,9
1668,3,10
1669,6,13
1670,5,12
1671,2,9
1672,5,12
1673,4,11
1674,2,9
1675,8,15
1676,1,8
1677,3,10
1678,8,15
1679,8,15
1680,4,11
*BREAK*
*CHUNK,GROUP:A
1681,5,4
1682,3,2
1683,5,4
1684,8,7
1685,5,4
1686,1,0
1687,4,3
1688,6,5
1689,8,7
1690,2,1
1691,6,5
1692,8,7
1693,1,0
1694,3,2
1695,7,6
1696,6,5
1697,2,1
1698,7,6
1699,5,4
1700,4,3
1701,2,1
1702,2,1
1703,2,1
1704,3,2
1705,7,6
1706,4,3
1707,6,5
1708,4,3
1709,1,0
1710,6,5
1711,7,6
1712,3,2
1713,4,3
1714,8,7
1715,3,2
1716,1,0
1717,1,0
1718,8,7
1719,7,6
1720,5,4
