*BaseSeed:1006,Group:0
*CHUNK,SEED:1006,GROUP:A
1001,2,1
1002,5,4
1003,8,7
1004,2,1
1005,6,5
1006,1,0
1007,1,0
1008,7,6
1009,6,5
1010,5,4
1011,1,0
1012,3,2
1013,3,2
1014,2,1
1015,4,3
1016,8,7
1017,8,7
1018,4,3
1019,4,3
1020,7,6
1021,6,5
1022,5,4
1023,7,6
1024,3,2
*WARNING*
*CHUNK,GROUP:B
1025,7,14
1026,6,13
1027,2,9
1028,8,15
1029,7,14
1030,3,10
1031,1,8
1032,4,11
1033,8,15
1034,3,10
1035,5,12
1036,4,11
1037,1,8
1038,1,8
1039,5,12
1040,6,13
1041,3,10
1042,6,13
1043,5,12
1044,7,14
1045,4,11
1046,2,9
1047,2,9
1048,8,15
*CHUNK,GROUP:B
1049,3,10
1050,3,10
1051,6,13
1052,4,11
1053,1,8
1054,7,14
1055,4,11
1056,7,14
1057,4,11
1058,2,9
1059,2,9
1060,7,14
1061,5,12
1062,8,15
1063,8,15
1064,8,15
1065,1,8
1066,1,8
1067,2,9
1068,6,13
1069,5,12
1070,5,12
1071,6,13
1072,3,10
*CHUNK,GROUP:A
1073,4,3
1074,3,2
1075,8,7
1076,6,5
1077,2,1
1078,6,5
1079,4,3
1080,8,7
1081,1,0
1082,7,6
1083,3,2
1084,8,7
1085,6,5
1086,5,4
1087,7,6
1088,2,1
1089,4,3
1090,3,2
1091,7,6
1092,5,4
1093,2,1
1094,1,0
1095,5,4
1096,1,0
*BREAK*
*CHUNK,GROUP:A
1097,2,1
1098,2,1
1099,5,4
1100,1,0
1101,3,2
1102,6,5
1103,6,5
1104,4,3
1105,7,6
1106,4,3
1107,6,5
1108,1,0
1109,2,1
1110,5,4
1111,8,7
1112,5,4
1113,8,7
1114,1,0
1115,4,3
1116,7,6
1117,7,6
1118,3,2
1119,8,7
1120,3,2
*CHUNK,GROUP:A
1121,5,4
1122,3,2
1123,7,6
1124,5,4
1125,4,3
1126,8,7
1127,1,0
1128,4,3
1129,7,6
1130,6,5
1131,6,5
1132,3,2
1133,3,2
1134,1,0
1135,2,1
1136,2,1
1137,2,1
1138,6,5
1139,1,0
1140,5,4
1141,8,7
1142,7,6
1143,4,3
1144,8,7
*WARNING*
*CHUNK,GROUP:B
1145,5,12
1146,1,8
1147,3,10
1148,4,11
1149,5,12
1150,4,11
1151,2,9
1152,7,14
1153,7,14
1154,6,13
1155,8,15
1156,1,8
1157,4,11
1158,3,10
1159,2,9
1160,6,13
1161,8,15
1162,5,12
1163,6,13
1164,2,9
1165,1,8
1166,8,15
1167,7,14
1168,3,10
*CHUNK,GROUP:B
1169,5,12
1170,3,10
1171,2,9
1172,6,13
1173,4,11
1174,7,14
1175,7,14
1176,8,15
1177,2,9
1178,4,11
1179,5,12
1180,1,8
1181,3,10
1182,1,8
1183,7,14
1184,2,9
1185,6,13
1186,5,12
1187,4,11
1188,1,8
1189,8,15
1190,6,13
1191,3,10
1192,8,15
*CHUNK,GROUP:A
1193,4,3
1194,3,2
1195,7,6
1196,5,4
1197,1,0
1198,8,7
1199,8,7
1200,2,1
1201,2,1
1202,1,0
1203,5,4
1204,4,3
1205,7,6
1206,5,4
1207,6,5
1208,6,5
1209,7,6
1210,3,2
1211,4,3
1212,2,1
1213,1,0
1214,8,7
1215,6,5
1216,3,2
*CHUNK,GROUP:A
1217,8,7
1218,6,5
1219,8,7
1220,2,1
1221,1,0
1222,7,6
1223,2,1
1224,4,3
1225,1,0
1226,7,6
1227,4,3
1228,3,2
1229,5,4
1230,2,1
1231,6,5
1232,6,5
1233,7,6
1234,8,7
1235,5,4
1236,5,4
1237,1,0
1238,3,2
1239,3,2
1240,4,3
*CHUNK,GROUP:B
1241,8,15
1242,1,8
1243,2,9
1244,8,15
1245,1,8
1246,7,14
1247,2,9
1248,4,11
1249,6,13
1250,2,9
1251,8,15
1252,1,8
1253,7,14
1254,3,10
1255,6,13
1256,5,12
1257,4,11
1258,7,14
1259,6,13
1260,5,12
1261,3,10
1262,5,12
1263,3,10
1264,4,11
*BREAK*
*CHUNK,GROUP:B
1265,5,12
1266,7,14
1267,1,8
1268,2,9
1269,6,13
1270,7,14
1271,1,8
1272,5,12
1273,7,14
1274,4,11
1275,2,9
1276,3,10
1277,2,9
1278,8,15
1279,3,10
1280,5,12
1281,8,15
1282,6,13
1283,4,11
1284,4,11
1285,1,8
1286,3,10
1287,6,13
1288,8,15
*CHUNK,GROUP:B
1289,7,14
1290,4,11
1291,5,12
1292,4,11
1293,3,10
1294,8,15
1295,6,13
1296,8,15
1297,3,10
1298,8,15
1299,1,8
1300,7,14
1301,2,9
1302,1,8
1303,4,11
1304,6,13
1305,5,12
1306,5,12
1307,2,9
1308,7,14
1309,6,13
1310,2,9
1311,3,10
1312,1,8
*WARNING*
*CHUNK,GROUP:A
1313,6,5
1314,4,3
1315,6,5
1316,2,1
1317,7,6
1318,1,0
1319,7,6
1320,5,4
1321,4,3
1322,8,7
1323,5,4
1324,1,0
1325,6,5
1326,7,6
1327,2,1
1328,4,3
1329,3,2
1330,1,0
1331,8,7
1332,2,1
1333,8,7
1334,3,2
1335,3,2
1336,5,4
*CHUNK,GROUP:A
1337,1,0
1338,5,4
1339,1,0
1340,5,4
1341,8,7
1342,6,5
1343,2,1
1344,1,0
1345,2,1
1346,6,5
1347,4,3
1348,7,6
1349,3,2
1350,6,5
1351,3,2
1352,4,3
1353,8,7
1354,5,4
1355,2,1
1356,7,6
1357,4,3
1358,8,7
1359,3,2
1360,7,6
*CHUNK,GROUP:B
1361,8,15
1362,3,10
1363,6,13
1364,4,11
1365,1,8
1366,7,14
1367,5,12
1368,8,15
1369,3,10
1370,2,9
1371,8,15
1372,1,8
1373,6,13
1374,7,14
1375,1,8
1376,3,10
1377,5,12
1378,2,9
1379,7,14
1380,6,13
1381,2,9
1382,4,11
1383,4,11
1384,5,12
*CHUNK,GROUP:B
1385,4,11
1386,6,13
1387,3,10
1388,1,8
1389,4,11
1390,8,15
1391,6,13
1392,5,12
1393,5,12
1394,6,13
1395,7,14
1396,2,9
1397,2,9
1398,1,8
1399,7,14
1400,3,10
1401,8,15
1402,4,11
1403,7,14
1404,8,15
1405,5,12
1406,1,8
1407,3,10
1408,2,9
*WARNING*
*CHUNK,GROUP:A
1409,6,5
1410,2,1
1411,6,5
1412,4,3
1413,7,6
1414,1,0
1415,7,6
1416,2,1
1417,1,0
1418,3,2
1419,5,4
1420,3,2
1421,8,7
1422,2,1
1423,8,7
1424,4,3
1425,1,0
1426,5,4
1427,5,4
1428,7,6
1429,6,5
1430,3,2
1431,8,7
1432,4,3
*BREAK*
*CHUNK,GROUP:A
1433,1,0
1434,7,6
1435,3,2
1436,1,0
1437,6,5
1438,2,1
1439,1,0
1440,7,6
1441,7,6
1442,5,4
1443,3,2
1444,6,5
1445,4,3
1446,5,4
1447,8,7
1448,5,4
1449,2,1
1450,8,7
1451,4,3
1452,4,3
1453,3,2
1454,6,5
1455,2,1
1456,8,7
*CHUNK,GROUP:A
1457,8,7
1458,6,5
1459,1,0
1460,5,4
1461,3,2
1462,2,1
1463,1,0
1464,4,3
1465,8,7
1466,6,5
1467,7,6
1468,3,2
1469,8,7
1470,5,4
1471,7,6
1472,2,1
1473,1,0
1474,4,3
1475,3,2
1476,2,1
1477,6,5
1478,5,4
1479,4,3
1480,7,6
*CHUNK,GROUP:B
1481,1,8
1482,8,15
1483,5,12
1484,3,10
1485,3,10
1486,8,15
1487,2,9
1488,1,8
1489,1,8
1490,6,13
1491,7,14
1492,7,14
1493,2,9
1494,7,14
1495,3,10
1496,6,13
1497,5,12
1498,2,9
1499,8,15
1500,6,13
1501,4,11
1502,5,12
1503,4,11
1504,4,11
*CHUNK,GROUP:B
1505,8,15
1506,3,10
1507,1,8
1508,3,10
1509,4,11
1510,7,14
1511,1,8
1512,5,12
1513,6,13
1514,7,14
1515,4,11
1516,4,11
1517,6,13
1518,5,12
1519,7,14
1520,1,8
1521,6,13
1522,5,12
1523,2,9
1524,8,15
1525,2,9
1526,8,15
1527,2,9
1528,3,10
*WARNING*
*CHUNK,GROUP:A
1529,3,2
1530,2,1
1531,8,7
1532,1,0
1533,1,0
1534,4,3
1535,3,2
1536,5,4
1537,8,7
1538,1,0
1539,7,6
1540,4,3
1541,5,4
1542,3,2
1543,5,4
1544,6,5
1545,2,1
1546,4,3
1547,6,5
1548,7,6
1549,2,1
1550,8,7
1551,6,5
1552,7,6
*CHUNK,GROUP:A
1553,5,4
1554,6,5
1555,1,0
1556,4,3
1557,1,0
1558,7,6
1559,4,3
1560,3,2
1561,7,6
1562,3,2
1563,8,7
1564,1,0
1565,5,4
1566,7,6
1567,3,2
1568,6,5
1569,2,1
1570,2,1
1571,6,5
1572,4,3
1573,5,4
1574,2,1
1575,8,7
1576,8,7
*CHUNK,GROUP:B
1577,2,9
1578,7,14
1579,3,10
1580,8,15
1581,6,13
1582,5,12
1583,7,14
1584,8,15
1585,1,8
1586,3,10
1587,1,8
1588,4,11
1589,1,8
1590,2,9
1591,6,13
1592,5,12
1593,5,12
1594,8,15
1595,4,11
1596,4,11
1597,3,10
1598,2,9
1599,7,14
1600,6,13
*BREAK*
*CHUNK,GROUP:B
1601,6,13
1602,2,9
1603,7,14
1604,3,10
1605,5,12
1606,2,9
1607,4,11
1608,5,12
1609,4,11
1610,8,15
1611,1,8
1612,1,8
1613,8,15
1614,7,14
1615,1,8
1616,4,11
1617,6,13
1618,2,9
1619,8,15
1620,5,12
1621,6,13
1622,3,10
1623,3,10
1624,7,14
*CHUNK,GROUP:B
1625,6,13
1626,1,8
1627,5,12
1628,8,15
1629,4,11
1630,7,14
1631,7,14
1632,6,13
1633,4,11
1634,2,9
1635,3,10
1636,3,10
1637,1,8
1638,7,14
1639,5,12
1640,2,9
1641,3,10
1642,1,8
1643,8,15
1644,8,15
1645,4,11
1646,2,9
1647,5,12
1648,6,13
*WARNING*
*CHUNK,GROUP:A
1649,2,1
1650,2,1
1651,8,7
1652,3,2
1653,3,2
1654,3,2
1655,5,4
1656,1,0
1657,7,6
1658,4,3
1659,7,6
1660,8,7
1661,2,1
1662,1,0
1663,6,5
1664,5,4
1665,7,6
1666,4,3
1667,8,7
1668,5,4
1669,1,0
1670,6,5
1671,6,5
1672,4,3
*CHUNK,GROUP:A
1673,5,4
1674,2,1
1675,6,5
1676,7,6
1677,1,0
1678,8,7
1679,4,3
1680,4,3
1681,1,0
1682,7,6
1683,6,5
1684,1,0
1685,6,5
1686,2,1
1687,5,4
1688,8,7
1689,3,2
1690,7,6
1691,5,4
1692,8,7
1693,4,3
1694,3,2
1695,2,1
1696,3,2
*WARNING*
*CHUNK,GROUP:B
1697,1,8
1698,4,11
1699,2,9
1700,6,13
1701,7,14
1702,7,14
1703,1,8
1704,3,10
1705,4,11
1706,2,9
1707,8,15
1708,3,10
1709,7,14
1710,1,8
1711,8,15
1712,5,12
1713,5,12
1714,4,11
1715,6,13
1716,5,12
1717,2,9
1718,8,15
1719,6,13
1720,3,10
*CHUNK,GROUP:B
1721,7,14
1722,2,9
1723,3,10
1724,5,12
1725,3,10
1726,7,14
1727,3,10
1728,2,9
1729,6,13
1730,5,12
1731,1,8
1732,1,8
1733,8,15
1734,5,12
1735,4,11
1736,4,11
1737,8,15
1738,6,13
1739,8,15
1740,6,13
1741,4,11
1742,7,14
1743,1,8
1744,2,9
*CHUNK,GROUP:A
1745,2,1
1746,2,1
1747,3,2
1748,6,5
1749,8,7
1750,7,6
1751,5,4
1752,4,3
1753,5,4
1754,3,2
1755,3,2
1756,1,0
1757,1,0
1758,5,4
1759,1,0
1760,6,5
1761,4,3
1762,8,7
1763,8,7
1764,6,5
1765,4,3
1766,7,6
1767,2,1
1768,7,6
*CHUNK,GROUP:A
1769,4,3
1770,5,4
1771,4,3
1772,5,4
1773,7,6
1774,6,5
1775,7,6
1776,1,0
1777,2,1
1778,3,2
1779,6,5
1780,1,0
1781,4,3
1782,8,7
1783,1,0
1784,3,2
1785,6,5
1786,8,7
1787,2,1
1788,7,6
1789,3,2
1790,8,7
1791,5,4
1792,2,1
