*BaseSeed:1014,Group:1
*CHUNK,SEED:1014,GROUP:B
1001,2,9
1002,2,9
1003,8,15
1004,8,15
1005,5,12
1006,7,14
1007,1,8
1008,6,13
1009,6,13
1010,5,12
1011,3,10
1012,1,8
1013,4,11
1014,4,11
1015,7,14
1016,7,14
1017,7,14
1018,3,10
1019,8,15
1020,3,10
1021,1,8
1022,4,11
1023,3,10
1024,5,12
1025,6,13
1026,5,12
1027,4,11
1028,8,15
1029,2,9
1030,1,8
1031,6,13
1032,2,9
1033,2,9
1034,8,15
1035,3,10
1036,6,13
1037,4,11
1038,1,8
1039,7,14
1040,5,12
*BREAK*
*CHUNK,GROUP:B
1041,2,9
1042,1,8
1043,3,10
1044,6,13
1045,6,13
1046,1,8
1047,5,12
1048,4,11
1049,2,9
1050,1,8
1051,4,11
1052,7,14
1053,2,9
1054,1,8
1055,5,12
1056,3,10
1057,7,14
1058,3,10
1059,8,15
1060,7,14
1061,5,12
1062,3,10
1063,7,14
1064,8,15
1065,2,9
1066,4,11
1067,1,8
1068,4,11
1069,8,15
1070,7,14
1071,2,9
1072,6,13
1073,8,15
1074,6,13
1075,8,15
1076,5,12
1077,4,11
1078,5,12
1079,3,10
1080,6,13
*BREAK*
*CHUNK,GROUP:A
1081,3,2
1082,7,6
1083,2,1
1084,5,4
1085,7,6
1086,1,0
1087,1,0
1088,7,6
1089,1,0
1090,8,7
1091,4,3
1092,8,7
1093,5,4
1094,2,1
1095,5,4
1096,4,3
1097,5,4
1098,3,2
1099,3,2
1100,8,7
1101,6,5
1102,2,1
1103,7,6
1104,4,3
1105,1,0
1106,2,1
1107,1,0
1108,8,7
1109,8,7
1110,4,3
1111,3,2
1112,7,6
1113,6,5
1114,3,2
1115,6,5
1116,5,4
1117,6,5
1118,2,1
1119,4,3
1120,6,5
*BREAK*
*CHUNK,GROUP:A
1121,8,7
1122,5,4
1123,6,5
1124,7,6
1125,2,1
1126,1,0
1127,3,2
1128,4,3
1129,4,3
1130,5,4
1131,5,4
1132,6,5
1133,1,0
1134,8,7
1135,8,7
1136,5,4
1137,3,2
1138,6,5
1139,2,1
1140,7,6
1141,4,3
1142,6,5
1143,8,7
1144,3,2
1145,4,3
1146,6,5
1147,7,6
1148,7,6
1149,5,4
1150,3,2
1151,2,1
1152,8,7
1153,2,1
1154,7,6
1155,1,0
1156,2,1
1157,3,2
1158,1,0
1159,4,3
1160,1,0
*BREAK*
*CHUNK,GROUP:B
1161,4,11
1162,7,14
1163,4,11
1164,5,12
1165,3,10
1166,6,13
1167,1,8
1168,4,11
1169,3,10
1170,6,13
1171,1,8
1172,2,9
1173,8,15
1174,3,10
1175,2,9
1176,1,8
1177,1,8
1178,8,15
1179,4,11
1180,5,12
1181,6,13
1182,7,14
1183,7,14
1184,7,14
1185,7,14
1186,2,9
1187,5,12
1188,5,12
1189,8,15
1190,8,15
1191,2,9
1192,2,9
1193,6,13
1194,8,15
1195,3,10
1196,3,10
1197,4,11
1198,6,13
1199,5,12
1200,1,8
*BREAK*
*CHUNK,GROUP:B
1201,6,13
1202,4,11
1203,3,10
1204,4,11
1205,2,9
1206,7,14
1207,5,12
1208,7,14
1209,3,10
1210,8,15
1211,5,12
1212,8,15
1213,4,11
1214,1,8
1215,2,9
1216,6,13
1217,6,13
1218,2,9
1219,5,12
1220,4,11
1221,3,10
1222,2,9
1223,6,13
1224,8,15
1225,4,11
1226,1,8
1227,3,10
1228,5,12
1229,7,14
1230,7,14
1231,3,10
1232,1,8
1233,7,14
1234,1,8
1235,8,15
1236,5,12
1237,2,9
1238,6,13
1239,8,15
1240,1,8
*BREAK*
*CHUNK,GROUP:A
1241,8,7
1242,6,5
1243,3,2
1244,7,6
1245,6,5
1246,7,6
1247,5,4
1248,8,7
1249,2,1
1250,5,4
1251,1,0
1252,8,7
1253,5,4
1254,4,3
1255,6,5
1256,3,2
1257,2,1
1258,5,4
1259,7,6
1260,5,4
1261,6,5
1262,1,0
1263,3,2
1264,3,2
1265,2,1
1266,7,6
1267,4,3
1268,6,5
1269,3,2
1270,2,1
1271,7,6
1272,4,3
1273,2,1
1274,4,3
1275,4,3
1276,1,0
1277,8,7
1278,8,7
1279,1,0
1280,1,0
*BREAK*
*CHUNK,GROUP:A
1281,1,0
1282,2,1
1283,2,1
1284,2,1
1285,4,3
1286,1,0
1287,6,5
1288,4,3
1289,4,3
1290,8,7
1291,6,5
1292,7,6
1293,4,3
1294,7,6
1295,3,2
1296,7,6
1297,6,5
1298,8,7
1299,5,4
1300,1,0
1301,3,2
1302,3,2
1303,8,7
1304,7,6
1305,1,0
1306,2,1
1307,5,4
1308,4,3
1309,6,5
1310,3,2
1311,5,4
1312,5,4
1313,7,6
1314,8,7
1315,2,1
1316,1,0
1317,5,4
1318,8,7
1319,6,5
1320,3,2
*BREAK*
*CHUNK,GROUP:B
1321,8,15
1322,1,8
1323,3,10
1324,4,11
1325,5,12
1326,1,8
1327,5,12
1328,5,12
1329,1,8
1330,7,14
1331,1,8
1332,4,11
1333,6,13
1334,3,10
1335,2,9
1336,7,14
1337,8,15
1338,2,9
1339,3,10
1340,6,13
1341,2,9
1342,8,15
1343,5,12
1344,3,10
1345,7,14
1346,1,8
1347,7,14
1348,8,15
1349,8,15
1350,3,10
1351,5,12
1352,6,13
1353,7,14
1354,6,13
1355,4,11
1356,2,9
1357,4,11
1358,4,11
1359,2,9
1360,6,13
*BREAK*
*CHUNK,GROUP:B
1361,5,12
1362,2,9
1363,2,9
1364,7,14
1365,2,9
1366,1,8
1367,1,8
1368,6,13
1369,3,10
1370,6,13
1371,2,9
1372,1,8
1373,6,13
1374,3,10
1375,7,14
1376,1,8
1377,4,11
1378,8,15
1379,3,10
1380,4,11
1381,5,12
1382,2,9
1383,5,12
1384,8,15
1385,4,11
1386,8,15
1387,1,8
1388,6,13
1389,7,14
1390,8,15
1391,5,12
1392,7,14
1393,3,10
1394,4,11
1395,4,11
1396,8,15
1397,7,14
1398,3,10
1399,6,13
1400,5,12
*BREAK*
*CHUNK,GROUP:A
1401,7,6
1402,5,4
1403,5,4
1404,2,1
1405,8,7
1406,5,4
1407,3,2
1408,2,1
1409,1,0
1410,3,2
1411,6,5
1412,7,6
1413,8,7
1414,7,6
1415,1,0
1416,3,2
1417,2,1
1418,6,5
1419,4,3
1420,7,6
1421,1,0
1422,7,6
1423,3,2
1424,6,5
1425,6,5
1426,2,1
1427,4,3
1428,6,5
1429,1,0
1430,4,3
1431,1,0
1432,2,1
1433,8,7
1434,8,7
1435,3,2
1436,8,7
1437,4,3
1438,5,4
1439,4,3
1440,5,4
*BREAK*
*CHUNK,GROUP:A
1441,2,1
1442,6,5
1443,7,6
1444,8,7
1445,1,0
1446,3,2
1447,7,6
1448,4,3
1449,5,4
1450,2,1
1451,4,3
1452,5,4
1453,6,5
1454,8,7
1455,1,0
1456,8,7
1457,4,3
1458,6,5
1459,3,2
1460,1,0
1461,8,7
1462,4,3
1463,2,1
1464,4,3
1465,7,6
1466,2,1
1467,1,0
1468,3,2
1469,8,7
1470,2,1
1471,7,6
1472,5,4
1473,6,5
1474,1,0
1475,3,2
1476,6,5
1477,5,4
1478,7,6
1479,5,4
1480,3,2
*BREAK*
*CHUNK,GROUP:B
1481,5,12
1482,6,13
1483,6,13
1484,5,12
1485,7,14
1486,6,13
1487,7,14
1488,8,15
1489,2,9
1490,3,10
1491,4,11
1492,3,10
1493,3,10
1494,4,11
1495,6,13
1496,5,12
1497,1,8
1498,8,15
1499,6,13
1500,1,8
1501,5,12
1502,5,12
1503,1,8
1504,4,11
1505,7,14
1506,8,15
1507,4,11
1508,1,8
1509,2,9
1510,2,9
1511,8,15
1512,7,14
1513,8,15
1514,3,10
1515,4,11
1516,1,8
1517,3,10
1518,2,9
1519,2,9
1520,7,14
*BREAK*
*CHUNK,GROUP:B
1521,5,12
1522,3,10
1523,1,8
1524,1,8
1525,7,14
1526,6,13
1527,1,8
1528,3,10
1529,5,12
1530,7,14
1531,2,9
1532,6,13
1533,8,15
1534,8,15
1535,8,15
1536,8,15
1537,5,12
1538,8,15
1539,4,11
1540,6,13
1541,6,13
1542,4,11
1543,7,14
1544,5,12
1545,3,10
1546,1,8
1547,3,10
1548,6,13
1549,4,11
1550,2,9
1551,2,9
1552,1,8
1553,2,9
1554,4,11
1555,3,10
1556,5,12
1557,7,14
1558,4,11
1559,7,14
1560,2,9
*BREAK*
*CHUNK,GROUP:A
1561,3,2
1562,6,5
1563,5,4
1564,1,0
1565,1,0
1566,1,0
1567,7,6
1568,6,5
1569,2,1
1570,5,4
1571,2,1
1572,7,6
1573,3,2
1574,3,2
1575,6,5
1576,7,6
1577,4,3
1578,8,7
1579,3,2
1580,1,0
1581,8,7
1582,1,0
1583,2,1
1584,5,4
1585,3,2
1586,4,3
1587,5,4
1588,8,7
1589,8,7
1590,4,3
1591,2,1
1592,5,4
1593,4,3
1594,6,5
1595,6,5
1596,8,7
1597,2,1
1598,4,3
1599,7,6
1600,7,6
*BREAK*
*CHUNK,GROUP:A
1601,5,4
1602,4,3
1603,8,7
1604,2,1
1605,6,5
1606,6,5
1607,6,5
1608,1,0
1609,2,1
1610,6,5
1611,3,2
1612,3,2
1613,8,7
1614,3,2
1615,1,0
1616,6,5
1617,5,4
1618,8,7
1619,5,4
1620,3,2
1621,2,1
1622,7,6
1623,1,0
1624,7,6
1625,7,6
1626,5,4
1627,2,1
1628,1,0
1629,3,2
1630,7,6
1631,4,3
1632,5,4
1633,7,6
1634,1,0
1635,4,3
1636,2,1
1637,8,7
1638,8,7
1639,4,3
1640,4,3
*BREAK*
*CHUNK,GROUP:B
1641,3,10
1642,1,8
1643,2,9
1644,8,15
1645,1,8
1646,6,13
1647,4,11
1648,7,14
1649,8,15
1650,3,10
1651,6,13
1652,5,12
1653,2,9
1654,7,14
1655,7,14
1656,6,13
1657,5,12
1658,6,13
1659,5,12
1660,7,14
1661,1,8
1662,3,10
1663,1,8
1664,2,9
1665,1,8
1666,4,11
1667,2,9
1668,4,11
1669,7,14
1670,3,10
1671,5,12
1672,5,12
1673,4,11
1674,3,10
1675,8,15
1676,6,13
1677,8,15
1678,8,15
1679,2,9
1680,4,11
*BREAK*
*CHUNK,GROUP:B
1681,2,9
1682,3,10
1683,2,9
1684,4,11
1685,2,9
1686,5,12
1687,4,11
1688,1,8
1689,5,12
1690,1,8
1691,1,8
1692,8,15
1693,7,14
1694,6,13
1695,8,15
1696,4,11
1697,8,15
1698,6,13
1699,7,14
1700,1,8
1701,6,13
1702,7,14
1703,6,13
1704,5,12
1705,3,10
1706,4,11
1707,2,9
1708,5,12
1709,1,8
1710,3,10
1711,6,13
1712,8,15
1713,7,14
1714,2,9
1715,3,10
1716,7,14
1717,3,10
1718,5,12
1719,8,15
1720,4,11
