*BaseSeed:1000,Group:0
*CHUNK,SEED:1000,GROUP:A
1001,8,7
1002,3,2
1003,5,4
1004,4,3
1005,7,6
1006,6,5
1007,1,0
1008,1,0
1009,4,3
1010,8,7
1011,5,4
1012,8,7
1013,6,5
1014,2,1
1015,7,6
1016,3,2
1017,3,2
1018,2,1
1019,6,5
1020,4,3
1021,5,4
1022,1,0
1023,7,6
1024,2,1
*WARNING*
*CHUNK,GROUP:B
1025,5,12
1026,7,14
1027,4,11
1028,2,9
1029,1,8
1030,6,13
1031,1,8
1032,6,13
1033,2,9
1034,4,11
1035,8,15
1036,2,9
1037,7,14
1038,3,10
1039,4,11
1040,3,10
1041,3,10
1042,8,15
1043,5,12
1044,6,13
1045,7,14
1046,8,15
1047,5,12
1048,1,8
*CHUNK,GROUP:B
1049,2,9
1050,2,9
1051,3,10
1052,1,8
1053,6,13
1054,8,15
1055,8,15
1056,8,15
1057,4,11
1058,5,12
1059,1,8
1060,3,10
1061,7,14
1062,6,13
1063,4,11
1064,3,10
1065,7,14
1066,1,8
1067,5,12
1068,5,12
1069,2,9
1070,6,13
1071,4,11
1072,7,14
*WARNING*
*CHUNK,GROUP:A
1073,3,2
1074,2,1
1075,7,6
1076,1,0
1077,1,0
1078,4,3
1079,3,2
1080,5,4
1081,7,6
1082,4,3
1083,3,2
1084,5,4
1085,6,5
1086,5,4
1087,6,5
1088,2,1
1089,6,5
1090,8,7
1091,7,6
1092,8,7
1093,8,7
1094,4,3
1095,2,1
1096,1,0
*BREAK*
*CHUNK,GROUP:A
1097,3,2
1098,4,3
1099,3,2
1100,5,4
1101,2,1
1102,1,0
1103,8,7
1104,2,1
1105,8,7
1106,1,0
1107,4,3
1108,2,1
1109,5,4
1110,4,3
1111,8,7
1112,6,5
1113,7,6
1114,6,5
1115,7,6
1116,3,2
1117,7,6
1118,5,4
1119,1,0
1120,6,5
*CHUNK,GROUP:A
1121,1,0
1122,5,4
1123,2,1
1124,3,2
1125,7,6
1126,8,7
1127,8,7
1128,6,5
1129,5,4
1130,4,3
1131,4,3
1132,7,6
1133,2,1
1134,2,1
1135,1,0
1136,3,2
1137,6,5
1138,5,4
1139,8,7
1140,6,5
1141,1,0
1142,4,3
1143,7,6
1144,3,2
*CHUNK,GROUP:B
1145,7,14
1146,1,8
1147,7,14
1148,2,9
1149,6,13
1150,3,10
1151,7,14
1152,8,15
1153,2,9
1154,6,13
1155,8,15
1156,5,12
1157,8,15
1158,4,11
1159,3,10
1160,1,8
1161,2,9
1162,4,11
1163,6,13
1164,1,8
1165,4,11
1166,5,12
1167,5,12
1168,3,10
*CHUNK,GROUP:B
1169,2,9
1170,1,8
1171,1,8
1172,5,12
1173,4,11
1174,8,15
1175,6,13
1176,7,14
1177,3,10
1178,4,11
1179,4,11
1180,8,15
1181,3,10
1182,5,12
1183,3,10
1184,6,13
1185,6,13
1186,2,9
1187,5,12
1188,1,8
1189,7,14
1190,2,9
1191,8,15
1192,7,14
*CHUNK,GROUP:A
1193,1,0
1194,3,2
1195,5,4
1196,6,5
1197,4,3
1198,4,3
1199,7,6
1200,6,5
1201,3,2
1202,6,5
1203,8,7
1204,7,6
1205,1,0
1206,8,7
1207,2,1
1208,2,1
1209,5,4
1210,2,1
1211,8,7
1212,7,6
1213,5,4
1214,3,2
1215,1,0
1216,4,3
*CHUNK,GROUP:A
1217,2,1
1218,4,3
1219,2,1
1220,5,4
1221,5,4
1222,7,6
1223,1,0
1224,8,7
1225,4,3
1226,8,7
1227,6,5
1228,3,2
1229,2,1
1230,3,2
1231,5,4
1232,4,3
1233,7,6
1234,7,6
1235,6,5
1236,1,0
1237,3,2
1238,6,5
1239,1,0
1240,8,7
*WARNING*
*CHUNK,GROUP:B
1241,7,14
1242,1,8
1243,8,15
1244,6,13
1245,4,11
1246,8,15
1247,8,15
1248,6,13
1249,4,11
1250,3,10
1251,5,12
1252,5,12
1253,2,9
1254,1,8
1255,3,10
1256,6,13
1257,2,9
1258,4,11
1259,5,12
1260,7,14
1261,3,10
1262,7,14
1263,1,8
1264,2,9
*BREAK*
*CHUNK,GROUP:B
1265,8,15
1266,5,12
1267,2,9
1268,2,9
1269,6,13
1270,4,11
1271,4,11
1272,7,14
1273,1,8
1274,1,8
1275,2,9
1276,7,14
1277,5,12
1278,3,10
1279,6,13
1280,1,8
1281,6,13
1282,3,10
1283,8,15
1284,7,14
1285,8,15
1286,4,11
1287,5,12
1288,3,10
*CHUNK,GROUP:B
1289,8,15
1290,8,15
1291,1,8
1292,3,10
1293,2,9
1294,4,11
1295,1,8
1296,6,13
1297,7,14
1298,5,12
1299,3,10
1300,2,9
1301,1,8
1302,4,11
1303,5,12
1304,5,12
1305,7,14
1306,4,11
1307,6,13
1308,3,10
1309,7,14
1310,2,9
1311,6,13
1312,8,15
*CHUNK,GROUP:A
1313,4,3
1314,2,1
1315,3,2
1316,1,0
1317,5,4
1318,3,2
1319,7,6
1320,8,7
1321,6,5
1322,3,2
1323,1,0
1324,1,0
1325,8,7
1326,4,3
1327,5,4
1328,7,6
1329,7,6
1330,6,5
1331,2,1
1332,8,7
1333,5,4
1334,6,5
1335,2,1
1336,4,3
*CHUNK,GROUP:A
1337,1,0
1338,6,5
1339,3,2
1340,8,7
1341,7,6
1342,3,2
1343,1,0
1344,5,4
1345,4,3
1346,4,3
1347,7,6
1348,2,1
1349,1,0
1350,4,3
1351,6,5
1352,7,6
1353,3,2
1354,5,4
1355,2,1
1356,2,1
1357,8,7
1358,8,7
1359,6,5
1360,5,4
*WARNING*
*CHUNK,GROUP:B
1361,8,15
1362,6,13
1363,4,11
1364,4,11
1365,7,14
1366,2,9
1367,2,9
1368,7,14
1369,5,12
1370,3,10
1371,1,8
1372,3,10
1373,3,10
1374,6,13
1375,2,9
1376,8,15
1377,5,12
1378,5,12
1379,7,14
1380,4,11
1381,1,8
1382,6,13
1383,1,8
1384,8,15
*CHUNK,GROUP:B
1385,1,8
1386,1,8
1387,3,10
1388,8,15
1389,7,14
1390,6,13
1391,5,12
1392,3,10
1393,4,11
1394,3,10
1395,2,9
1396,2,9
1397,4,11
1398,6,13
1399,8,15
1400,4,11
1401,5,12
1402,1,8
1403,6,13
1404,7,14
1405,8,15
1406,2,9
1407,5,12
1408,7,14
*WARNING*
*CHUNK,GROUP:A
1409,5,4
1410,6,5
1411,7,6
1412,4,3
1413,6,5
1414,3,2
1415,8,7
1416,1,0
1417,8,7
1418,3,2
1419,2,1
1420,4,3
1421,4,3
1422,5,4
1423,1,0
1424,6,5
1425,2,1
1426,7,6
1427,5,4
1428,7,6
1429,1,0
1430,3,2
1431,2,1
1432,8,7
*BREAK*
*CHUNK,GROUP:A
1433,4,3
1434,6,5
1435,1,0
1436,1,0
1437,2,1
1438,8,7
1439,3,2
1440,1,0
1441,7,6
1442,2,1
1443,6,5
1444,7,6
1445,4,3
1446,6,5
1447,5,4
1448,3,2
1449,3,2
1450,5,4
1451,2,1
1452,8,7
1453,5,4
1454,4,3
1455,7,6
1456,8,7
*CHUNK,GROUP:A
1457,2,1
1458,4,3
1459,1,0
1460,6,5
1461,5,4
1462,7,6
1463,1,0
1464,7,6
1465,8,7
1466,3,2
1467,4,3
1468,7,6
1469,3,2
1470,6,5
1471,1,0
1472,2,1
1473,5,4
1474,4,3
1475,8,7
1476,8,7
1477,6,5
1478,2,1
1479,5,4
1480,3,2
*CHUNK,GROUP:B
1481,2,9
1482,4,11
1483,3,10
1484,1,8
1485,6,13
1486,7,14
1487,8,15
1488,2,9
1489,5,12
1490,8,15
1491,8,15
1492,4,11
1493,1,8
1494,1,8
1495,4,11
1496,5,12
1497,6,13
1498,2,9
1499,3,10
1500,7,14
1501,6,13
1502,3,10
1503,7,14
1504,5,12
*CHUNK,GROUP:B
1505,5,12
1506,5,12
1507,7,14
1508,6,13
1509,1,8
1510,2,9
1511,8,15
1512,4,11
1513,8,15
1514,6,13
1515,6,13
1516,3,10
1517,3,10
1518,3,10
1519,2,9
1520,7,14
1521,1,8
1522,8,15
1523,4,11
1524,7,14
1525,1,8
1526,5,12
1527,2,9
1528,4,11
*WARNING*
*CHUNK,GROUP:A
1529,6,5
1530,4,3
1531,5,4
1532,4,3
1533,2,1
1534,3,2
1535,1,0
1536,1,0
1537,3,2
1538,5,4
1539,8,7
1540,2,1
1541,5,4
1542,2,1
1543,7,6
1544,8,7
1545,6,5
1546,8,7
1547,4,3
1548,6,5
1549,3,2
1550,7,6
1551,7,6
1552,1,0
*CHUNK,GROUP:A
1553,1,0
1554,7,6
1555,5,4
1556,3,2
1557,4,3
1558,8,7
1559,3,2
1560,3,2
1561,7,6
1562,1,0
1563,8,7
1564,8,7
1565,6,5
1566,4,3
1567,6,5
1568,2,1
1569,6,5
1570,4,3
1571,1,0
1572,5,4
1573,2,1
1574,5,4
1575,7,6
1576,2,1
*WARNING*
*CHUNK,GROUP:B
1577,1,8
1578,8,15
1579,5,12
1580,5,12
1581,6,13
1582,8,15
1583,8,15
1584,2,9
1585,7,14
1586,4,11
1587,1,8
1588,4,11
1589,7,14
1590,5,12
1591,2,9
1592,6,13
1593,7,14
1594,4,11
1595,3,10
1596,3,10
1597,1,8
1598,6,13
1599,3,10
1600,2,9
*BREAK*
*CHUNK,GROUP:B
1601,1,8
1602,2,9
1603,7,14
1604,8,15
1605,7,14
1606,5,12
1607,6,13
1608,2,9
1609,7,14
1610,4,11
1611,6,13
1612,6,13
1613,8,15
1614,4,11
1615,3,10
1616,3,10
1617,5,12
1618,2,9
1619,5,12
1620,3,10
1621,1,8
1622,1,8
1623,4,11
1624,8,15
*CHUNK,GROUP:B
1625,6,13
1626,8,15
1627,6,13
1628,7,14
1629,5,12
1630,5,12
1631,7,14
1632,2,9
1633,1,8
1634,8,15
1635,3,10
1636,1,8
1637,4,11
1638,3,10
1639,7,14
1640,4,11
1641,5,12
1642,4,11
1643,3,10
1644,2,9
1645,8,15
1646,2,9
1647,6,13
1648,1,8
*CHUNK,GROUP:A
1649,1,0
1650,6,5
1651,1,0
1652,2,1
1653,8,7
1654,3,2
1655,4,3
1656,5,4
1657,3,2
1658,3,2
1659,7,6
1660,7,6
1661,2,1
1662,5,4
1663,4,3
1664,8,7
1665,1,0
1666,8,7
1667,4,3
1668,5,4
1669,7,6
1670,2,1
1671,6,5
1672,6,5
*CHUNK,GROUP:A
1673,7,6
1674,2,1
1675,1,0
1676,3,2
1677,6,5
1678,4,3
1679,7,6
1680,5,4
1681,3,2
1682,3,2
1683,7,6
1684,8,7
1685,2,1
1686,1,0
1687,1,0
1688,8,7
1689,4,3
1690,6,5
1691,5,4
1692,5,4
1693,6,5
1694,2,1
1695,8,7
1696,4,3
*CHUNK,GROUP:B
1697,8,15
1698,1,8
1699,7,14
1700,6,13
1701,5,12
1702,2,9
1703,1,8
1704,7,14
1705,4,11
1706,6,13
1707,7,14
1708,8,15
1709,5,12
1710,3,10
1711,4,11
1712,3,10
1713,5,12
1714,8,15
1715,2,9
1716,6,13
1717,3,10
1718,4,11
1719,1,8
1720,2,9
*CHUNK,GROUP:B
1721,8,15
1722,3,10
1723,6,13
1724,7,14
1725,2,9
1726,6,13
1727,8,15
1728,1,8
1729,1,8
1730,7,14
1731,3,10
1732,4,11
1733,2,9
1734,8,15
1735,4,11
1736,7,14
1737,5,12
1738,6,13
1739,1,8
1740,4,11
1741,5,12
1742,2,9
1743,5,12
1744,3,10
*CHUNK,GROUP:A
1745,1,0
1746,3,2
1747,7,6
1748,2,1
1749,6,5
1750,1,0
1751,5,4
1752,8,7
1753,5,4
1754,6,5
1755,4,3
1756,8,7
1757,7,6
1758,3,2
1759,4,3
1760,8,7
1761,1,0
1762,6,5
1763,2,1
1764,7,6
1765,3,2
1766,5,4
1767,4,3
1768,2,1
*CHUNK,GROUP:A
1769,7,6
1770,1,0
1771,8,7
1772,4,3
1773,1,0
1774,5,4
1775,7,6
1776,6,5
1777,4,3
1778,2,1
1779,8,7
1780,6,5
1781,3,2
1782,8,7
1783,3,2
1784,7,6
1785,1,0
1786,2,1
1787,5,4
1788,6,5
1789,2,1
1790,3,2
1791,4,3
1792,5,4
