*BaseSeed:1000,Group:1
*CHUNK,SEED:1000,GROUP:B
1001,8,15
1002,3,10
1003,5,12
1004,4,11
1005,7,14
1006,6,13
1007,1,8
1008,1,8
1009,4,11
1010,8,15
1011,5,12
1012,8,15
1013,6,13
1014,2,9
1015,7,14
1016,3,10
1017,3,10
1018,2,9
1019,6,13
1020,4,11
1021,5,12
1022,1,8
1023,7,14
1024,2,9
*BREAK*
*CHUNK,GROUP:B
1025,4,11
1026,2,9
1027,1,8
1028,6,13
1029,1,8
1030,6,13
1031,2,9
1032,4,11
1033,8,15
1034,2,9
1035,7,14
1036,4,11
1037,5,12
1038,3,10
1039,3,10
1040,8,15
1041,5,12
1042,5,12
1043,7,14
1044,8,15
1045,7,14
1046,6,13
1047,1,8
1048,3,10
*BREAK*
*CHUNK,GROUP:A
1049,5,4
1050,8,7
1051,7,6
1052,8,7
1053,3,2
1054,4,3
1055,1,0
1056,2,1
1057,8,7
1058,6,5
1059,4,3
1060,2,1
1061,7,6
1062,1,0
1063,5,4
1064,4,3
1065,2,1
1066,3,2
1067,3,2
1068,7,6
1069,6,5
1070,6,5
1071,5,4
1072,1,0
*BREAK*
*CHUNK,GROUP:A
1073,3,2
1074,5,4
1075,7,6
1076,2,1
1077,2,1
1078,4,3
1079,5,4
1080,4,3
1081,4,3
1082,1,0
1083,6,5
1084,6,5
1085,6,5
1086,8,7
1087,8,7
1088,7,6
1089,3,2
1090,3,2
1091,5,4
1092,8,7
1093,7,6
1094,2,1
1095,1,0
1096,1,0
*BREAK*
*CHUNK,GROUP:B
1097,8,15
1098,2,9
1099,8,15
1100,1,8
1101,3,10
1102,2,9
1103,3,10
1104,3,10
1105,7,14
1106,5,12
1107,7,14
1108,6,13
1109,6,13
1110,4,11
1111,6,13
1112,5,12
1113,1,8
1114,4,11
1115,7,14
1116,4,11
1117,2,9
1118,5,12
1119,8,15
1120,1,8
*BREAK*
*CHUNK,GROUP:B
1121,5,12
1122,5,12
1123,4,11
1124,7,14
1125,2,9
1126,2,9
1127,2,9
1128,3,10
1129,7,14
1130,5,12
1131,8,15
1132,6,13
1133,1,8
1134,4,11
1135,6,13
1136,8,15
1137,1,8
1138,8,15
1139,3,10
1140,7,14
1141,3,10
1142,6,13
1143,4,11
1144,1,8
*BREAK*
*CHUNK,GROUP:A
1145,8,7
1146,5,4
1147,8,7
1148,5,4
1149,4,3
1150,1,0
1151,2,1
1152,3,2
1153,7,6
1154,1,0
1155,4,3
1156,7,6
1157,7,6
1158,3,2
1159,2,1
1160,2,1
1161,6,5
1162,4,3
1163,3,2
1164,8,7
1165,5,4
1166,6,5
1167,1,0
1168,6,5
*BREAK*
*CHUNK,GROUP:A
1169,3,2
1170,4,3
1171,3,2
1172,5,4
1173,5,4
1174,4,3
1175,5,4
1176,1,0
1177,4,3
1178,2,1
1179,8,7
1180,8,7
1181,6,5
1182,7,6
1183,7,6
1184,2,1
1185,7,6
1186,2,1
1187,1,0
1188,3,2
1189,6,5
1190,6,5
1191,8,7
1192,1,0
*BREAK*
*CHUNK,GROUP:B
1193,2,9
1194,2,9
1195,6,13
1196,3,10
1197,8,15
1198,8,15
1199,7,14
1200,5,12
1201,2,9
1202,4,11
1203,4,11
1204,5,12
1205,5,12
1206,1,8
1207,6,13
1208,3,10
1209,1,8
1210,7,14
1211,8,15
1212,4,11
1213,6,13
1214,1,8
1215,7,14
1216,3,10
*BREAK*
*CHUNK,GROUP:B
1217,6,13
1218,7,14
1219,5,12
1220,3,10
1221,3,10
1222,4,11
1223,1,8
1224,8,15
1225,8,15
1226,4,11
1227,2,9
1228,8,15
1229,5,12
1230,1,8
1231,4,11
1232,2,9
1233,1,8
1234,7,14
1235,5,12
1236,3,10
1237,2,9
1238,7,14
1239,6,13
1240,6,13
*BREAK*
*CHUNK,GROUP:A
1241,5,4
1242,8,7
1243,4,3
1244,6,5
1245,1,0
1246,3,2
1247,7,6
1248,7,6
1249,6,5
1250,3,2
1251,3,2
1252,5,4
1253,4,3
1254,5,4
1255,6,5
1256,2,1
1257,1,0
1258,2,1
1259,8,7
1260,7,6
1261,1,0
1262,4,3
1263,2,1
1264,8,7
*BREAK*
*CHUNK,GROUP:A
1265,7,6
1266,6,5
1267,7,6
1268,4,3
1269,8,7
1270,5,4
1271,6,5
1272,8,7
1273,1,0
1274,4,3
1275,1,0
1276,2,1
1277,7,6
1278,8,7
1279,3,2
1280,5,4
1281,6,5
1282,2,1
1283,1,0
1284,5,4
1285,3,2
1286,2,1
1287,3,2
1288,4,3
*BREAK*
*CHUNK,GROUP:B
1289,6,13
1290,1,8
1291,4,11
1292,3,10
1293,8,15
1294,2,9
1295,1,8
1296,7,14
1297,5,12
1298,2,9
1299,1,8
1300,2,9
1301,6,13
1302,7,14
1303,7,14
1304,3,10
1305,5,12
1306,3,10
1307,4,11
1308,6,13
1309,4,11
1310,8,15
1311,8,15
1312,5,12
*BREAK*
*CHUNK,GROUP:B
1313,2,9
1314,2,9
1315,6,13
1316,3,10
1317,2,9
1318,7,14
1319,5,12
1320,5,12
1321,8,15
1322,1,8
1323,3,10
1324,5,12
1325,4,11
1326,4,11
1327,8,15
1328,6,13
1329,6,13
1330,4,11
1331,7,14
1332,7,14
1333,1,8
1334,1,8
1335,3,10
1336,8,15
*BREAK*
*CHUNK,GROUP:A
1337,7,6
1338,4,3
1339,2,1
1340,6,5
1341,2,1
1342,1,0
1343,7,6
1344,2,1
1345,3,2
1346,5,4
1347,1,0
1348,4,3
1349,8,7
1350,8,7
1351,4,3
1352,8,7
1353,3,2
1354,6,5
1355,6,5
1356,5,4
1357,5,4
1358,3,2
1359,1,0
1360,7,6
*BREAK*
*CHUNK,GROUP:A
1361,5,4
1362,3,2
1363,1,0
1364,6,5
1365,3,2
1366,2,1
1367,7,6
1368,4,3
1369,7,6
1370,6,5
1371,8,7
1372,4,3
1373,2,1
1374,7,6
1375,2,1
1376,5,4
1377,1,0
1378,5,4
1379,4,3
1380,8,7
1381,3,2
1382,1,0
1383,8,7
1384,6,5
*BREAK*
*CHUNK,GROUP:B
1385,4,11
1386,1,8
1387,3,10
1388,5,12
1389,1,8
1390,2,9
1391,8,15
1392,4,11
1393,4,11
1394,2,9
1395,7,14
1396,3,10
1397,6,13
1398,5,12
1399,6,13
1400,5,12
1401,6,13
1402,1,8
1403,3,10
1404,7,14
1405,8,15
1406,2,9
1407,8,15
1408,7,14
*BREAK*
*CHUNK,GROUP:B
1409,1,8
1410,1,8
1411,1,8
1412,7,14
1413,2,9
1414,3,10
1415,8,15
1416,2,9
1417,7,14
1418,4,11
1419,6,13
1420,8,15
1421,5,12
1422,4,11
1423,8,15
1424,4,11
1425,6,13
1426,3,10
1427,7,14
1428,2,9
1429,6,13
1430,3,10
1431,5,12
1432,5,12
*BREAK*
*CHUNK,GROUP:A
1433,8,7
1434,3,2
1435,8,7
1436,3,2
1437,5,4
1438,7,6
1439,2,1
1440,4,3
1441,1,0
1442,5,4
1443,1,0
1444,3,2
1445,1,0
1446,7,6
1447,6,5
1448,2,1
1449,6,5
1450,5,4
1451,6,5
1452,8,7
1453,4,3
1454,4,3
1455,7,6
1456,2,1
*BREAK*
*CHUNK,GROUP:A
1457,7,6
1458,3,2
1459,8,7
1460,6,5
1461,5,4
1462,4,3
1463,1,0
1464,1,0
1465,2,1
1466,6,5
1467,8,7
1468,5,4
1469,2,1
1470,3,2
1471,6,5
1472,7,6
1473,5,4
1474,2,1
1475,8,7
1476,4,3
1477,1,0
1478,3,2
1479,7,6
1480,4,3
*BREAK*
*CHUNK,GROUP:B
1481,7,14
1482,8,15
1483,6,13
1484,4,11
1485,8,15
1486,2,9
1487,6,13
1488,5,12
1489,3,10
1490,5,12
1491,4,11
1492,3,10
1493,1,8
1494,6,13
1495,1,8
1496,2,9
1497,4,11
1498,2,9
1499,7,14
1500,1,8
1501,8,15
1502,3,10
1503,7,14
1504,5,12
*BREAK*
*CHUNK,GROUP:B
1505,7,14
1506,5,12
1507,3,10
1508,1,8
1509,1,8
1510,8,15
1511,1,8
1512,2,9
1513,2,9
1514,3,10
1515,7,14
1516,4,11
1517,5,12
1518,6,13
1519,5,12
1520,4,11
1521,8,15
1522,8,15
1523,7,14
1524,6,13
1525,2,9
1526,6,13
1527,3,10
1528,4,11
*BREAK*
*CHUNK,GROUP:A
1529,2,1
1530,6,5
1531,8,7
1532,6,5
1533,5,4
1534,5,4
1535,8,7
1536,6,5
1537,3,2
1538,4,3
1539,2,1
1540,7,6
1541,4,3
1542,4,3
1543,1,0
1544,3,2
1545,1,0
1546,5,4
1547,7,6
1548,3,2
1549,8,7
1550,1,0
1551,2,1
1552,7,6
*BREAK*
*CHUNK,GROUP:A
1553,6,5
1554,7,6
1555,3,2
1556,4,3
1557,3,2
1558,2,1
1559,4,3
1560,5,4
1561,1,0
1562,1,0
1563,8,7
1564,1,0
1565,8,7
1566,8,7
1567,7,6
1568,6,5
1569,5,4
1570,3,2
1571,6,5
1572,2,1
1573,5,4
1574,2,1
1575,4,3
1576,7,6
