*BaseSeed:1025,Group:0
*CHUNK,SEED:1025,GROUP:A
1001,6,5
1002,8,7
1003,1,0
1004,1,0
1005,4,3
1006,2,1
1007,5,4
1008,5,4
1009,4,3
1010,4,3
1011,3,2
1012,5,4
1013,7,6
1014,3,2
1015,8,7
1016,8,7
1017,8,7
1018,3,2
1019,7,6
1020,8,7
1021,6,5
1022,5,4
1023,3,2
1024,4,3
1025,6,5
1026,6,5
1027,7,6
1028,3,2
1029,4,3
1030,1,0
1031,1,0
1032,7,6
1033,1,0
1034,5,4
1035,2,1
1036,7,6
1037,2,1
1038,6,5
1039,2,1
1040,2,1
*BREAK*
*CHUNK,GROUP:A
1041,5,4
1042,8,7
1043,3,2
1044,1,0
1045,2,1
1046,8,7
1047,7,6
1048,4,3
1049,6,5
1050,4,3
1051,6,5
1052,4,3
1053,8,7
1054,1,0
1055,2,1
1056,5,4
1057,2,1
1058,4,3
1059,6,5
1060,6,5
1061,2,1
1062,3,2
1063,7,6
1064,5,4
1065,7,6
1066,1,0
1067,2,1
1068,7,6
1069,6,5
1070,7,6
1071,3,2
1072,8,7
1073,5,4
1074,8,7
1075,3,2
1076,3,2
1077,1,0
1078,5,4
1079,4,3
1080,1,0
*BREAK*
*CHUNK,GROUP:B
1081,3,10
1082,6,13
1083,3,10
1084,6,13
1085,2,9
1086,1,8
1087,8,15
1088,2,9
1089,7,14
1090,3,10
1091,4,11
1092,6,13
1093,8,15
1094,8,15
1095,2,9
1096,1,8
1097,7,14
1098,2,9
1099,7,14
1100,3,10
1101,5,12
1102,6,13
1103,3,10
1104,6,13
1105,2,9
1106,4,11
1107,4,11
1108,5,12
1109,5,12
1110,1,8
1111,4,11
1112,7,14
1113,1,8
1114,7,14
1115,5,12
1116,4,11
1117,8,15
1118,5,12
1119,8,15
1120,1,8
*BREAK*
*CHUNK,GROUP:B
1121,2,9
1122,7,14
1123,8,15
1124,4,11
1125,6,13
1126,4,11
1127,5,12
1128,7,14
1129,5,12
1130,8,15
1131,3,10
1132,1,8
1133,3,10
1134,7,14
1135,7,14
1136,2,9
1137,2,9
1138,8,15
1139,5,12
1140,1,8
1141,5,12
1142,3,10
1143,2,9
1144,1,8
1145,4,11
1146,6,13
1147,4,11
1148,3,10
1149,1,8
1150,6,13
1151,6,13
1152,6,13
1153,7,14
1154,2,9
1155,3,10
1156,8,15
1157,4,11
1158,5,12
1159,8,15
1160,1,8
*BREAK*
*CHUNK,GROUP:A
1161,1,0
1162,8,7
1163,5,4
1164,6,5
1165,6,5
1166,3,2
1167,8,7
1168,1,0
1169,7,6
1170,6,5
1171,1,0
1172,7,6
1173,2,1
1174,3,2
1175,5,4
1176,7,6
1177,2,1
1178,2,1
1179,3,2
1180,8,7
1181,2,1
1182,6,5
1183,3,2
1184,7,6
1185,7,6
1186,1,0
1187,5,4
1188,1,0
1189,4,3
1190,5,4
1191,5,4
1192,2,1
1193,8,7
1194,4,3
1195,3,2
1196,4,3
1197,4,3
1198,8,7
1199,6,5
1200,4,3
*BREAK*
*CHUNK,GROUP:A
1201,7,6
1202,3,2
1203,7,6
1204,4,3
1205,2,1
1206,4,3
1207,8,7
1208,7,6
1209,6,5
1210,8,7
1211,5,4
1212,3,2
1213,4,3
1214,1,0
1215,6,5
1216,7,6
1217,1,0
1218,2,1
1219,1,0
1220,2,1
1221,5,4
1222,6,5
1223,6,5
1224,4,3
1225,8,7
1226,5,4
1227,2,1
1228,3,2
1229,3,2
1230,1,0
1231,6,5
1232,1,0
1233,2,1
1234,8,7
1235,5,4
1236,8,7
1237,7,6
1238,5,4
1239,4,3
1240,3,2
*BREAK*
*CHUNK,GROUP:B
1241,6,13
1242,6,13
1243,5,12
1244,1,8
1245,7,14
1246,1,8
1247,4,11
1248,6,13
1249,2,9
1250,5,12
1251,8,15
1252,7,14
1253,2,9
1254,3,10
1255,3,10
1256,7,14
1257,4,11
1258,2,9
1259,2,9
1260,6,13
1261,4,11
1262,7,14
1263,8,15
1264,8,15
1265,2,9
1266,1,8
1267,4,11
1268,3,10
1269,7,14
1270,1,8
1271,1,8
1272,5,12
1273,6,13
1274,8,15
1275,8,15
1276,4,11
1277,3,10
1278,5,12
1279,5,12
1280,3,10
*BREAK*
*CHUNK,GROUP:B
1281,8,15
1282,6,13
1283,7,14
1284,5,12
1285,1,8
1286,3,10
1287,8,15
1288,2,9
1289,2,9
1290,1,8
1291,3,10
1292,2,9
1293,5,12
1294,4,11
1295,6,13
1296,7,14
1297,8,15
1298,1,8
1299,3,10
1300,4,11
1301,6,13
1302,7,14
1303,2,9
1304,3,10
1305,7,14
1306,3,10
1307,5,12
1308,1,8
1309,1,8
1310,5,12
1311,5,12
1312,4,11
1313,6,13
1314,8,15
1315,7,14
1316,4,11
1317,4,11
1318,2,9
1319,8,15
1320,6,13
*BREAK*
*CHUNK,GROUP:A
1321,4,3
1322,4,3
1323,7,6
1324,4,3
1325,8,7
1326,5,4
1327,3,2
1328,6,5
1329,1,0
1330,3,2
1331,5,4
1332,7,6
1333,8,7
1334,6,5
1335,2,1
1336,2,1
1337,6,5
1338,6,5
1339,5,4
1340,2,1
1341,1,0
1342,3,2
1343,1,0
1344,5,4
1345,4,3
1346,7,6
1347,8,7
1348,4,3
1349,2,1
1350,5,4
1351,2,1
1352,7,6
1353,8,7
1354,3,2
1355,1,0
1356,6,5
1357,1,0
1358,7,6
1359,8,7
1360,3,2
*BREAK*
*CHUNK,GROUP:A
1361,3,2
1362,7,6
1363,4,3
1364,3,2
1365,1,0
1366,8,7
1367,4,3
1368,6,5
1369,7,6
1370,2,1
1371,6,5
1372,4,3
1373,5,4
1374,8,7
1375,4,3
1376,2,1
1377,5,4
1378,4,3
1379,8,7
1380,7,6
1381,5,4
1382,3,2
1383,8,7
1384,1,0
1385,2,1
1386,6,5
1387,8,7
1388,2,1
1389,3,2
1390,7,6
1391,5,4
1392,1,0
1393,1,0
1394,6,5
1395,7,6
1396,3,2
1397,2,1
1398,5,4
1399,1,0
1400,6,5
*BREAK*
*CHUNK,GROUP:B
1401,7,14
1402,7,14
1403,6,13
1404,4,11
1405,8,15
1406,8,15
1407,7,14
1408,8,15
1409,4,11
1410,1,8
1411,7,14
1412,2,9
1413,1,8
1414,3,10
1415,6,13
1416,1,8
1417,8,15
1418,2,9
1419,5,12
1420,2,9
1421,4,11
1422,3,10
1423,4,11
1424,5,12
1425,6,13
1426,3,10
1427,3,10
1428,5,12
1429,1,8
1430,3,10
1431,6,13
1432,2,9
1433,5,12
1434,6,13
1435,7,14
1436,4,11
1437,5,12
1438,1,8
1439,2,9
1440,8,15
*BREAK*
*CHUNK,GROUP:B
1441,6,13
1442,2,9
1443,4,11
1444,3,10
1445,7,14
1446,7,14
1447,8,15
1448,6,13
1449,4,11
1450,7,14
1451,8,15
1452,1,8
1453,1,8
1454,1,8
1455,8,15
1456,7,14
1457,2,9
1458,5,12
1459,6,13
1460,2,9
1461,5,12
1462,3,10
1463,1,8
1464,7,14
1465,3,10
1466,4,11
1467,6,13
1468,2,9
1469,8,15
1470,4,11
1471,3,10
1472,4,11
1473,2,9
1474,3,10
1475,6,13
1476,5,12
1477,8,15
1478,5,12
1479,5,12
1480,1,8
*BREAK*
*CHUNK,GROUP:A
1481,6,5
1482,4,3
1483,3,2
1484,6,5
1485,2,1
1486,8,7
1487,6,5
1488,4,3
1489,5,4
1490,1,0
1491,3,2
1492,6,5
1493,8,7
1494,5,4
1495,6,5
1496,1,0
1497,8,7
1498,4,3
1499,3,2
1500,7,6
1501,2,1
1502,3,2
1503,1,0
1504,7,6
1505,5,4
1506,2,1
1507,3,2
1508,7,6
1509,5,4
1510,2,1
1511,5,4
1512,4,3
1513,2,1
1514,1,0
1515,8,7
1516,1,0
1517,7,6
1518,4,3
1519,8,7
1520,7,6
*BREAK*
*CHUNK,GROUP:A
1521,5,4
1522,8,7
1523,2,1
1524,5,4
1525,5,4
1526,7,6
1527,7,6
1528,2,1
1529,4,3
1530,3,2
1531,6,5
1532,6,5
1533,2,1
1534,1,0
1535,5,4
1536,6,5
1537,3,2
1538,2,1
1539,8,7
1540,3,2
1541,8,7
1542,1,0
1543,7,6
1544,4,3
1545,3,2
1546,4,3
1547,2,1
1548,8,7
1549,6,5
1550,1,0
1551,4,3
1552,1,0
1553,5,4
1554,3,2
1555,7,6
1556,1,0
1557,7,6
1558,6,5
1559,8,7
1560,4,3
*BREAK*
*CHUNK,GROUP:B
1561,1,8
1562,4,11
1563,1,8
1564,2,9
1565,2,9
1566,6,13
1567,2,9
1568,5,12
1569,6,13
1570,4,11
1571,5,12
1572,7,14
1573,3,10
1574,8,15
1575,2,9
1576,6,13
1577,5,12
1578,4,11
1579,7,14
1580,3,10
1581,7,14
1582,6,13
1583,8,15
1584,2,9
1585,3,10
1586,6,13
1587,7,14
1588,1,8
1589,3,10
1590,5,12
1591,4,11
1592,8,15
1593,1,8
1594,4,11
1595,5,12
1596,7,14
1597,1,8
1598,3,10
1599,8,15
1600,8,15
*BREAK*
*CHUNK,GROUP:B
1601,5,12
1602,2,9
1603,8,15
1604,1,8
1605,3,10
1606,3,10
1607,7,14
1608,8,15
1609,3,10
1610,2,9
1611,7,14
1612,1,8
1613,3,10
1614,8,15
1615,4,11
1616,1,8
1617,4,11
1618,6,13
1619,4,11
1620,5,12
1621,2,9
1622,2,9
1623,8,15
1624,6,13
1625,1,8
1626,7,14
1627,2,9
1628,6,13
1629,6,13
1630,4,11
1631,4,11
1632,3,10
1633,5,12
1634,7,14
1635,5,12
1636,5,12
1637,7,14
1638,1,8
1639,8,15
1640,6,13
*BREAK*
*CHUNK,GROUP:A
1641,5,4
1642,3,2
1643,3,2
1644,5,4
1645,1,0
1646,6,5
1647,1,0
1648,7,6
1649,4,3
1650,7,6
1651,6,5
1652,8,7
1653,2,1
1654,3,2
1655,2,1
1656,3,2
1657,4,3
1658,8,7
1659,6,5
1660,7,6
1661,2,1
1662,2,1
1663,3,2
1664,4,3
1665,5,4
1666,2,1
1667,6,5
1668,4,3
1669,1,0
1670,7,6
1671,5,4
1672,4,3
1673,7,6
1674,6,5
1675,8,7
1676,1,0
1677,1,0
1678,8,7
1679,5,4
1680,8,7
*BREAK*
*CHUNK,GROUP:A
1681,3,2
1682,6,5
1683,2,1
1684,1,0
1685,1,0
1686,6,5
1687,7,6
1688,2,1
1689,7,6
1690,5,4
1691,5,4
1692,1,0
1693,5,4
1694,5,4
1695,4,3
1696,1,0
1697,6,5
1698,3,2
1699,7,6
1700,7,6
1701,6,5
1702,8,7
1703,8,7
1704,4,3
1705,4,3
1706,3,2
1707,2,1
1708,7,6
1709,4,3
1710,3,2
1711,6,5
1712,8,7
1713,5,4
1714,1,0
1715,3,2
1716,2,1
1717,8,7
1718,8,7
1719,2,1
1720,4,3
