*BaseSeed:1043,Group:1
*CHUNK,SEED:1043,GROUP:B
1001,4,11
1002,6,13
1003,3,10
1004,4,11
1005,2,9
1006,1,8
1007,4,11
1008,7,14
1009,2,9
1010,6,13
1011,5,12
1012,4,11
1013,8,15
1014,7,14
1015,8,15
1016,6,13
1017,2,9
1018,8,15
1019,5,12
1020,1,8
1021,7,14
1022,3,10
1023,6,13
1024,7,14
1025,2,9
1026,5,12
1027,2,9
1028,3,10
1029,6,13
1030,5,12
1031,8,15
1032,1,8
1033,1,8
1034,5,12
1035,1,8
1036,8,15
1037,3,10
1038,4,11
1039,3,10
1040,7,14
*BREAK*
*CHUNK,GROUP:B
1041,5,12
1042,5,12
1043,7,14
1044,4,11
1045,2,9
1046,2,9
1047,3,10
1048,8,15
1049,8,15
1050,2,9
1051,1,8
1052,6,13
1053,3,10
1054,5,12
1055,8,15
1056,4,11
1057,3,10
1058,7,14
1059,6,13
1060,7,14
1061,3,10
1062,2,9
1063,8,15
1064,1,8
1065,1,8
1066,2,9
1067,5,12
1068,4,11
1069,1,8
1070,3,10
1071,4,11
1072,8,15
1073,1,8
1074,6,13
1075,5,12
1076,4,11
1077,7,14
1078,6,13
1079,6,13
1080,7,14
*BREAK*
*CHUNK,GROUP:A
1081,7,6
1082,2,1
1083,4,3
1084,5,4
1085,6,5
1086,2,1
1087,7,6
1088,6,5
1089,8,7
1090,5,4
1091,4,3
1092,2,1
1093,1,0
1094,1,0
1095,2,1
1096,6,5
1097,3,2
1098,8,7
1099,6,5
1100,6,5
1101,1,0
1102,5,4
1103,4,3
1104,8,7
1105,2,1
1106,5,4
1107,7,6
1108,5,4
1109,3,2
1110,1,0
1111,7,6
1112,1,0
1113,3,2
1114,8,7
1115,7,6
1116,4,3
1117,8,7
1118,4,3
1119,3,2
1120,3,2
*BREAK*
*CHUNK,GROUP:A
1121,1,0
1122,7,6
1123,1,0
1124,6,5
1125,4,3
1126,6,5
1127,3,2
1128,8,7
1129,3,2
1130,5,4
1131,3,2
1132,3,2
1133,6,5
1134,1,0
1135,2,1
1136,3,2
1137,7,6
1138,7,6
1139,8,7
1140,2,1
1141,8,7
1142,4,3
1143,4,3
1144,8,7
1145,4,3
1146,1,0
1147,2,1
1148,4,3
1149,1,0
1150,2,1
1151,5,4
1152,7,6
1153,5,4
1154,2,1
1155,5,4
1156,8,7
1157,7,6
1158,6,5
1159,6,5
1160,5,4
*BREAK*
*CHUNK,GROUP:B
1161,6,13
1162,6,13
1163,6,13
1164,1,8
1165,3,10
1166,5,12
1167,6,13
1168,4,11
1169,2,9
1170,4,11
1171,2,9
1172,8,15
1173,1,8
1174,2,9
1175,6,13
1176,5,12
1177,7,14
1178,5,12
1179,1,8
1180,7,14
1181,4,11
1182,4,11
1183,3,10
1184,2,9
1185,5,12
1186,2,9
1187,5,12
1188,3,10
1189,8,15
1190,1,8
1191,7,14
1192,4,11
1193,3,10
1194,3,10
1195,8,15
1196,8,15
1197,8,15
1198,1,8
1199,7,14
1200,7,14
*BREAK*
*CHUNK,GROUP:B
1201,7,14
1202,5,12
1203,2,9
1204,5,12
1205,3,10
1206,4,11
1207,3,10
1208,7,14
1209,5,12
1210,2,9
1211,4,11
1212,5,12
1213,6,13
1214,1,8
1215,3,10
1216,4,11
1217,2,9
1218,7,14
1219,1,8
1220,5,12
1221,6,13
1222,1,8
1223,4,11
1224,1,8
1225,7,14
1226,8,15
1227,8,15
1228,3,10
1229,8,15
1230,2,9
1231,8,15
1232,4,11
1233,7,14
1234,6,13
1235,3,10
1236,6,13
1237,6,13
1238,1,8
1239,8,15
1240,2,9
*BREAK*
*CHUNK,GROUP:A
1241,4,3
1242,6,5
1243,3,2
1244,1,0
1245,1,0
1246,3,2
1247,1,0
1248,2,1
1249,5,4
1250,8,7
1251,4,3
1252,6,5
1253,2,1
1254,1,0
1255,8,7
1256,8,7
1257,8,7
1258,4,3
1259,6,5
1260,3,2
1261,3,2
1262,2,1
1263,3,2
1264,7,6
1265,4,3
1266,7,6
1267,6,5
1268,7,6
1269,4,3
1270,2,1
1271,5,4
1272,5,4
1273,7,6
1274,6,5
1275,5,4
1276,7,6
1277,2,1
1278,1,0
1279,5,4
1280,8,7
*BREAK*
*CHUNK,GROUP:A
1281,5,4
1282,2,1
1283,7,6
1284,6,5
1285,4,3
1286,3,2
1287,5,4
1288,4,3
1289,7,6
1290,1,0
1291,6,5
1292,8,7
1293,8,7
1294,5,4
1295,1,0
1296,3,2
1297,5,4
1298,4,3
1299,2,1
1300,2,1
1301,6,5
1302,7,6
1303,1,0
1304,3,2
1305,1,0
1306,3,2
1307,1,0
1308,7,6
1309,8,7
1310,6,5
1311,6,5
1312,3,2
1313,4,3
1314,4,3
1315,7,6
1316,8,7
1317,2,1
1318,5,4
1319,2,1
1320,8,7
*BREAK*
*CHUNK,GROUP:B
1321,4,11
1322,1,8
1323,6,13
1324,4,11
1325,2,9
1326,1,8
1327,4,11
1328,2,9
1329,7,14
1330,1,8
1331,3,10
1332,6,13
1333,5,12
1334,2,9
1335,7,14
1336,8,15
1337,2,9
1338,6,13
1339,4,11
1340,8,15
1341,8,15
1342,5,12
1343,7,14
1344,3,10
1345,7,14
1346,1,8
1347,8,15
1348,3,10
1349,6,13
1350,8,15
1351,5,12
1352,3,10
1353,6,13
1354,5,12
1355,3,10
1356,2,9
1357,1,8
1358,4,11
1359,5,12
1360,7,14
*BREAK*
*CHUNK,GROUP:B
1361,7,14
1362,8,15
1363,8,15
1364,1,8
1365,6,13
1366,2,9
1367,7,14
1368,3,10
1369,3,10
1370,5,12
1371,5,12
1372,6,13
1373,1,8
1374,4,11
1375,4,11
1376,6,13
1377,7,14
1378,7,14
1379,1,8
1380,7,14
1381,1,8
1382,8,15
1383,2,9
1384,2,9
1385,3,10
1386,5,12
1387,8,15
1388,4,11
1389,4,11
1390,5,12
1391,5,12
1392,6,13
1393,4,11
1394,2,9
1395,2,9
1396,3,10
1397,8,15
1398,1,8
1399,6,13
1400,3,10
*BREAK*
*CHUNK,GROUP:A
1401,4,3
1402,7,6
1403,8,7
1404,3,2
1405,6,5
1406,5,4
1407,3,2
1408,7,6
1409,7,6
1410,5,4
1411,6,5
1412,2,1
1413,3,2
1414,5,4
1415,6,5
1416,3,2
1417,2,1
1418,6,5
1419,8,7
1420,2,1
1421,4,3
1422,7,6
1423,6,5
1424,8,7
1425,1,0
1426,1,0
1427,5,4
1428,4,3
1429,4,3
1430,1,0
1431,1,0
1432,8,7
1433,2,1
1434,4,3
1435,8,7
1436,1,0
1437,3,2
1438,5,4
1439,7,6
1440,2,1
*BREAK*
*CHUNK,GROUP:A
1441,7,6
1442,3,2
1443,4,3
1444,1,0
1445,6,5
1446,4,3
1447,5,4
1448,5,4
1449,8,7
1450,5,4
1451,8,7
1452,7,6
1453,1,0
1454,7,6
1455,2,1
1456,8,7
1457,1,0
1458,7,6
1459,2,1
1460,2,1
1461,5,4
1462,8,7
1463,6,5
1464,6,5
1465,7,6
1466,3,2
1467,4,3
1468,8,7
1469,1,0
1470,3,2
1471,5,4
1472,3,2
1473,2,1
1474,1,0
1475,6,5
1476,3,2
1477,2,1
1478,4,3
1479,6,5
1480,4,3
*BREAK*
*CHUNK,GROUP:B
1481,1,8
1482,3,10
1483,6,13
1484,8,15
1485,5,12
1486,2,9
1487,3,10
1488,6,13
1489,7,14
1490,2,9
1491,4,11
1492,6,13
1493,8,15
1494,1,8
1495,5,12
1496,2,9
1497,4,11
1498,1,8
1499,5,12
1500,2,9
1501,7,14
1502,4,11
1503,2,9
1504,6,13
1505,1,8
1506,6,13
1507,7,14
1508,4,11
1509,3,10
1510,4,11
1511,7,14
1512,7,14
1513,8,15
1514,8,15
1515,1,8
1516,3,10
1517,8,15
1518,5,12
1519,5,12
1520,3,10
*BREAK*
*CHUNK,GROUP:B
1521,8,15
1522,5,12
1523,4,11
1524,8,15
1525,3,10
1526,2,9
1527,7,14
1528,1,8
1529,2,9
1530,5,12
1531,2,9
1532,4,11
1533,4,11
1534,1,8
1535,3,10
1536,7,14
1537,6,13
1538,4,11
1539,5,12
1540,1,8
1541,6,13
1542,2,9
1543,1,8
1544,3,10
1545,7,14
1546,8,15
1547,8,15
1548,5,12
1549,6,13
1550,7,14
1551,7,14
1552,1,8
1553,4,11
1554,3,10
1555,5,12
1556,3,10
1557,6,13
1558,6,13
1559,2,9
1560,8,15
*BREAK*
*CHUNK,GROUP:A
1561,7,6
1562,7,6
1563,3,2
1564,7,6
1565,3,2
1566,5,4
1567,4,3
1568,7,6
1569,2,1
1570,2,1
1571,5,4
1572,2,1
1573,6,5
1574,3,2
1575,6,5
1576,6,5
1577,8,7
1578,5,4
1579,6,5
1580,7,6
1581,1,0
1582,8,7
1583,1,0
1584,2,1
1585,3,2
1586,8,7
1587,1,0
1588,4,3
1589,4,3
1590,4,3
1591,4,3
1592,1,0
1593,6,5
1594,8,7
1595,1,0
1596,5,4
1597,3,2
1598,8,7
1599,5,4
1600,2,1
*BREAK*
*CHUNK,GROUP:A
1601,6,5
1602,2,1
1603,8,7
1604,4,3
1605,1,0
1606,7,6
1607,6,5
1608,5,4
1609,3,2
1610,8,7
1611,5,4
1612,8,7
1613,7,6
1614,2,1
1615,3,2
1616,5,4
1617,4,3
1618,5,4
1619,4,3
1620,7,6
1621,2,1
1622,2,1
1623,7,6
1624,6,5
1625,4,3
1626,5,4
1627,6,5
1628,1,0
1629,7,6
1630,8,7
1631,3,2
1632,3,2
1633,2,1
1634,1,0
1635,1,0
1636,1,0
1637,8,7
1638,6,5
1639,3,2
1640,4,3
*BREAK*
*CHUNK,GROUP:B
1641,8,15
1642,6,13
1643,8,15
1644,1,8
1645,1,8
1646,6,13
1647,5,12
1648,4,11
1649,5,12
1650,7,14
1651,4,11
1652,1,8
1653,3,10
1654,6,13
1655,7,14
1656,6,13
1657,3,10
1658,8,15
1659,1,8
1660,4,11
1661,3,10
1662,5,12
1663,5,12
1664,8,15
1665,7,14
1666,2,9
1667,3,10
1668,5,12
1669,1,8
1670,4,11
1671,2,9
1672,2,9
1673,3,10
1674,2,9
1675,2,9
1676,7,14
1677,4,11
1678,7,14
1679,6,13
1680,8,15
*BREAK*
*CHUNK,GROUP:B
1681,1,8
1682,3,10
1683,6,13
1684,8,15
1685,6,13
1686,1,8
1687,4,11
1688,8,15
1689,3,10
1690,4,11
1691,2,9
1692,8,15
1693,2,9
1694,2,9
1695,3,10
1696,2,9
1697,6,13
1698,1,8
1699,7,14
1700,3,10
1701,2,9
1702,6,13
1703,5,12
1704,5,12
1705,5,12
1706,3,10
1707,4,11
1708,6,13
1709,5,12
1710,7,14
1711,4,11
1712,1,8
1713,7,14
1714,8,15
1715,7,14
1716,8,15
1717,1,8
1718,7,14
1719,5,12
1720,4,11
