*BaseSeed:1035,Group:1
*CHUNK,SEED:1035,GROUP:B
1001,4,11
1002,1,8
1003,4,11
1004,6,13
1005,3,10
1006,3,10
1007,4,11
1008,7,14
1009,2,9
1010,6,13
1011,3,10
1012,6,13
1013,7,14
1014,3,10
1015,5,12
1016,7,14
1017,3,10
1018,8,15
1019,8,15
1020,5,12
1021,5,12
1022,5,12
1023,1,8
1024,2,9
1025,4,11
1026,6,13
1027,1,8
1028,8,15
1029,7,14
1030,5,12
1031,8,15
1032,7,14
1033,6,13
1034,2,9
1035,8,15
1036,2,9
1037,1,8
1038,4,11
1039,1,8
1040,2,9
*BREAK*
*CHUNK,GROUP:B
1041,7,14
1042,6,13
1043,6,13
1044,2,9
1045,7,14
1046,2,9
1047,1,8
1048,7,14
1049,4,11
1050,5,12
1051,2,9
1052,3,10
1053,6,13
1054,1,8
1055,8,15
1056,1,8
1057,8,15
1058,5,12
1059,3,10
1060,2,9
1061,4,11
1062,1,8
1063,5,12
1064,5,12
1065,4,11
1066,4,11
1067,6,13
1068,8,15
1069,4,11
1070,1,8
1071,6,13
1072,3,10
1073,3,10
1074,5,12
1075,8,15
1076,7,14
1077,2,9
1078,3,10
1079,7,14
1080,8,15
*BREAK*
*CHUNK,GROUP:A
1081,4,3
1082,5,4
1083,3,2
1084,2,1
1085,6,5
1086,7,6
1087,1,0
1088,2,1
1089,7,6
1090,3,2
1091,3,2
1092,2,1
1093,8,7
1094,4,3
1095,1,0
1096,3,2
1097,6,5
1098,1,0
1099,1,0
1100,5,4
1101,1,0
1102,8,7
1103,5,4
1104,8,7
1105,4,3
1106,7,6
1107,3,2
1108,5,4
1109,5,4
1110,8,7
1111,8,7
1112,6,5
1113,6,5
1114,2,1
1115,7,6
1116,2,1
1117,4,3
1118,4,3
1119,6,5
1120,7,6
*BREAK*
*CHUNK,GROUP:A
1121,5,4
1122,1,0
1123,3,2
1124,4,3
1125,1,0
1126,3,2
1127,6,5
1128,1,0
1129,4,3
1130,2,1
1131,1,0
1132,8,7
1133,7,6
1134,6,5
1135,4,3
1136,1,0
1137,3,2
1138,6,5
1139,8,7
1140,5,4
1141,8,7
1142,7,6
1143,4,3
1144,3,2
1145,2,1
1146,7,6
1147,8,7
1148,3,2
1149,7,6
1150,5,4
1151,6,5
1152,5,4
1153,6,5
1154,7,6
1155,8,7
1156,4,3
1157,2,1
1158,2,1
1159,5,4
1160,2,1
*BREAK*
*CHUNK,GROUP:B
1161,4,11
1162,3,10
1163,2,9
1164,4,11
1165,5,12
1166,5,12
1167,1,8
1168,2,9
1169,6,13
1170,8,15
1171,3,10
1172,2,9
1173,7,14
1174,8,15
1175,6,13
1176,1,8
1177,6,13
1178,7,14
1179,4,11
1180,7,14
1181,8,15
1182,4,11
1183,8,15
1184,1,8
1185,5,12
1186,6,13
1187,2,9
1188,1,8
1189,5,12
1190,3,10
1191,5,12
1192,3,10
1193,3,10
1194,6,13
1195,1,8
1196,8,15
1197,7,14
1198,4,11
1199,7,14
1200,2,9
*BREAK*
*CHUNK,GROUP:B
1201,5,12
1202,8,15
1203,6,13
1204,7,14
1205,7,14
1206,4,11
1207,2,9
1208,3,10
1209,4,11
1210,2,9
1211,7,14
1212,4,11
1213,8,15
1214,1,8
1215,7,14
1216,6,13
1217,5,12
1218,1,8
1219,4,11
1220,8,15
1221,2,9
1222,5,12
1223,2,9
1224,3,10
1225,3,10
1226,4,11
1227,5,12
1228,3,10
1229,5,12
1230,6,13
1231,6,13
1232,6,13
1233,3,10
1234,1,8
1235,2,9
1236,8,15
1237,8,15
1238,1,8
1239,1,8
1240,7,14
*BREAK*
*CHUNK,GROUP:A
1241,4,3
1242,7,6
1243,7,6
1244,3,2
1245,2,1
1246,8,7
1247,7,6
1248,2,1
1249,3,2
1250,7,6
1251,5,4
1252,3,2
1253,5,4
1254,6,5
1255,5,4
1256,6,5
1257,8,7
1258,4,3
1259,5,4
1260,2,1
1261,1,0
1262,4,3
1263,1,0
1264,8,7
1265,3,2
1266,6,5
1267,6,5
1268,7,6
1269,1,0
1270,5,4
1271,2,1
1272,1,0
1273,3,2
1274,4,3
1275,1,0
1276,6,5
1277,8,7
1278,8,7
1279,4,3
1280,2,1
*BREAK*
*CHUNK,GROUP:A
1281,4,3
1282,1,0
1283,1,0
1284,2,1
1285,7,6
1286,7,6
1287,5,4
1288,4,3
1289,5,4
1290,3,2
1291,8,7
1292,3,2
1293,2,1
1294,5,4
1295,6,5
1296,1,0
1297,6,5
1298,1,0
1299,2,1
1300,2,1
1301,1,0
1302,4,3
1303,6,5
1304,6,5
1305,2,1
1306,3,2
1307,8,7
1308,7,6
1309,7,6
1310,3,2
1311,7,6
1312,5,4
1313,8,7
1314,4,3
1315,4,3
1316,6,5
1317,3,2
1318,8,7
1319,8,7
1320,5,4
*BREAK*
*CHUNK,GROUP:B
1321,6,13
1322,7,14
1323,3,10
1324,2,9
1325,2,9
1326,5,12
1327,3,10
1328,2,9
1329,5,12
1330,1,8
1331,7,14
1332,8,15
1333,8,15
1334,1,8
1335,6,13
1336,8,15
1337,6,13
1338,1,8
1339,4,11
1340,7,14
1341,4,11
1342,5,12
1343,4,11
1344,3,10
1345,1,8
1346,7,14
1347,2,9
1348,3,10
1349,5,12
1350,7,14
1351,8,15
1352,1,8
1353,3,10
1354,4,11
1355,6,13
1356,2,9
1357,5,12
1358,4,11
1359,6,13
1360,8,15
*BREAK*
*CHUNK,GROUP:B
1361,3,10
1362,1,8
1363,4,11
1364,3,10
1365,4,11
1366,1,8
1367,1,8
1368,4,11
1369,5,12
1370,5,12
1371,7,14
1372,8,15
1373,4,11
1374,2,9
1375,6,13
1376,7,14
1377,5,12
1378,6,13
1379,8,15
1380,6,13
1381,2,9
1382,7,14
1383,8,15
1384,7,14
1385,2,9
1386,1,8
1387,6,13
1388,2,9
1389,3,10
1390,1,8
1391,8,15
1392,5,12
1393,2,9
1394,3,10
1395,7,14
1396,3,10
1397,5,12
1398,6,13
1399,8,15
1400,4,11
*BREAK*
*CHUNK,GROUP:A
1401,4,3
1402,2,1
1403,5,4
1404,6,5
1405,5,4
1406,3,2
1407,7,6
1408,3,2
1409,3,2
1410,6,5
1411,7,6
1412,8,7
1413,2,1
1414,8,7
1415,4,3
1416,2,1
1417,1,0
1418,2,1
1419,8,7
1420,6,5
1421,4,3
1422,1,0
1423,4,3
1424,5,4
1425,5,4
1426,2,1
1427,6,5
1428,7,6
1429,3,2
1430,1,0
1431,7,6
1432,7,6
1433,8,7
1434,1,0
1435,4,3
1436,3,2
1437,8,7
1438,6,5
1439,5,4
1440,1,0
*BREAK*
*CHUNK,GROUP:A
1441,8,7
1442,6,5
1443,1,0
1444,5,4
1445,1,0
1446,6,5
1447,5,4
1448,7,6
1449,7,6
1450,4,3
1451,8,7
1452,5,4
1453,3,2
1454,2,1
1455,2,1
1456,5,4
1457,7,6
1458,4,3
1459,3,2
1460,4,3
1461,8,7
1462,2,1
1463,3,2
1464,1,0
1465,7,6
1466,4,3
1467,3,2
1468,5,4
1469,2,1
1470,1,0
1471,1,0
1472,6,5
1473,4,3
1474,7,6
1475,8,7
1476,2,1
1477,3,2
1478,8,7
1479,6,5
1480,6,5
*BREAK*
*CHUNK,GROUP:B
1481,3,10
1482,5,12
1483,3,10
1484,2,9
1485,2,9
1486,1,8
1487,6,13
1488,3,10
1489,4,11
1490,5,12
1491,1,8
1492,7,14
1493,7,14
1494,8,15
1495,4,11
1496,4,11
1497,7,14
1498,6,13
1499,2,9
1500,6,13
1501,2,9
1502,3,10
1503,5,12
1504,8,15
1505,8,15
1506,4,11
1507,2,9
1508,6,13
1509,7,14
1510,4,11
1511,1,8
1512,1,8
1513,7,14
1514,5,12
1515,1,8
1516,8,15
1517,6,13
1518,8,15
1519,3,10
1520,5,12
*BREAK*
*CHUNK,GROUP:B
1521,1,8
1522,7,14
1523,3,10
1524,6,13
1525,8,15
1526,7,14
1527,5,12
1528,7,14
1529,5,12
1530,1,8
1531,2,9
1532,1,8
1533,4,11
1534,3,10
1535,2,9
1536,2,9
1537,5,12
1538,6,13
1539,4,11
1540,8,15
1541,8,15
1542,6,13
1543,5,12
1544,2,9
1545,3,10
1546,4,11
1547,6,13
1548,1,8
1549,4,11
1550,6,13
1551,3,10
1552,7,14
1553,8,15
1554,2,9
1555,4,11
1556,3,10
1557,1,8
1558,8,15
1559,7,14
1560,5,12
*BREAK*
*CHUNK,GROUP:A
1561,3,2
1562,4,3
1563,7,6
1564,4,3
1565,2,1
1566,5,4
1567,6,5
1568,7,6
1569,6,5
1570,1,0
1571,4,3
1572,1,0
1573,8,7
1574,1,0
1575,5,4
1576,5,4
1577,7,6
1578,7,6
1579,8,7
1580,5,4
1581,1,0
1582,2,1
1583,6,5
1584,7,6
1585,3,2
1586,8,7
1587,8,7
1588,3,2
1589,6,5
1590,1,0
1591,2,1
1592,3,2
1593,2,1
1594,4,3
1595,6,5
1596,8,7
1597,3,2
1598,2,1
1599,4,3
1600,5,4
*BREAK*
*CHUNK,GROUP:A
1601,5,4
1602,6,5
1603,5,4
1604,1,0
1605,1,0
1606,4,3
1607,3,2
1608,7,6
1609,6,5
1610,4,3
1611,8,7
1612,4,3
1613,7,6
1614,1,0
1615,8,7
1616,2,1
1617,5,4
1618,8,7
1619,7,6
1620,3,2
1621,8,7
1622,2,1
1623,3,2
1624,6,5
1625,2,1
1626,8,7
1627,5,4
1628,2,1
1629,4,3
1630,5,4
1631,6,5
1632,4,3
1633,7,6
1634,1,0
1635,6,5
1636,2,1
1637,3,2
1638,3,2
1639,7,6
1640,1,0
*BREAK*
*CHUNK,GROUP:B
1641,7,14
1642,6,13
1643,6,13
1644,4,11
1645,2,9
1646,3,10
1647,6,13
1648,6,13
1649,3,10
1650,7,14
1651,5,12
1652,2,9
1653,3,10
1654,8,15
1655,7,14
1656,4,11
1657,4,11
1658,4,11
1659,2,9
1660,1,8
1661,5,12
1662,8,15
1663,3,10
1664,1,8
1665,3,10
1666,4,11
1667,8,15
1668,8,15
1669,7,14
1670,7,14
1671,1,8
1672,5,12
1673,5,12
1674,2,9
1675,1,8
1676,1,8
1677,2,9
1678,5,12
1679,6,13
1680,8,15
*BREAK*
*CHUNK,GROUP:B
1681,7,14
1682,7,14
1683,5,12
1684,3,10
1685,3,10
1686,5,12
1687,8,15
1688,6,13
1689,7,14
1690,7,14
1691,5,12
1692,4,11
1693,6,13
1694,8,15
1695,3,10
1696,1,8
1697,1,8
1698,4,11
1699,2,9
1700,2,9
1701,2,9
1702,6,13
1703,8,15
1704,3,10
1705,3,10
1706,2,9
1707,8,15
1708,6,13
1709,4,11
1710,6,13
1711,1,8
1712,2,9
1713,5,12
1714,7,14
1715,1,8
1716,1,8
1717,8,15
1718,5,12
1719,4,11
1720,4,11
