*BaseSeed:1045,Group:0
*CHUNK,SEED:1045,GROUP:A
1001,2,1
1002,1,0
1003,7,6
1004,3,2
1005,3,2
1006,5,4
1007,4,3
1008,1,0
1009,8,7
1010,8,7
1011,4,3
1012,7,6
1013,6,5
1014,4,3
1015,8,7
1016,5,4
1017,6,5
1018,2,1
1019,6,5
1020,1,0
1021,2,1
1022,5,4
1023,6,5
1024,2,1
1025,1,0
1026,4,3
1027,3,2
1028,3,2
1029,8,7
1030,8,7
1031,5,4
1032,7,6
1033,5,4
1034,3,2
1035,1,0
1036,7,6
1037,4,3
1038,7,6
1039,2,1
1040,6,5
*BREAK*
*CHUNK,GROUP:A
1041,1,0
1042,5,4
1043,2,1
1044,3,2
1045,3,2
1046,4,3
1047,4,3
1048,3,2
1049,4,3
1050,7,6
1051,6,5
1052,2,1
1053,4,3
1054,8,7
1055,7,6
1056,5,4
1057,6,5
1058,8,7
1059,8,7
1060,6,5
1061,5,4
1062,7,6
1063,2,1
1064,3,2
1065,1,0
1066,5,4
1067,1,0
1068,8,7
1069,2,1
1070,4,3
1071,7,6
1072,7,6
1073,6,5
1074,8,7
1075,1,0
1076,3,2
1077,6,5
1078,2,1
1079,5,4
1080,1,0
*BREAK*
*CHUNK,GROUP:B
1081,5,12
1082,4,11
1083,3,10
1084,6,13
1085,2,9
1086,6,13
1087,2,9
1088,3,10
1089,7,14
1090,3,10
1091,3,10
1092,7,14
1093,7,14
1094,8,15
1095,8,15
1096,4,11
1097,3,10
1098,8,15
1099,2,9
1100,6,13
1101,5,12
1102,1,8
1103,6,13
1104,1,8
1105,4,11
1106,2,9
1107,1,8
1108,2,9
1109,1,8
1110,6,13
1111,5,12
1112,7,14
1113,8,15
1114,7,14
1115,4,11
1116,5,12
1117,5,12
1118,4,11
1119,8,15
1120,1,8
*BREAK*
*CHUNK,GROUP:B
1121,8,15
1122,4,11
1123,6,13
1124,3,10
1125,4,11
1126,1,8
1127,6,13
1128,2,9
1129,1,8
1130,2,9
1131,6,13
1132,6,13
1133,2,9
1134,4,11
1135,8,15
1136,7,14
1137,3,10
1138,2,9
1139,1,8
1140,8,15
1141,4,11
1142,5,12
1143,5,12
1144,6,13
1145,7,14
1146,8,15
1147,5,12
1148,3,10
1149,3,10
1150,7,14
1151,5,12
1152,7,14
1153,4,11
1154,2,9
1155,7,14
1156,5,12
1157,1,8
1158,8,15
1159,1,8
1160,3,10
*BREAK*
*CHUNK,GROUP:A
1161,8,7
1162,5,4
1163,7,6
1164,1,0
1165,3,2
1166,6,5
1167,3,2
1168,4,3
1169,5,4
1170,1,0
1171,6,5
1172,6,5
1173,4,3
1174,6,5
1175,5,4
1176,3,2
1177,2,1
1178,5,4
1179,4,3
1180,4,3
1181,8,7
1182,2,1
1183,7,6
1184,3,2
1185,2,1
1186,5,4
1187,8,7
1188,1,0
1189,1,0
1190,7,6
1191,4,3
1192,7,6
1193,7,6
1194,3,2
1195,1,0
1196,6,5
1197,8,7
1198,2,1
1199,2,1
1200,8,7
*BREAK*
*CHUNK,GROUP:A
1201,3,2
1202,6,5
1203,5,4
1204,1,0
1205,5,4
1206,6,5
1207,5,4
1208,8,7
1209,1,0
1210,4,3
1211,1,0
1212,5,4
1213,4,3
1214,1,0
1215,8,7
1216,7,6
1217,2,1
1218,1,0
1219,2,1
1220,6,5
1221,2,1
1222,4,3
1223,7,6
1224,3,2
1225,7,6
1226,3,2
1227,8,7
1228,6,5
1229,6,5
1230,2,1
1231,5,4
1232,3,2
1233,8,7
1234,8,7
1235,4,3
1236,7,6
1237,2,1
1238,7,6
1239,3,2
1240,4,3
*BREAK*
*CHUNK,GROUP:B
1241,2,9
1242,1,8
1243,2,9
1244,6,13
1245,5,12
1246,8,15
1247,2,9
1248,6,13
1249,3,10
1250,1,8
1251,4,11
1252,8,15
1253,7,14
1254,3,10
1255,7,14
1256,6,13
1257,4,11
1258,8,15
1259,2,9
1260,8,15
1261,8,15
1262,1,8
1263,4,11
1264,7,14
1265,5,12
1266,1,8
1267,7,14
1268,4,11
1269,3,10
1270,3,10
1271,5,12
1272,1,8
1273,7,14
1274,5,12
1275,4,11
1276,5,12
1277,3,10
1278,2,9
1279,6,13
1280,6,13
*BREAK*
*CHUNK,GROUP:B
1281,1,8
1282,4,11
1283,4,11
1284,6,13
1285,4,11
1286,2,9
1287,1,8
1288,6,13
1289,7,14
1290,6,13
1291,5,12
1292,3,10
1293,8,15
1294,6,13
1295,7,14
1296,2,9
1297,1,8
1298,8,15
1299,1,8
1300,7,14
1301,4,11
1302,8,15
1303,8,15
1304,7,14
1305,3,10
1306,7,14
1307,2,9
1308,1,8
1309,3,10
1310,5,12
1311,8,15
1312,5,12
1313,2,9
1314,5,12
1315,5,12
1316,6,13
1317,3,10
1318,2,9
1319,3,10
1320,4,11
*BREAK*
*CHUNK,GROUP:A
1321,7,6
1322,2,1
1323,6,5
1324,8,7
1325,4,3
1326,6,5
1327,2,1
1328,6,5
1329,8,7
1330,7,6
1331,8,7
1332,1,0
1333,8,7
1334,3,2
1335,1,0
1336,5,4
1337,5,4
1338,3,2
1339,3,2
1340,3,2
1341,8,7
1342,7,6
1343,5,4
1344,2,1
1345,6,5
1346,7,6
1347,3,2
1348,7,6
1349,5,4
1350,6,5
1351,4,3
1352,2,1
1353,4,3
1354,1,0
1355,1,0
1356,4,3
1357,4,3
1358,2,1
1359,1,0
1360,5,4
*BREAK*
*CHUNK,GROUP:A
1361,4,3
1362,4,3
1363,3,2
1364,2,1
1365,7,6
1366,1,0
1367,6,5
1368,1,0
1369,2,1
1370,8,7
1371,7,6
1372,5,4
1373,3,2
1374,4,3
1375,6,5
1376,2,1
1377,4,3
1378,6,5
1379,7,6
1380,4,3
1381,1,0
1382,8,7
1383,8,7
1384,5,4
1385,3,2
1386,5,4
1387,3,2
1388,1,0
1389,3,2
1390,2,1
1391,2,1
1392,1,0
1393,5,4
1394,7,6
1395,7,6
1396,6,5
1397,5,4
1398,8,7
1399,6,5
1400,8,7
*BREAK*
*CHUNK,GROUP:B
1401,1,8
1402,6,13
1403,4,11
1404,7,14
1405,3,10
1406,6,13
1407,7,14
1408,6,13
1409,2,9
1410,2,9
1411,5,12
1412,6,13
1413,3,10
1414,4,11
1415,1,8
1416,4,11
1417,3,10
1418,3,10
1419,4,11
1420,2,9
1421,5,12
1422,1,8
1423,5,12
1424,5,12
1425,2,9
1426,3,10
1427,8,15
1428,7,14
1429,6,13
1430,8,15
1431,8,15
1432,2,9
1433,5,12
1434,7,14
1435,8,15
1436,1,8
1437,1,8
1438,7,14
1439,4,11
1440,8,15
*BREAK*
*CHUNK,GROUP:B
1441,3,10
1442,2,9
1443,5,12
1444,8,15
1445,3,10
1446,5,12
1447,3,10
1448,8,15
1449,2,9
1450,4,11
1451,8,15
1452,1,8
1453,5,12
1454,5,12
1455,4,11
1456,3,10
1457,4,11
1458,2,9
1459,8,15
1460,7,14
1461,2,9
1462,4,11
1463,7,14
1464,1,8
1465,5,12
1466,6,13
1467,7,14
1468,7,14
1469,6,13
1470,6,13
1471,8,15
1472,6,13
1473,2,9
1474,1,8
1475,7,14
1476,3,10
1477,1,8
1478,4,11
1479,6,13
1480,1,8
*BREAK*
*CHUNK,GROUP:A
1481,1,0
1482,6,5
1483,3,2
1484,8,7
1485,2,1
1486,2,1
1487,5,4
1488,1,0
1489,3,2
1490,7,6
1491,6,5
1492,8,7
1493,4,3
1494,4,3
1495,1,0
1496,6,5
1497,5,4
1498,7,6
1499,1,0
1500,5,4
1501,2,1
1502,2,1
1503,2,1
1504,1,0
1505,3,2
1506,6,5
1507,4,3
1508,4,3
1509,7,6
1510,6,5
1511,7,6
1512,8,7
1513,3,2
1514,5,4
1515,3,2
1516,8,7
1517,7,6
1518,5,4
1519,4,3
1520,8,7
*BREAK*
*CHUNK,GROUP:A
1521,5,4
1522,7,6
1523,4,3
1524,7,6
1525,3,2
1526,7,6
1527,5,4
1528,5,4
1529,7,6
1530,8,7
1531,8,7
1532,4,3
1533,5,4
1534,2,1
1535,4,3
1536,3,2
1537,6,5
1538,1,0
1539,6,5
1540,5,4
1541,7,6
1542,2,1
1543,3,2
1544,8,7
1545,2,1
1546,4,3
1547,8,7
1548,1,0
1549,1,0
1550,8,7
1551,2,1
1552,1,0
1553,3,2
1554,3,2
1555,2,1
1556,4,3
1557,6,5
1558,6,5
1559,6,5
1560,1,0
*BREAK*
*CHUNK,GROUP:B
1561,5,12
1562,3,10
1563,6,13
1564,6,13
1565,3,10
1566,5,12
1567,2,9
1568,1,8
1569,7,14
1570,6,13
1571,3,10
1572,3,10
1573,5,12
1574,2,9
1575,8,15
1576,5,12
1577,1,8
1578,1,8
1579,2,9
1580,8,15
1581,4,11
1582,8,15
1583,7,14
1584,4,11
1585,4,11
1586,2,9
1587,2,9
1588,7,14
1589,3,10
1590,6,13
1591,7,14
1592,1,8
1593,4,11
1594,6,13
1595,1,8
1596,7,14
1597,5,12
1598,8,15
1599,4,11
1600,8,15
*BREAK*
*CHUNK,GROUP:B
1601,5,12
1602,1,8
1603,1,8
1604,1,8
1605,7,14
1606,6,13
1607,7,14
1608,5,12
1609,8,15
1610,5,12
1611,7,14
1612,7,14
1613,3,10
1614,2,9
1615,5,12
1616,3,10
1617,6,13
1618,3,10
1619,2,9
1620,3,10
1621,6,13
1622,2,9
1623,7,14
1624,8,15
1625,2,9
1626,1,8
1627,4,11
1628,5,12
1629,4,11
1630,1,8
1631,3,10
1632,2,9
1633,6,13
1634,8,15
1635,4,11
1636,4,11
1637,8,15
1638,8,15
1639,4,11
1640,6,13
*BREAK*
*CHUNK,GROUP:A
1641,8,7
1642,2,1
1643,3,2
1644,4,3
1645,4,3
1646,1,0
1647,4,3
1648,6,5
1649,4,3
1650,7,6
1651,5,4
1652,6,5
1653,3,2
1654,5,4
1655,3,2
1656,6,5
1657,6,5
1658,1,0
1659,8,7
1660,5,4
1661,8,7
1662,7,6
1663,5,4
1664,7,6
1665,2,1
1666,4,3
1667,1,0
1668,5,4
1669,3,2
1670,1,0
1671,8,7
1672,1,0
1673,7,6
1674,6,5
1675,3,2
1676,8,7
1677,2,1
1678,7,6
1679,2,1
1680,2,1
*BREAK*
*CHUNK,GROUP:A
1681,3,2
1682,8,7
1683,8,7
1684,5,4
1685,6,5
1686,4,3
1687,1,0
1688,2,1
1689,7,6
1690,1,0
1691,7,6
1692,1,0
1693,2,1
1694,4,3
1695,4,3
1696,3,2
1697,4,3
1698,6,5
1699,6,5
1700,6,5
1701,8,7
1702,5,4
1703,8,7
1704,2,1
1705,2,1
1706,1,0
1707,6,5
1708,7,6
1709,4,3
1710,2,1
1711,5,4
1712,5,4
1713,7,6
1714,3,2
1715,8,7
1716,1,0
1717,3,2
1718,7,6
1719,3,2
1720,5,4
