*BaseSeed:10,Group:0
*CHUNK,SEED:10,GROUP:A
1001,6,5
1002,5,4
1003,3,2
1004,4,3
1005,3,2
1006,6,5
1007,4,3
1008,4,3
1009,4,3
1010,6,5
1011,3,2
1012,3,2
1013,5,4
1014,2,1
1015,6,5
1016,3,2
1017,1,0
1018,6,5
1019,4,3
1020,4,3
1021,1,0
1022,1,0
1023,1,0
1024,2,1
1025,2,1
1026,5,4
1027,1,0
1028,3,2
1029,3,2
1030,5,4
1031,5,4
1032,2,1
1033,4,3
1034,6,5
1035,2,1
1036,2,1
1037,6,5
1038,1,0
1039,5,4
1040,1,0
1041,5,4
1042,2,1
*BREAK*
*CHUNK,GROUP:A
1043,1,0
1044,2,1
1045,3,2
1046,2,1
1047,3,2
1048,5,4
1049,4,3
1050,3,2
1051,5,4
1052,3,2
1053,2,1
1054,5,4
1055,1,0
1056,1,0
1057,1,0
1058,4,3
1059,1,0
1060,6,5
1061,6,5
1062,6,5
1063,2,1
1064,2,1
1065,4,3
1066,6,5
1067,2,1
1068,1,0
1069,4,3
1070,6,5
1071,1,0
1072,3,2
1073,5,4
1074,6,5
1075,3,2
1076,5,4
1077,4,3
1078,4,3
1079,6,5
1080,5,4
1081,3,2
1082,2,1
1083,5,4
1084,4,3
*BREAK*
*CHUNK,GROUP:B
1085,4,9
1086,1,6
1087,2,7
1088,3,8
1089,6,11
1090,6,11
1091,5,10
1092,1,6
1093,5,10
1094,6,11
1095,1,6
1096,5,10
1097,4,9
1098,3,8
1099,1,6
1100,3,8
1101,2,7
1102,4,9
1103,1,6
1104,2,7
1105,4,9
1106,2,7
1107,5,10
1108,6,11
1109,4,9
1110,6,11
1111,5,10
1112,6,11
1113,2,7
1114,4,9
1115,4,9
1116,1,6
1117,5,10
1118,2,7
1119,1,6
1120,3,8
1121,2,7
1122,3,8
1123,5,10
1124,6,11
1125,3,8
1126,3,8
*BREAK*
*CHUNK,GROUP:B
1127,6,11
1128,6,11
1129,3,8
1130,5,10
1131,3,8
1132,6,11
1133,4,9
1134,4,9
1135,3,8
1136,3,8
1137,1,6
1138,3,8
1139,5,10
1140,1,6
1141,1,6
1142,2,7
1143,1,6
1144,4,9
1145,6,11
1146,5,10
1147,4,9
1148,5,10
1149,4,9
1150,6,11
1151,5,10
1152,4,9
1153,3,8
1154,2,7
1155,1,6
1156,1,6
1157,6,11
1158,4,9
1159,1,6
1160,2,7
1161,2,7
1162,2,7
1163,2,7
1164,6,11
1165,2,7
1166,5,10
1167,5,10
1168,3,8
*BREAK*
*CHUNK,GROUP:A
1169,5,4
1170,5,4
1171,5,4
1172,1,0
1173,1,0
1174,3,2
1175,2,1
1176,3,2
1177,6,5
1178,2,1
1179,3,2
1180,6,5
1181,2,1
1182,4,3
1183,1,0
1184,4,3
1185,6,5
1186,6,5
1187,6,5
1188,4,3
1189,1,0
1190,1,0
1191,6,5
1192,5,4
1193,5,4
1194,4,3
1195,1,0
1196,2,1
1197,4,3
1198,2,1
1199,3,2
1200,3,2
1201,6,5
1202,4,3
1203,3,2
1204,5,4
1205,2,1
1206,3,2
1207,5,4
1208,4,3
1209,1,0
1210,2,1
*BREAK*
*CHUNK,GROUP:A
1211,3,2
1212,5,4
1213,1,0
1214,1,0
1215,4,3
1216,5,4
1217,6,5
1218,1,0
1219,4,3
1220,4,3
1221,3,2
1222,2,1
1223,1,0
1224,6,5
1225,2,1
1226,5,4
1227,4,3
1228,6,5
1229,6,5
1230,4,3
1231,2,1
1232,3,2
1233,5,4
1234,3,2
1235,2,1
1236,4,3
1237,6,5
1238,2,1
1239,5,4
1240,4,3
1241,5,4
1242,6,5
1243,3,2
1244,1,0
1245,2,1
1246,1,0
1247,5,4
1248,3,2
1249,3,2
1250,1,0
1251,2,1
1252,6,5
*BREAK*
*CHUNK,GROUP:B
1253,4,9
1254,3,8
1255,4,9
1256,1,6
1257,3,8
1258,1,6
1259,4,9
1260,5,10
1261,4,9
1262,4,9
1263,1,6
1264,3,8
1265,2,7
1266,4,9
1267,6,11
1268,6,11
1269,5,10
1270,2,7
1271,2,7
1272,5,10
1273,5,10
1274,6,11
1275,4,9
1276,3,8
1277,5,10
1278,3,8
1279,6,11
1280,1,6
1281,1,6
1282,2,7
1283,2,7
1284,2,7
1285,6,11
1286,5,10
1287,3,8
1288,3,8
1289,1,6
1290,6,11
1291,1,6
1292,5,10
1293,6,11
1294,2,7
*BREAK*
*CHUNK,GROUP:B
1295,2,7
1296,6,11
1297,4,9
1298,2,7
1299,2,7
1300,1,6
1301,2,7
1302,6,11
1303,3,8
1304,5,10
1305,5,10
1306,3,8
1307,6,11
1308,3,8
1309,4,9
1310,6,11
1311,1,6
1312,2,7
1313,3,8
1314,5,10
1315,1,6
1316,4,9
1317,5,10
1318,5,10
1319,4,9
1320,4,9
1321,1,6
1322,3,8
1323,2,7
1324,1,6
1325,6,11
1326,1,6
1327,3,8
1328,6,11
1329,3,8
1330,5,10
1331,2,7
1332,6,11
1333,4,9
1334,5,10
1335,1,6
1336,4,9
*BREAK*
*CHUNK,GROUP:A
1337,6,5
1338,6,5
1339,4,3
1340,6,5
1341,4,3
1342,1,0
1343,3,2
1344,4,3
1345,5,4
1346,3,2
1347,3,2
1348,5,4
1349,2,1
1350,2,1
1351,5,4
1352,1,0
1353,5,4
1354,1,0
1355,4,3
1356,5,4
1357,3,2
1358,2,1
1359,2,1
1360,1,0
1361,1,0
1362,5,4
1363,2,1
1364,4,3
1365,3,2
1366,3,2
1367,4,3
1368,2,1
1369,6,5
1370,6,5
1371,5,4
1372,6,5
1373,3,2
1374,6,5
1375,1,0
1376,2,1
1377,4,3
1378,1,0
*BREAK*
*CHUNK,GROUP:A
1379,2,1
1380,3,2
1381,3,2
1382,6,5
1383,4,3
1384,6,5
1385,1,0
1386,2,1
1387,4,3
1388,5,4
1389,2,1
1390,5,4
1391,6,5
1392,4,3
1393,3,2
1394,6,5
1395,4,3
1396,1,0
1397,2,1
1398,6,5
1399,3,2
1400,1,0
1401,1,0
1402,2,1
1403,3,2
1404,4,3
1405,1,0
1406,1,0
1407,5,4
1408,6,5
1409,5,4
1410,5,4
1411,3,2
1412,3,2
1413,5,4
1414,2,1
1415,4,3
1416,5,4
1417,1,0
1418,4,3
1419,6,5
1420,2,1
*BREAK*
*CHUNK,GROUP:B
1421,5,10
1422,3,8
1423,4,9
1424,6,11
1425,1,6
1426,5,10
1427,1,6
1428,6,11
1429,1,6
1430,6,11
1431,2,7
1432,3,8
1433,6,11
1434,2,7
1435,3,8
1436,6,11
1437,4,9
1438,2,7
1439,1,6
1440,2,7
1441,3,8
1442,1,6
1443,3,8
1444,6,11
1445,2,7
1446,5,10
1447,4,9
1448,5,10
1449,2,7
1450,4,9
1451,6,11
1452,5,10
1453,1,6
1454,4,9
1455,3,8
1456,5,10
1457,4,9
1458,1,6
1459,2,7
1460,5,10
1461,4,9
1462,3,8
*BREAK*
*CHUNK,GROUP:B
1463,2,7
1464,4,9
1465,3,8
1466,2,7
1467,5,10
1468,1,6
1469,1,6
1470,5,10
1471,1,6
1472,5,10
1473,4,9
1474,6,11
1475,1,6
1476,4,9
1477,2,7
1478,3,8
1479,2,7
1480,6,11
1481,6,11
1482,6,11
1483,1,6
1484,4,9
1485,3,8
1486,2,7
1487,6,11
1488,3,8
1489,5,10
1490,4,9
1491,6,11
1492,5,10
1493,2,7
1494,1,6
1495,3,8
1496,4,9
1497,6,11
1498,1,6
1499,5,10
1500,5,10
1501,3,8
1502,3,8
1503,4,9
1504,2,7
*BREAK*
*CHUNK,GROUP:A
1505,5,4
1506,4,3
1507,6,5
1508,3,2
1509,4,3
1510,6,5
1511,4,3
1512,2,1
1513,2,1
1514,5,4
1515,4,3
1516,6,5
1517,5,4
1518,2,1
1519,2,1
1520,2,1
1521,5,4
1522,1,0
1523,5,4
1524,3,2
1525,3,2
1526,6,5
1527,1,0
1528,3,2
1529,2,1
1530,4,3
1531,5,4
1532,1,0
1533,3,2
1534,1,0
1535,5,4
1536,6,5
1537,4,3
1538,2,1
1539,1,0
1540,1,0
1541,6,5
1542,6,5
1543,3,2
1544,4,3
1545,3,2
1546,1,0
*BREAK*
*CHUNK,GROUP:A
1547,1,0
1548,6,5
1549,2,1
1550,4,3
1551,1,0
1552,5,4
1553,1,0
1554,5,4
1555,2,1
1556,4,3
1557,5,4
1558,3,2
1559,5,4
1560,4,3
1561,6,5
1562,4,3
1563,3,2
1564,1,0
1565,3,2
1566,3,2
1567,2,1
1568,4,3
1569,6,5
1570,4,3
1571,5,4
1572,1,0
1573,4,3
1574,3,2
1575,2,1
1576,6,5
1577,5,4
1578,6,5
1579,2,1
1580,6,5
1581,2,1
1582,3,2
1583,1,0
1584,5,4
1585,3,2
1586,1,0
1587,6,5
1588,2,1
*BREAK*
*CHUNK,GROUP:B
1589,1,6
1590,6,11
1591,6,11
1592,3,8
1593,6,11
1594,4,9
1595,5,10
1596,5,10
1597,4,9
1598,1,6
1599,3,8
1600,6,11
1601,2,7
1602,2,7
1603,4,9
1604,2,7
1605,3,8
1606,5,10
1607,1,6
1608,5,10
1609,1,6
1610,4,9
1611,6,11
1612,3,8
1613,2,7
1614,6,11
1615,6,11
1616,2,7
1617,2,7
1618,1,6
1619,4,9
1620,3,8
1621,4,9
1622,2,7
1623,5,10
1624,1,6
1625,3,8
1626,4,9
1627,3,8
1628,1,6
1629,5,10
1630,5,10
*BREAK*
*CHUNK,GROUP:B
1631,4,9
1632,2,7
1633,2,7
1634,2,7
1635,1,6
1636,5,10
1637,1,6
1638,2,7
1639,6,11
1640,5,10
1641,4,9
1642,2,7
1643,6,11
1644,1,6
1645,2,7
1646,6,11
1647,1,6
1648,1,6
1649,5,10
1650,5,10
1651,3,8
1652,1,6
1653,3,8
1654,3,8
1655,6,11
1656,3,8
1657,1,6
1658,4,9
1659,4,9
1660,6,11
1661,2,7
1662,6,11
1663,5,10
1664,4,9
1665,4,9
1666,4,9
1667,3,8
1668,6,11
1669,3,8
1670,3,8
1671,5,10
1672,5,10
*BREAK*
*CHUNK,GROUP:A
1673,3,2
1674,6,5
1675,6,5
1676,6,5
1677,6,5
1678,3,2
1679,6,5
1680,5,4
1681,5,4
1682,1,0
1683,2,1
1684,2,1
1685,1,0
1686,3,2
1687,4,3
1688,3,2
1689,1,0
1690,5,4
1691,2,1
1692,3,2
1693,1,0
1694,3,2
1695,5,4
1696,5,4
1697,4,3
1698,5,4
1699,3,2
1700,4,3
1701,1,0
1702,4,3
1703,2,1
1704,2,1
1705,1,0
1706,6,5
1707,6,5
1708,4,3
1709,2,1
1710,2,1
1711,1,0
1712,4,3
1713,5,4
1714,4,3
*BREAK*
*CHUNK,GROUP:A
1715,1,0
1716,6,5
1717,4,3
1718,1,0
1719,3,2
1720,6,5
1721,5,4
1722,1,0
1723,2,1
1724,3,2
1725,3,2
1726,3,2
1727,5,4
1728,2,1
1729,4,3
1730,2,1
1731,2,1
1732,5,4
1733,4,3
1734,5,4
1735,1,0
1736,1,0
1737,2,1
1738,6,5
1739,5,4
1740,4,3
1741,4,3
1742,3,2
1743,4,3
1744,5,4
1745,6,5
1746,5,4
1747,3,2
1748,1,0
1749,6,5
1750,4,3
1751,2,1
1752,3,2
1753,1,0
1754,6,5
1755,6,5
1756,2,1
