*BaseSeed:1,Group:1
*CHUNK,SEED:1,GROUP:B
1001,1,6
1002,3,8
1003,6,11
1004,3,8
1005,4,9
1006,1,6
1007,2,7
1008,6,11
1009,5,10
1010,3,8
1011,3,8
1012,4,9
1013,1,6
1014,1,6
1015,6,11
1016,2,7
1017,4,9
1018,2,7
1019,5,10
1020,2,7
1021,5,10
1022,2,7
1023,1,6
1024,4,9
1025,6,11
1026,3,8
1027,6,11
1028,4,9
1029,3,8
1030,6,11
1031,5,10
1032,2,7
1033,6,11
1034,1,6
1035,1,6
1036,5,10
1037,2,7
1038,5,10
1039,4,9
1040,4,9
1041,3,8
1042,5,10
*BREAK*
*CHUNK,GROUP:B
1043,6,11
1044,3,8
1045,2,7
1046,3,8
1047,4,9
1048,4,9
1049,6,11
1050,5,10
1051,5,10
1052,1,6
1053,2,7
1054,3,8
1055,3,8
1056,1,6
1057,4,9
1058,6,11
1059,3,8
1060,5,10
1061,2,7
1062,3,8
1063,3,8
1064,2,7
1065,5,10
1066,2,7
1067,5,10
1068,4,9
1069,2,7
1070,1,6
1071,1,6
1072,4,9
1073,6,11
1074,4,9
1075,1,6
1076,5,10
1077,1,6
1078,2,7
1079,6,11
1080,5,10
1081,6,11
1082,1,6
1083,4,9
1084,6,11
*BREAK*
*CHUNK,GROUP:A
1085,6,5
1086,6,5
1087,2,1
1088,4,3
1089,5,4
1090,6,5
1091,5,4
1092,6,5
1093,3,2
1094,1,0
1095,6,5
1096,4,3
1097,4,3
1098,6,5
1099,2,1
1100,3,2
1101,3,2
1102,1,0
1103,5,4
1104,1,0
1105,1,0
1106,4,3
1107,3,2
1108,2,1
1109,4,3
1110,5,4
1111,2,1
1112,1,0
1113,3,2
1114,5,4
1115,1,0
1116,2,1
1117,1,0
1118,3,2
1119,2,1
1120,5,4
1121,3,2
1122,6,5
1123,2,1
1124,4,3
1125,4,3
1126,5,4
*BREAK*
*CHUNK,GROUP:A
1127,5,4
1128,3,2
1129,6,5
1130,2,1
1131,3,2
1132,1,0
1133,1,0
1134,3,2
1135,1,0
1136,6,5
1137,2,1
1138,2,1
1139,6,5
1140,4,3
1141,3,2
1142,3,2
1143,4,3
1144,6,5
1145,5,4
1146,5,4
1147,4,3
1148,4,3
1149,5,4
1150,2,1
1151,4,3
1152,6,5
1153,1,0
1154,5,4
1155,1,0
1156,1,0
1157,1,0
1158,4,3
1159,2,1
1160,4,3
1161,2,1
1162,5,4
1163,6,5
1164,6,5
1165,3,2
1166,3,2
1167,5,4
1168,2,1
*BREAK*
*CHUNK,GROUP:B
1169,3,8
1170,2,7
1171,5,10
1172,3,8
1173,6,11
1174,2,7
1175,5,10
1176,5,10
1177,2,7
1178,6,11
1179,1,6
1180,5,10
1181,3,8
1182,4,9
1183,3,8
1184,1,6
1185,5,10
1186,1,6
1187,4,9
1188,5,10
1189,1,6
1190,1,6
1191,2,7
1192,3,8
1193,3,8
1194,1,6
1195,4,9
1196,2,7
1197,6,11
1198,4,9
1199,6,11
1200,6,11
1201,4,9
1202,2,7
1203,5,10
1204,4,9
1205,4,9
1206,6,11
1207,3,8
1208,1,6
1209,2,7
1210,6,11
*BREAK*
*CHUNK,GROUP:B
1211,5,10
1212,3,8
1213,5,10
1214,4,9
1215,5,10
1216,3,8
1217,1,6
1218,3,8
1219,1,6
1220,5,10
1221,6,11
1222,5,10
1223,6,11
1224,4,9
1225,3,8
1226,3,8
1227,2,7
1228,1,6
1229,3,8
1230,6,11
1231,1,6
1232,2,7
1233,4,9
1234,1,6
1235,1,6
1236,5,10
1237,2,7
1238,1,6
1239,6,11
1240,4,9
1241,6,11
1242,4,9
1243,4,9
1244,2,7
1245,6,11
1246,6,11
1247,5,10
1248,3,8
1249,2,7
1250,4,9
1251,2,7
1252,2,7
*BREAK*
*CHUNK,GROUP:A
1253,1,0
1254,4,3
1255,6,5
1256,3,2
1257,6,5
1258,6,5
1259,3,2
1260,4,3
1261,1,0
1262,3,2
1263,2,1
1264,6,5
1265,5,4
1266,2,1
1267,5,4
1268,2,1
1269,4,3
1270,5,4
1271,2,1
1272,6,5
1273,4,3
1274,3,2
1275,3,2
1276,2,1
1277,5,4
1278,3,2
1279,6,5
1280,2,1
1281,1,0
1282,2,1
1283,4,3
1284,3,2
1285,5,4
1286,1,0
1287,1,0
1288,1,0
1289,5,4
1290,4,3
1291,6,5
1292,5,4
1293,1,0
1294,4,3
*BREAK*
*CHUNK,GROUP:A
1295,1,0
1296,1,0
1297,6,5
1298,2,1
1299,5,4
1300,6,5
1301,6,5
1302,5,4
1303,5,4
1304,1,0
1305,2,1
1306,4,3
1307,1,0
1308,3,2
1309,5,4
1310,3,2
1311,6,5
1312,2,1
1313,4,3
1314,6,5
1315,2,1
1316,1,0
1317,5,4
1318,3,2
1319,4,3
1320,3,2
1321,2,1
1322,3,2
1323,5,4
1324,3,2
1325,1,0
1326,3,2
1327,4,3
1328,6,5
1329,1,0
1330,2,1
1331,4,3
1332,2,1
1333,5,4
1334,4,3
1335,6,5
1336,4,3
*BREAK*
*CHUNK,GROUP:B
1337,5,10
1338,4,9
1339,6,11
1340,2,7
1341,2,7
1342,2,7
1343,1,6
1344,5,10
1345,2,7
1346,6,11
1347,3,8
1348,4,9
1349,1,6
1350,1,6
1351,5,10
1352,1,6
1353,6,11
1354,5,10
1355,4,9
1356,6,11
1357,4,9
1358,1,6
1359,4,9
1360,5,10
1361,3,8
1362,6,11
1363,2,7
1364,3,8
1365,3,8
1366,1,6
1367,4,9
1368,3,8
1369,3,8
1370,2,7
1371,6,11
1372,4,9
1373,5,10
1374,3,8
1375,1,6
1376,2,7
1377,5,10
1378,6,11
*BREAK*
*CHUNK,GROUP:B
1379,3,8
1380,4,9
1381,5,10
1382,4,9
1383,2,7
1384,4,9
1385,2,7
1386,1,6
1387,5,10
1388,3,8
1389,5,10
1390,5,10
1391,5,10
1392,1,6
1393,2,7
1394,6,11
1395,2,7
1396,1,6
1397,4,9
1398,3,8
1399,4,9
1400,1,6
1401,4,9
1402,3,8
1403,6,11
1404,3,8
1405,1,6
1406,1,6
1407,3,8
1408,4,9
1409,5,10
1410,6,11
1411,6,11
1412,1,6
1413,3,8
1414,6,11
1415,5,10
1416,2,7
1417,2,7
1418,2,7
1419,6,11
1420,6,11
*BREAK*
*CHUNK,GROUP:A
1421,1,0
1422,1,0
1423,4,3
1424,3,2
1425,2,1
1426,6,5
1427,5,4
1428,5,4
1429,3,2
1430,6,5
1431,6,5
1432,5,4
1433,5,4
1434,3,2
1435,2,1
1436,1,0
1437,1,0
1438,4,3
1439,4,3
1440,2,1
1441,4,3
1442,5,4
1443,6,5
1444,5,4
1445,2,1
1446,6,5
1447,6,5
1448,3,2
1449,3,2
1450,2,1
1451,5,4
1452,6,5
1453,1,0
1454,4,3
1455,2,1
1456,4,3
1457,1,0
1458,3,2
1459,4,3
1460,2,1
1461,1,0
1462,3,2
*BREAK*
*CHUNK,GROUP:A
1463,3,2
1464,2,1
1465,6,5
1466,3,2
1467,4,3
1468,3,2
1469,4,3
1470,6,5
1471,3,2
1472,5,4
1473,2,1
1474,6,5
1475,4,3
1476,6,5
1477,2,1
1478,6,5
1479,5,4
1480,3,2
1481,4,3
1482,6,5
1483,2,1
1484,1,0
1485,3,2
1486,2,1
1487,5,4
1488,5,4
1489,1,0
1490,4,3
1491,2,1
1492,5,4
1493,5,4
1494,1,0
1495,5,4
1496,1,0
1497,4,3
1498,1,0
1499,3,2
1500,1,0
1501,2,1
1502,6,5
1503,1,0
1504,4,3
*BREAK*
*CHUNK,GROUP:B
1505,4,9
1506,4,9
1507,6,11
1508,6,11
1509,3,8
1510,6,11
1511,2,7
1512,6,11
1513,3,8
1514,3,8
1515,5,10
1516,5,10
1517,2,7
1518,1,6
1519,2,7
1520,5,10
1521,3,8
1522,2,7
1523,3,8
1524,4,9
1525,1,6
1526,4,9
1527,1,6
1528,5,10
1529,4,9
1530,4,9
1531,2,7
1532,2,7
1533,1,6
1534,1,6
1535,3,8
1536,6,11
1537,5,10
1538,4,9
1539,5,10
1540,6,11
1541,3,8
1542,1,6
1543,5,10
1544,2,7
1545,1,6
1546,6,11
*BREAK*
*CHUNK,GROUP:B
1547,3,8
1548,3,8
1549,2,7
1550,6,11
1551,3,8
1552,2,7
1553,1,6
1554,2,7
1555,2,7
1556,6,11
1557,2,7
1558,3,8
1559,6,11
1560,4,9
1561,2,7
1562,3,8
1563,4,9
1564,1,6
1565,1,6
1566,1,6
1567,6,11
1568,5,10
1569,4,9
1570,5,10
1571,4,9
1572,4,9
1573,6,11
1574,3,8
1575,1,6
1576,3,8
1577,4,9
1578,5,10
1579,5,10
1580,6,11
1581,5,10
1582,5,10
1583,1,6
1584,2,7
1585,1,6
1586,6,11
1587,5,10
1588,4,9
*BREAK*
*CHUNK,GROUP:A
1589,1,0
1590,3,2
1591,6,5
1592,2,1
1593,3,2
1594,5,4
1595,2,1
1596,3,2
1597,3,2
1598,6,5
1599,1,0
1600,1,0
1601,4,3
1602,3,2
1603,1,0
1604,4,3
1605,5,4
1606,5,4
1607,6,5
1608,5,4
1609,6,5
1610,2,1
1611,5,4
1612,6,5
1613,3,2
1614,6,5
1615,4,3
1616,2,1
1617,5,4
1618,2,1
1619,4,3
1620,1,0
1621,4,3
1622,1,0
1623,1,0
1624,5,4
1625,2,1
1626,6,5
1627,3,2
1628,2,1
1629,4,3
1630,4,3
*BREAK*
*CHUNK,GROUP:A
1631,6,5
1632,3,2
1633,4,3
1634,2,1
1635,3,2
1636,5,4
1637,5,4
1638,1,0
1639,4,3
1640,5,4
1641,3,2
1642,1,0
1643,2,1
1644,3,2
1645,6,5
1646,4,3
1647,6,5
1648,3,2
1649,3,2
1650,2,1
1651,5,4
1652,1,0
1653,4,3
1654,1,0
1655,1,0
1656,3,2
1657,2,1
1658,4,3
1659,6,5
1660,5,4
1661,5,4
1662,1,0
1663,4,3
1664,6,5
1665,5,4
1666,2,1
1667,6,5
1668,2,1
1669,2,1
1670,1,0
1671,6,5
1672,4,3
*BREAK*
*CHUNK,GROUP:B
1673,6,11
1674,5,10
1675,6,11
1676,4,9
1677,4,9
1678,6,11
1679,4,9
1680,1,6
1681,4,9
1682,3,8
1683,2,7
1684,2,7
1685,2,7
1686,3,8
1687,6,11
1688,6,11
1689,5,10
1690,1,6
1691,5,10
1692,3,8
1693,1,6
1694,5,10
1695,3,8
1696,3,8
1697,3,8
1698,3,8
1699,4,9
1700,5,10
1701,1,6
1702,5,10
1703,2,7
1704,4,9
1705,2,7
1706,6,11
1707,1,6
1708,2,7
1709,4,9
1710,2,7
1711,1,6
1712,5,10
1713,6,11
1714,1,6
*BREAK*
*CHUNK,GROUP:B
1715,4,9
1716,2,7
1717,3,8
1718,6,11
1719,2,7
1720,3,8
1721,1,6
1722,5,10
1723,5,10
1724,3,8
1725,4,9
1726,2,7
1727,5,10
1728,3,8
1729,2,7
1730,5,10
1731,4,9
1732,1,6
1733,1,6
1734,6,11
1735,2,7
1736,3,8
1737,5,10
1738,6,11
1739,1,6
1740,6,11
1741,4,9
1742,4,9
1743,6,11
1744,1,6
1745,1,6
1746,4,9
1747,2,7
1748,1,6
1749,6,11
1750,5,10
1751,3,8
1752,6,11
1753,5,10
1754,2,7
1755,3,8
1756,4,9
